[2025-02-14T23:19:56.605+0000] {processor.py:156} INFO - Started process (PID=414) to work on /opt/airflow/dags/weather_dag.py
[2025-02-14T23:19:56.607+0000] {processor.py:799} INFO - Processing file /opt/airflow/dags/weather_dag.py for tasks to queue
[2025-02-14T23:19:56.609+0000] {logging_mixin.py:149} INFO - [2025-02-14T23:19:56.608+0000] {dagbag.py:541} INFO - Filling up the DagBag from /opt/airflow/dags/weather_dag.py
[2025-02-14T23:19:57.197+0000] {processor.py:809} INFO - DAG(s) dict_keys(['weather_data_ETL']) retrieved from /opt/airflow/dags/weather_dag.py
[2025-02-14T23:19:57.283+0000] {logging_mixin.py:149} INFO - [2025-02-14T23:19:57.283+0000] {dag.py:2726} INFO - Sync 1 DAGs
[2025-02-14T23:19:57.321+0000] {logging_mixin.py:149} INFO - [2025-02-14T23:19:57.320+0000] {dag.py:3486} INFO - Setting next_dagrun for weather_data_ETL to 2025-02-14T00:00:00+00:00, run_after=2025-02-15T00:00:00+00:00
[2025-02-14T23:19:57.358+0000] {processor.py:178} INFO - Processing /opt/airflow/dags/weather_dag.py took 0.757 seconds
[2025-02-14T23:20:27.655+0000] {processor.py:156} INFO - Started process (PID=419) to work on /opt/airflow/dags/weather_dag.py
[2025-02-14T23:20:27.657+0000] {processor.py:799} INFO - Processing file /opt/airflow/dags/weather_dag.py for tasks to queue
[2025-02-14T23:20:27.659+0000] {logging_mixin.py:149} INFO - [2025-02-14T23:20:27.658+0000] {dagbag.py:541} INFO - Filling up the DagBag from /opt/airflow/dags/weather_dag.py
[2025-02-14T23:20:28.239+0000] {processor.py:809} INFO - DAG(s) dict_keys(['weather_data_ETL']) retrieved from /opt/airflow/dags/weather_dag.py
[2025-02-14T23:20:28.276+0000] {logging_mixin.py:149} INFO - [2025-02-14T23:20:28.276+0000] {dag.py:2726} INFO - Sync 1 DAGs
[2025-02-14T23:20:28.317+0000] {logging_mixin.py:149} INFO - [2025-02-14T23:20:28.316+0000] {dag.py:3486} INFO - Setting next_dagrun for weather_data_ETL to 2025-02-14T00:00:00+00:00, run_after=2025-02-15T00:00:00+00:00
[2025-02-14T23:20:28.346+0000] {processor.py:178} INFO - Processing /opt/airflow/dags/weather_dag.py took 0.695 seconds
[2025-02-14T23:20:58.605+0000] {processor.py:156} INFO - Started process (PID=424) to work on /opt/airflow/dags/weather_dag.py
[2025-02-14T23:20:58.607+0000] {processor.py:799} INFO - Processing file /opt/airflow/dags/weather_dag.py for tasks to queue
[2025-02-14T23:20:58.608+0000] {logging_mixin.py:149} INFO - [2025-02-14T23:20:58.608+0000] {dagbag.py:541} INFO - Filling up the DagBag from /opt/airflow/dags/weather_dag.py
[2025-02-14T23:20:59.216+0000] {processor.py:809} INFO - DAG(s) dict_keys(['weather_data_ETL']) retrieved from /opt/airflow/dags/weather_dag.py
[2025-02-14T23:20:59.255+0000] {logging_mixin.py:149} INFO - [2025-02-14T23:20:59.255+0000] {dag.py:2726} INFO - Sync 1 DAGs
[2025-02-14T23:20:59.297+0000] {logging_mixin.py:149} INFO - [2025-02-14T23:20:59.297+0000] {dag.py:3486} INFO - Setting next_dagrun for weather_data_ETL to 2025-02-14T00:00:00+00:00, run_after=2025-02-15T00:00:00+00:00
[2025-02-14T23:20:59.330+0000] {processor.py:178} INFO - Processing /opt/airflow/dags/weather_dag.py took 0.730 seconds
[2025-02-14T23:21:29.880+0000] {processor.py:156} INFO - Started process (PID=429) to work on /opt/airflow/dags/weather_dag.py
[2025-02-14T23:21:29.883+0000] {processor.py:799} INFO - Processing file /opt/airflow/dags/weather_dag.py for tasks to queue
[2025-02-14T23:21:29.885+0000] {logging_mixin.py:149} INFO - [2025-02-14T23:21:29.884+0000] {dagbag.py:541} INFO - Filling up the DagBag from /opt/airflow/dags/weather_dag.py
[2025-02-14T23:21:30.567+0000] {processor.py:809} INFO - DAG(s) dict_keys(['weather_data_ETL']) retrieved from /opt/airflow/dags/weather_dag.py
[2025-02-14T23:21:30.622+0000] {logging_mixin.py:149} INFO - [2025-02-14T23:21:30.620+0000] {dag.py:2726} INFO - Sync 1 DAGs
[2025-02-14T23:21:30.673+0000] {logging_mixin.py:149} INFO - [2025-02-14T23:21:30.673+0000] {dag.py:3486} INFO - Setting next_dagrun for weather_data_ETL to 2025-02-14T00:00:00+00:00, run_after=2025-02-15T00:00:00+00:00
[2025-02-14T23:21:30.712+0000] {processor.py:178} INFO - Processing /opt/airflow/dags/weather_dag.py took 0.838 seconds
[2025-02-14T23:22:00.995+0000] {processor.py:156} INFO - Started process (PID=434) to work on /opt/airflow/dags/weather_dag.py
[2025-02-14T23:22:00.997+0000] {processor.py:799} INFO - Processing file /opt/airflow/dags/weather_dag.py for tasks to queue
[2025-02-14T23:22:00.998+0000] {logging_mixin.py:149} INFO - [2025-02-14T23:22:00.998+0000] {dagbag.py:541} INFO - Filling up the DagBag from /opt/airflow/dags/weather_dag.py
[2025-02-14T23:22:01.588+0000] {processor.py:809} INFO - DAG(s) dict_keys(['weather_data_ETL']) retrieved from /opt/airflow/dags/weather_dag.py
[2025-02-14T23:22:01.627+0000] {logging_mixin.py:149} INFO - [2025-02-14T23:22:01.627+0000] {dag.py:2726} INFO - Sync 1 DAGs
[2025-02-14T23:22:01.669+0000] {logging_mixin.py:149} INFO - [2025-02-14T23:22:01.669+0000] {dag.py:3486} INFO - Setting next_dagrun for weather_data_ETL to 2025-02-14T00:00:00+00:00, run_after=2025-02-15T00:00:00+00:00
[2025-02-14T23:22:01.697+0000] {processor.py:178} INFO - Processing /opt/airflow/dags/weather_dag.py took 0.707 seconds
[2025-02-14T23:22:32.002+0000] {processor.py:156} INFO - Started process (PID=439) to work on /opt/airflow/dags/weather_dag.py
[2025-02-14T23:22:32.005+0000] {processor.py:799} INFO - Processing file /opt/airflow/dags/weather_dag.py for tasks to queue
[2025-02-14T23:22:32.008+0000] {logging_mixin.py:149} INFO - [2025-02-14T23:22:32.008+0000] {dagbag.py:541} INFO - Filling up the DagBag from /opt/airflow/dags/weather_dag.py
[2025-02-14T23:22:32.850+0000] {processor.py:809} INFO - DAG(s) dict_keys(['weather_data_ETL']) retrieved from /opt/airflow/dags/weather_dag.py
[2025-02-14T23:22:32.892+0000] {logging_mixin.py:149} INFO - [2025-02-14T23:22:32.891+0000] {dag.py:2726} INFO - Sync 1 DAGs
[2025-02-14T23:22:32.931+0000] {logging_mixin.py:149} INFO - [2025-02-14T23:22:32.931+0000] {dag.py:3486} INFO - Setting next_dagrun for weather_data_ETL to 2025-02-14T00:00:00+00:00, run_after=2025-02-15T00:00:00+00:00
[2025-02-14T23:22:32.965+0000] {processor.py:178} INFO - Processing /opt/airflow/dags/weather_dag.py took 0.968 seconds
[2025-02-14T23:23:03.230+0000] {processor.py:156} INFO - Started process (PID=444) to work on /opt/airflow/dags/weather_dag.py
[2025-02-14T23:23:03.232+0000] {processor.py:799} INFO - Processing file /opt/airflow/dags/weather_dag.py for tasks to queue
[2025-02-14T23:23:03.234+0000] {logging_mixin.py:149} INFO - [2025-02-14T23:23:03.234+0000] {dagbag.py:541} INFO - Filling up the DagBag from /opt/airflow/dags/weather_dag.py
[2025-02-14T23:23:03.894+0000] {processor.py:809} INFO - DAG(s) dict_keys(['weather_data_ETL']) retrieved from /opt/airflow/dags/weather_dag.py
[2025-02-14T23:23:03.933+0000] {logging_mixin.py:149} INFO - [2025-02-14T23:23:03.933+0000] {dag.py:2726} INFO - Sync 1 DAGs
[2025-02-14T23:23:03.974+0000] {logging_mixin.py:149} INFO - [2025-02-14T23:23:03.974+0000] {dag.py:3486} INFO - Setting next_dagrun for weather_data_ETL to 2025-02-14T00:00:00+00:00, run_after=2025-02-15T00:00:00+00:00
[2025-02-14T23:23:04.011+0000] {processor.py:178} INFO - Processing /opt/airflow/dags/weather_dag.py took 0.787 seconds
[2025-02-14T23:23:34.317+0000] {processor.py:156} INFO - Started process (PID=449) to work on /opt/airflow/dags/weather_dag.py
[2025-02-14T23:23:34.319+0000] {processor.py:799} INFO - Processing file /opt/airflow/dags/weather_dag.py for tasks to queue
[2025-02-14T23:23:34.321+0000] {logging_mixin.py:149} INFO - [2025-02-14T23:23:34.320+0000] {dagbag.py:541} INFO - Filling up the DagBag from /opt/airflow/dags/weather_dag.py
[2025-02-14T23:23:34.920+0000] {processor.py:809} INFO - DAG(s) dict_keys(['weather_data_ETL']) retrieved from /opt/airflow/dags/weather_dag.py
[2025-02-14T23:23:34.968+0000] {logging_mixin.py:149} INFO - [2025-02-14T23:23:34.967+0000] {dag.py:2726} INFO - Sync 1 DAGs
[2025-02-14T23:23:35.011+0000] {logging_mixin.py:149} INFO - [2025-02-14T23:23:35.011+0000] {dag.py:3486} INFO - Setting next_dagrun for weather_data_ETL to 2025-02-14T00:00:00+00:00, run_after=2025-02-15T00:00:00+00:00
[2025-02-14T23:23:35.042+0000] {processor.py:178} INFO - Processing /opt/airflow/dags/weather_dag.py took 0.731 seconds
[2025-02-14T23:24:05.090+0000] {processor.py:156} INFO - Started process (PID=454) to work on /opt/airflow/dags/weather_dag.py
[2025-02-14T23:24:05.093+0000] {processor.py:799} INFO - Processing file /opt/airflow/dags/weather_dag.py for tasks to queue
[2025-02-14T23:24:05.095+0000] {logging_mixin.py:149} INFO - [2025-02-14T23:24:05.095+0000] {dagbag.py:541} INFO - Filling up the DagBag from /opt/airflow/dags/weather_dag.py
[2025-02-14T23:24:05.695+0000] {processor.py:809} INFO - DAG(s) dict_keys(['weather_data_ETL']) retrieved from /opt/airflow/dags/weather_dag.py
[2025-02-14T23:24:05.734+0000] {logging_mixin.py:149} INFO - [2025-02-14T23:24:05.733+0000] {dag.py:2726} INFO - Sync 1 DAGs
[2025-02-14T23:24:05.773+0000] {logging_mixin.py:149} INFO - [2025-02-14T23:24:05.773+0000] {dag.py:3486} INFO - Setting next_dagrun for weather_data_ETL to 2025-02-14T00:00:00+00:00, run_after=2025-02-15T00:00:00+00:00
[2025-02-14T23:24:05.801+0000] {processor.py:178} INFO - Processing /opt/airflow/dags/weather_dag.py took 0.718 seconds
[2025-02-14T23:24:36.101+0000] {processor.py:156} INFO - Started process (PID=459) to work on /opt/airflow/dags/weather_dag.py
[2025-02-14T23:24:36.103+0000] {processor.py:799} INFO - Processing file /opt/airflow/dags/weather_dag.py for tasks to queue
[2025-02-14T23:24:36.105+0000] {logging_mixin.py:149} INFO - [2025-02-14T23:24:36.105+0000] {dagbag.py:541} INFO - Filling up the DagBag from /opt/airflow/dags/weather_dag.py
[2025-02-14T23:24:36.706+0000] {processor.py:809} INFO - DAG(s) dict_keys(['weather_data_ETL']) retrieved from /opt/airflow/dags/weather_dag.py
[2025-02-14T23:24:36.750+0000] {logging_mixin.py:149} INFO - [2025-02-14T23:24:36.749+0000] {dag.py:2726} INFO - Sync 1 DAGs
[2025-02-14T23:24:36.792+0000] {logging_mixin.py:149} INFO - [2025-02-14T23:24:36.792+0000] {dag.py:3486} INFO - Setting next_dagrun for weather_data_ETL to 2025-02-14T00:00:00+00:00, run_after=2025-02-15T00:00:00+00:00
[2025-02-14T23:24:36.829+0000] {processor.py:178} INFO - Processing /opt/airflow/dags/weather_dag.py took 0.733 seconds
[2025-02-14T23:25:07.093+0000] {processor.py:156} INFO - Started process (PID=464) to work on /opt/airflow/dags/weather_dag.py
[2025-02-14T23:25:07.095+0000] {processor.py:799} INFO - Processing file /opt/airflow/dags/weather_dag.py for tasks to queue
[2025-02-14T23:25:07.096+0000] {logging_mixin.py:149} INFO - [2025-02-14T23:25:07.096+0000] {dagbag.py:541} INFO - Filling up the DagBag from /opt/airflow/dags/weather_dag.py
[2025-02-14T23:25:07.723+0000] {processor.py:809} INFO - DAG(s) dict_keys(['weather_data_ETL']) retrieved from /opt/airflow/dags/weather_dag.py
[2025-02-14T23:25:07.766+0000] {logging_mixin.py:149} INFO - [2025-02-14T23:25:07.765+0000] {dag.py:2726} INFO - Sync 1 DAGs
[2025-02-14T23:25:07.806+0000] {logging_mixin.py:149} INFO - [2025-02-14T23:25:07.806+0000] {dag.py:3486} INFO - Setting next_dagrun for weather_data_ETL to 2025-02-14T00:00:00+00:00, run_after=2025-02-15T00:00:00+00:00
[2025-02-14T23:25:07.838+0000] {processor.py:178} INFO - Processing /opt/airflow/dags/weather_dag.py took 0.750 seconds
[2025-02-14T23:25:38.018+0000] {processor.py:156} INFO - Started process (PID=469) to work on /opt/airflow/dags/weather_dag.py
[2025-02-14T23:25:38.021+0000] {processor.py:799} INFO - Processing file /opt/airflow/dags/weather_dag.py for tasks to queue
[2025-02-14T23:25:38.022+0000] {logging_mixin.py:149} INFO - [2025-02-14T23:25:38.022+0000] {dagbag.py:541} INFO - Filling up the DagBag from /opt/airflow/dags/weather_dag.py
[2025-02-14T23:25:38.630+0000] {processor.py:809} INFO - DAG(s) dict_keys(['weather_data_ETL']) retrieved from /opt/airflow/dags/weather_dag.py
[2025-02-14T23:25:38.673+0000] {logging_mixin.py:149} INFO - [2025-02-14T23:25:38.672+0000] {dag.py:2726} INFO - Sync 1 DAGs
[2025-02-14T23:25:38.712+0000] {logging_mixin.py:149} INFO - [2025-02-14T23:25:38.712+0000] {dag.py:3486} INFO - Setting next_dagrun for weather_data_ETL to 2025-02-14T00:00:00+00:00, run_after=2025-02-15T00:00:00+00:00
[2025-02-14T23:25:38.741+0000] {processor.py:178} INFO - Processing /opt/airflow/dags/weather_dag.py took 0.728 seconds
[2025-02-14T23:26:09.005+0000] {processor.py:156} INFO - Started process (PID=474) to work on /opt/airflow/dags/weather_dag.py
[2025-02-14T23:26:09.007+0000] {processor.py:799} INFO - Processing file /opt/airflow/dags/weather_dag.py for tasks to queue
[2025-02-14T23:26:09.009+0000] {logging_mixin.py:149} INFO - [2025-02-14T23:26:09.009+0000] {dagbag.py:541} INFO - Filling up the DagBag from /opt/airflow/dags/weather_dag.py
[2025-02-14T23:26:09.711+0000] {processor.py:809} INFO - DAG(s) dict_keys(['weather_data_ETL']) retrieved from /opt/airflow/dags/weather_dag.py
[2025-02-14T23:26:09.750+0000] {logging_mixin.py:149} INFO - [2025-02-14T23:26:09.749+0000] {dag.py:2726} INFO - Sync 1 DAGs
[2025-02-14T23:26:09.794+0000] {logging_mixin.py:149} INFO - [2025-02-14T23:26:09.794+0000] {dag.py:3486} INFO - Setting next_dagrun for weather_data_ETL to 2025-02-14T00:00:00+00:00, run_after=2025-02-15T00:00:00+00:00
[2025-02-14T23:26:09.825+0000] {processor.py:178} INFO - Processing /opt/airflow/dags/weather_dag.py took 0.847 seconds
[2025-02-14T23:26:40.090+0000] {processor.py:156} INFO - Started process (PID=479) to work on /opt/airflow/dags/weather_dag.py
[2025-02-14T23:26:40.092+0000] {processor.py:799} INFO - Processing file /opt/airflow/dags/weather_dag.py for tasks to queue
[2025-02-14T23:26:40.094+0000] {logging_mixin.py:149} INFO - [2025-02-14T23:26:40.094+0000] {dagbag.py:541} INFO - Filling up the DagBag from /opt/airflow/dags/weather_dag.py
[2025-02-14T23:26:40.734+0000] {processor.py:809} INFO - DAG(s) dict_keys(['weather_data_ETL']) retrieved from /opt/airflow/dags/weather_dag.py
[2025-02-14T23:26:40.785+0000] {logging_mixin.py:149} INFO - [2025-02-14T23:26:40.784+0000] {dag.py:2726} INFO - Sync 1 DAGs
[2025-02-14T23:26:40.830+0000] {logging_mixin.py:149} INFO - [2025-02-14T23:26:40.829+0000] {dag.py:3486} INFO - Setting next_dagrun for weather_data_ETL to 2025-02-14T00:00:00+00:00, run_after=2025-02-15T00:00:00+00:00
[2025-02-14T23:26:40.859+0000] {processor.py:178} INFO - Processing /opt/airflow/dags/weather_dag.py took 0.773 seconds
[2025-02-14T23:27:11.130+0000] {processor.py:156} INFO - Started process (PID=484) to work on /opt/airflow/dags/weather_dag.py
[2025-02-14T23:27:11.132+0000] {processor.py:799} INFO - Processing file /opt/airflow/dags/weather_dag.py for tasks to queue
[2025-02-14T23:27:11.133+0000] {logging_mixin.py:149} INFO - [2025-02-14T23:27:11.133+0000] {dagbag.py:541} INFO - Filling up the DagBag from /opt/airflow/dags/weather_dag.py
[2025-02-14T23:27:11.784+0000] {processor.py:809} INFO - DAG(s) dict_keys(['weather_data_ETL']) retrieved from /opt/airflow/dags/weather_dag.py
[2025-02-14T23:27:11.845+0000] {logging_mixin.py:149} INFO - [2025-02-14T23:27:11.845+0000] {dag.py:2726} INFO - Sync 1 DAGs
[2025-02-14T23:27:11.891+0000] {logging_mixin.py:149} INFO - [2025-02-14T23:27:11.891+0000] {dag.py:3486} INFO - Setting next_dagrun for weather_data_ETL to 2025-02-14T00:00:00+00:00, run_after=2025-02-15T00:00:00+00:00
[2025-02-14T23:27:11.920+0000] {processor.py:178} INFO - Processing /opt/airflow/dags/weather_dag.py took 0.795 seconds
[2025-02-14T23:27:42.179+0000] {processor.py:156} INFO - Started process (PID=489) to work on /opt/airflow/dags/weather_dag.py
[2025-02-14T23:27:42.182+0000] {processor.py:799} INFO - Processing file /opt/airflow/dags/weather_dag.py for tasks to queue
[2025-02-14T23:27:42.185+0000] {logging_mixin.py:149} INFO - [2025-02-14T23:27:42.184+0000] {dagbag.py:541} INFO - Filling up the DagBag from /opt/airflow/dags/weather_dag.py
[2025-02-14T23:27:42.855+0000] {processor.py:809} INFO - DAG(s) dict_keys(['weather_data_ETL']) retrieved from /opt/airflow/dags/weather_dag.py
[2025-02-14T23:27:42.907+0000] {logging_mixin.py:149} INFO - [2025-02-14T23:27:42.905+0000] {dag.py:2726} INFO - Sync 1 DAGs
[2025-02-14T23:27:42.952+0000] {logging_mixin.py:149} INFO - [2025-02-14T23:27:42.952+0000] {dag.py:3486} INFO - Setting next_dagrun for weather_data_ETL to 2025-02-14T00:00:00+00:00, run_after=2025-02-15T00:00:00+00:00
[2025-02-14T23:27:42.984+0000] {processor.py:178} INFO - Processing /opt/airflow/dags/weather_dag.py took 0.814 seconds
[2025-02-14T23:28:13.091+0000] {processor.py:156} INFO - Started process (PID=494) to work on /opt/airflow/dags/weather_dag.py
[2025-02-14T23:28:13.093+0000] {processor.py:799} INFO - Processing file /opt/airflow/dags/weather_dag.py for tasks to queue
[2025-02-14T23:28:13.094+0000] {logging_mixin.py:149} INFO - [2025-02-14T23:28:13.094+0000] {dagbag.py:541} INFO - Filling up the DagBag from /opt/airflow/dags/weather_dag.py
[2025-02-14T23:28:13.694+0000] {processor.py:809} INFO - DAG(s) dict_keys(['weather_data_ETL']) retrieved from /opt/airflow/dags/weather_dag.py
[2025-02-14T23:28:13.733+0000] {logging_mixin.py:149} INFO - [2025-02-14T23:28:13.732+0000] {dag.py:2726} INFO - Sync 1 DAGs
[2025-02-14T23:28:13.774+0000] {logging_mixin.py:149} INFO - [2025-02-14T23:28:13.774+0000] {dag.py:3486} INFO - Setting next_dagrun for weather_data_ETL to 2025-02-14T00:00:00+00:00, run_after=2025-02-15T00:00:00+00:00
[2025-02-14T23:28:13.804+0000] {processor.py:178} INFO - Processing /opt/airflow/dags/weather_dag.py took 0.717 seconds
[2025-02-14T23:28:44.107+0000] {processor.py:156} INFO - Started process (PID=499) to work on /opt/airflow/dags/weather_dag.py
[2025-02-14T23:28:44.109+0000] {processor.py:799} INFO - Processing file /opt/airflow/dags/weather_dag.py for tasks to queue
[2025-02-14T23:28:44.110+0000] {logging_mixin.py:149} INFO - [2025-02-14T23:28:44.110+0000] {dagbag.py:541} INFO - Filling up the DagBag from /opt/airflow/dags/weather_dag.py
[2025-02-14T23:28:44.760+0000] {processor.py:809} INFO - DAG(s) dict_keys(['weather_data_ETL']) retrieved from /opt/airflow/dags/weather_dag.py
[2025-02-14T23:28:44.802+0000] {logging_mixin.py:149} INFO - [2025-02-14T23:28:44.801+0000] {dag.py:2726} INFO - Sync 1 DAGs
[2025-02-14T23:28:44.848+0000] {logging_mixin.py:149} INFO - [2025-02-14T23:28:44.848+0000] {dag.py:3486} INFO - Setting next_dagrun for weather_data_ETL to 2025-02-14T00:00:00+00:00, run_after=2025-02-15T00:00:00+00:00
[2025-02-14T23:28:44.878+0000] {processor.py:178} INFO - Processing /opt/airflow/dags/weather_dag.py took 0.776 seconds
[2025-02-14T23:29:15.118+0000] {processor.py:156} INFO - Started process (PID=504) to work on /opt/airflow/dags/weather_dag.py
[2025-02-14T23:29:15.121+0000] {processor.py:799} INFO - Processing file /opt/airflow/dags/weather_dag.py for tasks to queue
[2025-02-14T23:29:15.122+0000] {logging_mixin.py:149} INFO - [2025-02-14T23:29:15.122+0000] {dagbag.py:541} INFO - Filling up the DagBag from /opt/airflow/dags/weather_dag.py
[2025-02-14T23:29:15.850+0000] {processor.py:809} INFO - DAG(s) dict_keys(['weather_data_ETL']) retrieved from /opt/airflow/dags/weather_dag.py
[2025-02-14T23:29:15.893+0000] {logging_mixin.py:149} INFO - [2025-02-14T23:29:15.892+0000] {dag.py:2726} INFO - Sync 1 DAGs
[2025-02-14T23:29:15.939+0000] {logging_mixin.py:149} INFO - [2025-02-14T23:29:15.938+0000] {dag.py:3486} INFO - Setting next_dagrun for weather_data_ETL to 2025-02-14T00:00:00+00:00, run_after=2025-02-15T00:00:00+00:00
[2025-02-14T23:29:15.969+0000] {processor.py:178} INFO - Processing /opt/airflow/dags/weather_dag.py took 0.856 seconds
[2025-02-14T23:29:46.225+0000] {processor.py:156} INFO - Started process (PID=509) to work on /opt/airflow/dags/weather_dag.py
[2025-02-14T23:29:46.228+0000] {processor.py:799} INFO - Processing file /opt/airflow/dags/weather_dag.py for tasks to queue
[2025-02-14T23:29:46.229+0000] {logging_mixin.py:149} INFO - [2025-02-14T23:29:46.229+0000] {dagbag.py:541} INFO - Filling up the DagBag from /opt/airflow/dags/weather_dag.py
[2025-02-14T23:29:46.862+0000] {processor.py:809} INFO - DAG(s) dict_keys(['weather_data_ETL']) retrieved from /opt/airflow/dags/weather_dag.py
[2025-02-14T23:29:46.902+0000] {logging_mixin.py:149} INFO - [2025-02-14T23:29:46.902+0000] {dag.py:2726} INFO - Sync 1 DAGs
[2025-02-14T23:29:46.945+0000] {logging_mixin.py:149} INFO - [2025-02-14T23:29:46.945+0000] {dag.py:3486} INFO - Setting next_dagrun for weather_data_ETL to 2025-02-14T00:00:00+00:00, run_after=2025-02-15T00:00:00+00:00
[2025-02-14T23:29:46.976+0000] {processor.py:178} INFO - Processing /opt/airflow/dags/weather_dag.py took 0.755 seconds
[2025-02-14T23:30:17.160+0000] {processor.py:156} INFO - Started process (PID=514) to work on /opt/airflow/dags/weather_dag.py
[2025-02-14T23:30:17.162+0000] {processor.py:799} INFO - Processing file /opt/airflow/dags/weather_dag.py for tasks to queue
[2025-02-14T23:30:17.163+0000] {logging_mixin.py:149} INFO - [2025-02-14T23:30:17.163+0000] {dagbag.py:541} INFO - Filling up the DagBag from /opt/airflow/dags/weather_dag.py
[2025-02-14T23:30:17.810+0000] {processor.py:809} INFO - DAG(s) dict_keys(['weather_data_ETL']) retrieved from /opt/airflow/dags/weather_dag.py
[2025-02-14T23:30:17.848+0000] {logging_mixin.py:149} INFO - [2025-02-14T23:30:17.847+0000] {dag.py:2726} INFO - Sync 1 DAGs
[2025-02-14T23:30:17.891+0000] {logging_mixin.py:149} INFO - [2025-02-14T23:30:17.891+0000] {dag.py:3486} INFO - Setting next_dagrun for weather_data_ETL to 2025-02-14T00:00:00+00:00, run_after=2025-02-15T00:00:00+00:00
[2025-02-14T23:30:17.919+0000] {processor.py:178} INFO - Processing /opt/airflow/dags/weather_dag.py took 0.763 seconds
[2025-02-14T23:30:48.204+0000] {processor.py:156} INFO - Started process (PID=519) to work on /opt/airflow/dags/weather_dag.py
[2025-02-14T23:30:48.206+0000] {processor.py:799} INFO - Processing file /opt/airflow/dags/weather_dag.py for tasks to queue
[2025-02-14T23:30:48.207+0000] {logging_mixin.py:149} INFO - [2025-02-14T23:30:48.207+0000] {dagbag.py:541} INFO - Filling up the DagBag from /opt/airflow/dags/weather_dag.py
[2025-02-14T23:30:48.842+0000] {processor.py:809} INFO - DAG(s) dict_keys(['weather_data_ETL']) retrieved from /opt/airflow/dags/weather_dag.py
[2025-02-14T23:30:48.882+0000] {logging_mixin.py:149} INFO - [2025-02-14T23:30:48.882+0000] {dag.py:2726} INFO - Sync 1 DAGs
[2025-02-14T23:30:48.925+0000] {logging_mixin.py:149} INFO - [2025-02-14T23:30:48.925+0000] {dag.py:3486} INFO - Setting next_dagrun for weather_data_ETL to 2025-02-14T00:00:00+00:00, run_after=2025-02-15T00:00:00+00:00
[2025-02-14T23:30:48.954+0000] {processor.py:178} INFO - Processing /opt/airflow/dags/weather_dag.py took 0.755 seconds
[2025-02-14T23:31:19.193+0000] {processor.py:156} INFO - Started process (PID=524) to work on /opt/airflow/dags/weather_dag.py
[2025-02-14T23:31:19.195+0000] {processor.py:799} INFO - Processing file /opt/airflow/dags/weather_dag.py for tasks to queue
[2025-02-14T23:31:19.197+0000] {logging_mixin.py:149} INFO - [2025-02-14T23:31:19.196+0000] {dagbag.py:541} INFO - Filling up the DagBag from /opt/airflow/dags/weather_dag.py
[2025-02-14T23:31:19.852+0000] {processor.py:809} INFO - DAG(s) dict_keys(['weather_data_ETL']) retrieved from /opt/airflow/dags/weather_dag.py
[2025-02-14T23:31:19.894+0000] {logging_mixin.py:149} INFO - [2025-02-14T23:31:19.894+0000] {dag.py:2726} INFO - Sync 1 DAGs
[2025-02-14T23:31:19.939+0000] {logging_mixin.py:149} INFO - [2025-02-14T23:31:19.938+0000] {dag.py:3486} INFO - Setting next_dagrun for weather_data_ETL to 2025-02-14T00:00:00+00:00, run_after=2025-02-15T00:00:00+00:00
[2025-02-14T23:31:19.972+0000] {processor.py:178} INFO - Processing /opt/airflow/dags/weather_dag.py took 0.785 seconds
[2025-02-14T23:31:50.216+0000] {processor.py:156} INFO - Started process (PID=529) to work on /opt/airflow/dags/weather_dag.py
[2025-02-14T23:31:50.219+0000] {processor.py:799} INFO - Processing file /opt/airflow/dags/weather_dag.py for tasks to queue
[2025-02-14T23:31:50.220+0000] {logging_mixin.py:149} INFO - [2025-02-14T23:31:50.220+0000] {dagbag.py:541} INFO - Filling up the DagBag from /opt/airflow/dags/weather_dag.py
[2025-02-14T23:31:50.877+0000] {processor.py:809} INFO - DAG(s) dict_keys(['weather_data_ETL']) retrieved from /opt/airflow/dags/weather_dag.py
[2025-02-14T23:31:50.919+0000] {logging_mixin.py:149} INFO - [2025-02-14T23:31:50.918+0000] {dag.py:2726} INFO - Sync 1 DAGs
[2025-02-14T23:31:50.959+0000] {logging_mixin.py:149} INFO - [2025-02-14T23:31:50.959+0000] {dag.py:3486} INFO - Setting next_dagrun for weather_data_ETL to 2025-02-14T00:00:00+00:00, run_after=2025-02-15T00:00:00+00:00
[2025-02-14T23:31:51.007+0000] {processor.py:178} INFO - Processing /opt/airflow/dags/weather_dag.py took 0.795 seconds
[2025-02-14T23:32:21.208+0000] {processor.py:156} INFO - Started process (PID=534) to work on /opt/airflow/dags/weather_dag.py
[2025-02-14T23:32:21.210+0000] {processor.py:799} INFO - Processing file /opt/airflow/dags/weather_dag.py for tasks to queue
[2025-02-14T23:32:21.213+0000] {logging_mixin.py:149} INFO - [2025-02-14T23:32:21.213+0000] {dagbag.py:541} INFO - Filling up the DagBag from /opt/airflow/dags/weather_dag.py
[2025-02-14T23:32:21.937+0000] {processor.py:809} INFO - DAG(s) dict_keys(['weather_data_ETL']) retrieved from /opt/airflow/dags/weather_dag.py
[2025-02-14T23:32:21.982+0000] {logging_mixin.py:149} INFO - [2025-02-14T23:32:21.981+0000] {dag.py:2726} INFO - Sync 1 DAGs
[2025-02-14T23:32:22.028+0000] {logging_mixin.py:149} INFO - [2025-02-14T23:32:22.028+0000] {dag.py:3486} INFO - Setting next_dagrun for weather_data_ETL to 2025-02-14T00:00:00+00:00, run_after=2025-02-15T00:00:00+00:00
[2025-02-14T23:32:22.054+0000] {processor.py:178} INFO - Processing /opt/airflow/dags/weather_dag.py took 0.852 seconds
[2025-02-14T23:32:52.336+0000] {processor.py:156} INFO - Started process (PID=539) to work on /opt/airflow/dags/weather_dag.py
[2025-02-14T23:32:52.337+0000] {processor.py:799} INFO - Processing file /opt/airflow/dags/weather_dag.py for tasks to queue
[2025-02-14T23:32:52.339+0000] {logging_mixin.py:149} INFO - [2025-02-14T23:32:52.339+0000] {dagbag.py:541} INFO - Filling up the DagBag from /opt/airflow/dags/weather_dag.py
[2025-02-14T23:32:52.983+0000] {processor.py:809} INFO - DAG(s) dict_keys(['weather_data_ETL']) retrieved from /opt/airflow/dags/weather_dag.py
[2025-02-14T23:32:53.025+0000] {logging_mixin.py:149} INFO - [2025-02-14T23:32:53.024+0000] {dag.py:2726} INFO - Sync 1 DAGs
[2025-02-14T23:32:53.071+0000] {logging_mixin.py:149} INFO - [2025-02-14T23:32:53.071+0000] {dag.py:3486} INFO - Setting next_dagrun for weather_data_ETL to 2025-02-14T00:00:00+00:00, run_after=2025-02-15T00:00:00+00:00
[2025-02-14T23:32:53.106+0000] {processor.py:178} INFO - Processing /opt/airflow/dags/weather_dag.py took 0.776 seconds
[2025-02-14T23:33:23.428+0000] {processor.py:156} INFO - Started process (PID=544) to work on /opt/airflow/dags/weather_dag.py
[2025-02-14T23:33:23.431+0000] {processor.py:799} INFO - Processing file /opt/airflow/dags/weather_dag.py for tasks to queue
[2025-02-14T23:33:23.433+0000] {logging_mixin.py:149} INFO - [2025-02-14T23:33:23.432+0000] {dagbag.py:541} INFO - Filling up the DagBag from /opt/airflow/dags/weather_dag.py
[2025-02-14T23:33:24.078+0000] {processor.py:809} INFO - DAG(s) dict_keys(['weather_data_ETL']) retrieved from /opt/airflow/dags/weather_dag.py
[2025-02-14T23:33:24.123+0000] {logging_mixin.py:149} INFO - [2025-02-14T23:33:24.121+0000] {dag.py:2726} INFO - Sync 1 DAGs
[2025-02-14T23:33:24.163+0000] {logging_mixin.py:149} INFO - [2025-02-14T23:33:24.163+0000] {dag.py:3486} INFO - Setting next_dagrun for weather_data_ETL to 2025-02-14T00:00:00+00:00, run_after=2025-02-15T00:00:00+00:00
[2025-02-14T23:33:24.195+0000] {processor.py:178} INFO - Processing /opt/airflow/dags/weather_dag.py took 0.772 seconds
[2025-02-14T23:33:33.818+0000] {processor.py:156} INFO - Started process (PID=549) to work on /opt/airflow/dags/weather_dag.py
[2025-02-14T23:33:33.821+0000] {processor.py:799} INFO - Processing file /opt/airflow/dags/weather_dag.py for tasks to queue
[2025-02-14T23:33:33.823+0000] {logging_mixin.py:149} INFO - [2025-02-14T23:33:33.823+0000] {dagbag.py:541} INFO - Filling up the DagBag from /opt/airflow/dags/weather_dag.py
[2025-02-14T23:33:33.831+0000] {logging_mixin.py:149} INFO - [2025-02-14T23:33:33.830+0000] {dagbag.py:350} ERROR - Failed to import: /opt/airflow/dags/weather_dag.py
Traceback (most recent call last):
  File "/home/airflow/.local/lib/python3.9/site-packages/airflow/models/dagbag.py", line 346, in parse
    loader.exec_module(new_module)
  File "<frozen importlib._bootstrap_external>", line 846, in exec_module
  File "<frozen importlib._bootstrap_external>", line 983, in get_code
  File "<frozen importlib._bootstrap_external>", line 913, in source_to_code
  File "<frozen importlib._bootstrap>", line 228, in _call_with_frames_removed
  File "/opt/airflow/dags/weather_dag.py", line 6
    from transform_weather
                          ^
SyntaxError: invalid syntax
[2025-02-14T23:33:33.832+0000] {processor.py:811} WARNING - No viable dags retrieved from /opt/airflow/dags/weather_dag.py
[2025-02-14T23:33:33.869+0000] {processor.py:178} INFO - Processing /opt/airflow/dags/weather_dag.py took 0.056 seconds
[2025-02-14T23:33:37.849+0000] {processor.py:156} INFO - Started process (PID=550) to work on /opt/airflow/dags/weather_dag.py
[2025-02-14T23:33:37.850+0000] {processor.py:799} INFO - Processing file /opt/airflow/dags/weather_dag.py for tasks to queue
[2025-02-14T23:33:37.851+0000] {logging_mixin.py:149} INFO - [2025-02-14T23:33:37.851+0000] {dagbag.py:541} INFO - Filling up the DagBag from /opt/airflow/dags/weather_dag.py
[2025-02-14T23:33:38.469+0000] {logging_mixin.py:149} INFO - [2025-02-14T23:33:38.466+0000] {dagbag.py:350} ERROR - Failed to import: /opt/airflow/dags/weather_dag.py
Traceback (most recent call last):
  File "/home/airflow/.local/lib/python3.9/site-packages/airflow/models/dagbag.py", line 346, in parse
    loader.exec_module(new_module)
  File "<frozen importlib._bootstrap_external>", line 850, in exec_module
  File "<frozen importlib._bootstrap>", line 228, in _call_with_frames_removed
  File "/opt/airflow/dags/weather_dag.py", line 6, in <module>
    from transform_weather import transform
ImportError: cannot import name 'transform' from 'transform_weather' (/opt/airflow/dags/transform_weather.py)
[2025-02-14T23:33:38.470+0000] {processor.py:811} WARNING - No viable dags retrieved from /opt/airflow/dags/weather_dag.py
[2025-02-14T23:33:38.503+0000] {processor.py:178} INFO - Processing /opt/airflow/dags/weather_dag.py took 0.659 seconds
[2025-02-14T23:33:39.936+0000] {processor.py:156} INFO - Started process (PID=555) to work on /opt/airflow/dags/weather_dag.py
[2025-02-14T23:33:39.938+0000] {processor.py:799} INFO - Processing file /opt/airflow/dags/weather_dag.py for tasks to queue
[2025-02-14T23:33:39.939+0000] {logging_mixin.py:149} INFO - [2025-02-14T23:33:39.939+0000] {dagbag.py:541} INFO - Filling up the DagBag from /opt/airflow/dags/weather_dag.py
[2025-02-14T23:33:40.574+0000] {processor.py:809} INFO - DAG(s) dict_keys(['weather_data_ETL']) retrieved from /opt/airflow/dags/weather_dag.py
[2025-02-14T23:33:40.621+0000] {logging_mixin.py:149} INFO - [2025-02-14T23:33:40.620+0000] {dag.py:2726} INFO - Sync 1 DAGs
[2025-02-14T23:33:40.660+0000] {logging_mixin.py:149} INFO - [2025-02-14T23:33:40.660+0000] {dag.py:3486} INFO - Setting next_dagrun for weather_data_ETL to 2025-02-14T00:00:00+00:00, run_after=2025-02-15T00:00:00+00:00
[2025-02-14T23:33:40.690+0000] {processor.py:178} INFO - Processing /opt/airflow/dags/weather_dag.py took 0.761 seconds
[2025-02-14T23:34:10.863+0000] {processor.py:156} INFO - Started process (PID=560) to work on /opt/airflow/dags/weather_dag.py
[2025-02-14T23:34:10.866+0000] {processor.py:799} INFO - Processing file /opt/airflow/dags/weather_dag.py for tasks to queue
[2025-02-14T23:34:10.867+0000] {logging_mixin.py:149} INFO - [2025-02-14T23:34:10.867+0000] {dagbag.py:541} INFO - Filling up the DagBag from /opt/airflow/dags/weather_dag.py
[2025-02-14T23:34:11.527+0000] {processor.py:809} INFO - DAG(s) dict_keys(['weather_data_ETL']) retrieved from /opt/airflow/dags/weather_dag.py
[2025-02-14T23:34:11.572+0000] {logging_mixin.py:149} INFO - [2025-02-14T23:34:11.571+0000] {dag.py:2726} INFO - Sync 1 DAGs
[2025-02-14T23:34:11.617+0000] {logging_mixin.py:149} INFO - [2025-02-14T23:34:11.617+0000] {dag.py:3486} INFO - Setting next_dagrun for weather_data_ETL to 2025-02-14T00:00:00+00:00, run_after=2025-02-15T00:00:00+00:00
[2025-02-14T23:34:11.646+0000] {processor.py:178} INFO - Processing /opt/airflow/dags/weather_dag.py took 0.788 seconds
[2025-02-14T23:34:41.937+0000] {processor.py:156} INFO - Started process (PID=565) to work on /opt/airflow/dags/weather_dag.py
[2025-02-14T23:34:41.940+0000] {processor.py:799} INFO - Processing file /opt/airflow/dags/weather_dag.py for tasks to queue
[2025-02-14T23:34:41.941+0000] {logging_mixin.py:149} INFO - [2025-02-14T23:34:41.941+0000] {dagbag.py:541} INFO - Filling up the DagBag from /opt/airflow/dags/weather_dag.py
[2025-02-14T23:34:42.592+0000] {processor.py:809} INFO - DAG(s) dict_keys(['weather_data_ETL']) retrieved from /opt/airflow/dags/weather_dag.py
[2025-02-14T23:34:42.631+0000] {logging_mixin.py:149} INFO - [2025-02-14T23:34:42.631+0000] {dag.py:2726} INFO - Sync 1 DAGs
[2025-02-14T23:34:42.669+0000] {logging_mixin.py:149} INFO - [2025-02-14T23:34:42.669+0000] {dag.py:3486} INFO - Setting next_dagrun for weather_data_ETL to 2025-02-14T00:00:00+00:00, run_after=2025-02-15T00:00:00+00:00
[2025-02-14T23:34:42.699+0000] {processor.py:178} INFO - Processing /opt/airflow/dags/weather_dag.py took 0.766 seconds
[2025-02-14T23:35:13.061+0000] {processor.py:156} INFO - Started process (PID=570) to work on /opt/airflow/dags/weather_dag.py
[2025-02-14T23:35:13.064+0000] {processor.py:799} INFO - Processing file /opt/airflow/dags/weather_dag.py for tasks to queue
[2025-02-14T23:35:13.065+0000] {logging_mixin.py:149} INFO - [2025-02-14T23:35:13.065+0000] {dagbag.py:541} INFO - Filling up the DagBag from /opt/airflow/dags/weather_dag.py
[2025-02-14T23:35:13.814+0000] {processor.py:809} INFO - DAG(s) dict_keys(['weather_data_ETL']) retrieved from /opt/airflow/dags/weather_dag.py
[2025-02-14T23:35:13.855+0000] {logging_mixin.py:149} INFO - [2025-02-14T23:35:13.855+0000] {dag.py:2726} INFO - Sync 1 DAGs
[2025-02-14T23:35:13.895+0000] {logging_mixin.py:149} INFO - [2025-02-14T23:35:13.895+0000] {dag.py:3486} INFO - Setting next_dagrun for weather_data_ETL to 2025-02-14T00:00:00+00:00, run_after=2025-02-15T00:00:00+00:00
[2025-02-14T23:35:13.926+0000] {processor.py:178} INFO - Processing /opt/airflow/dags/weather_dag.py took 0.870 seconds
[2025-02-14T23:35:44.207+0000] {processor.py:156} INFO - Started process (PID=575) to work on /opt/airflow/dags/weather_dag.py
[2025-02-14T23:35:44.209+0000] {processor.py:799} INFO - Processing file /opt/airflow/dags/weather_dag.py for tasks to queue
[2025-02-14T23:35:44.210+0000] {logging_mixin.py:149} INFO - [2025-02-14T23:35:44.210+0000] {dagbag.py:541} INFO - Filling up the DagBag from /opt/airflow/dags/weather_dag.py
[2025-02-14T23:35:44.879+0000] {processor.py:809} INFO - DAG(s) dict_keys(['weather_data_ETL']) retrieved from /opt/airflow/dags/weather_dag.py
[2025-02-14T23:35:44.922+0000] {logging_mixin.py:149} INFO - [2025-02-14T23:35:44.921+0000] {dag.py:2726} INFO - Sync 1 DAGs
[2025-02-14T23:35:44.966+0000] {logging_mixin.py:149} INFO - [2025-02-14T23:35:44.966+0000] {dag.py:3486} INFO - Setting next_dagrun for weather_data_ETL to 2025-02-14T00:00:00+00:00, run_after=2025-02-15T00:00:00+00:00
[2025-02-14T23:35:44.997+0000] {processor.py:178} INFO - Processing /opt/airflow/dags/weather_dag.py took 0.796 seconds
[2025-02-14T23:36:15.468+0000] {processor.py:156} INFO - Started process (PID=580) to work on /opt/airflow/dags/weather_dag.py
[2025-02-14T23:36:15.471+0000] {processor.py:799} INFO - Processing file /opt/airflow/dags/weather_dag.py for tasks to queue
[2025-02-14T23:36:15.472+0000] {logging_mixin.py:149} INFO - [2025-02-14T23:36:15.472+0000] {dagbag.py:541} INFO - Filling up the DagBag from /opt/airflow/dags/weather_dag.py
[2025-02-14T23:36:16.102+0000] {processor.py:809} INFO - DAG(s) dict_keys(['weather_data_ETL']) retrieved from /opt/airflow/dags/weather_dag.py
[2025-02-14T23:36:16.142+0000] {logging_mixin.py:149} INFO - [2025-02-14T23:36:16.140+0000] {dag.py:2726} INFO - Sync 1 DAGs
[2025-02-14T23:36:16.186+0000] {logging_mixin.py:149} INFO - [2025-02-14T23:36:16.185+0000] {dag.py:3486} INFO - Setting next_dagrun for weather_data_ETL to 2025-02-14T00:00:00+00:00, run_after=2025-02-15T00:00:00+00:00
[2025-02-14T23:36:16.224+0000] {processor.py:178} INFO - Processing /opt/airflow/dags/weather_dag.py took 0.761 seconds
[2025-02-14T23:36:22.976+0000] {processor.py:156} INFO - Started process (PID=585) to work on /opt/airflow/dags/weather_dag.py
[2025-02-14T23:36:22.978+0000] {processor.py:799} INFO - Processing file /opt/airflow/dags/weather_dag.py for tasks to queue
[2025-02-14T23:36:22.979+0000] {logging_mixin.py:149} INFO - [2025-02-14T23:36:22.979+0000] {dagbag.py:541} INFO - Filling up the DagBag from /opt/airflow/dags/weather_dag.py
[2025-02-14T23:36:23.662+0000] {processor.py:809} INFO - DAG(s) dict_keys(['weather_data_ETL']) retrieved from /opt/airflow/dags/weather_dag.py
[2025-02-14T23:36:23.752+0000] {logging_mixin.py:149} INFO - [2025-02-14T23:36:23.751+0000] {dag.py:2726} INFO - Sync 1 DAGs
[2025-02-14T23:36:23.791+0000] {logging_mixin.py:149} INFO - [2025-02-14T23:36:23.791+0000] {dag.py:3486} INFO - Setting next_dagrun for weather_data_ETL to 2025-02-14T00:00:00+00:00, run_after=2025-02-15T00:00:00+00:00
[2025-02-14T23:36:23.836+0000] {processor.py:178} INFO - Processing /opt/airflow/dags/weather_dag.py took 0.865 seconds
[2025-02-14T23:36:24.335+0000] {processor.py:156} INFO - Started process (PID=590) to work on /opt/airflow/dags/weather_dag.py
[2025-02-14T23:36:24.337+0000] {processor.py:799} INFO - Processing file /opt/airflow/dags/weather_dag.py for tasks to queue
[2025-02-14T23:36:24.339+0000] {logging_mixin.py:149} INFO - [2025-02-14T23:36:24.339+0000] {dagbag.py:541} INFO - Filling up the DagBag from /opt/airflow/dags/weather_dag.py
[2025-02-14T23:36:25.044+0000] {processor.py:809} INFO - DAG(s) dict_keys(['weather_data_ETL']) retrieved from /opt/airflow/dags/weather_dag.py
[2025-02-14T23:36:25.067+0000] {logging_mixin.py:149} INFO - [2025-02-14T23:36:25.066+0000] {dag.py:2726} INFO - Sync 1 DAGs
[2025-02-14T23:36:25.109+0000] {logging_mixin.py:149} INFO - [2025-02-14T23:36:25.109+0000] {dag.py:3486} INFO - Setting next_dagrun for weather_data_ETL to 2025-02-14T00:00:00+00:00, run_after=2025-02-15T00:00:00+00:00
[2025-02-14T23:36:25.146+0000] {processor.py:178} INFO - Processing /opt/airflow/dags/weather_dag.py took 0.816 seconds
[2025-02-14T23:36:27.214+0000] {processor.py:156} INFO - Started process (PID=595) to work on /opt/airflow/dags/weather_dag.py
[2025-02-14T23:36:27.215+0000] {processor.py:799} INFO - Processing file /opt/airflow/dags/weather_dag.py for tasks to queue
[2025-02-14T23:36:27.217+0000] {logging_mixin.py:149} INFO - [2025-02-14T23:36:27.217+0000] {dagbag.py:541} INFO - Filling up the DagBag from /opt/airflow/dags/weather_dag.py
[2025-02-14T23:36:27.875+0000] {processor.py:809} INFO - DAG(s) dict_keys(['weather_data_ETL']) retrieved from /opt/airflow/dags/weather_dag.py
[2025-02-14T23:36:27.898+0000] {logging_mixin.py:149} INFO - [2025-02-14T23:36:27.898+0000] {dag.py:2726} INFO - Sync 1 DAGs
[2025-02-14T23:36:27.937+0000] {logging_mixin.py:149} INFO - [2025-02-14T23:36:27.937+0000] {dag.py:3486} INFO - Setting next_dagrun for weather_data_ETL to 2025-02-14T00:00:00+00:00, run_after=2025-02-15T00:00:00+00:00
[2025-02-14T23:36:27.968+0000] {processor.py:178} INFO - Processing /opt/airflow/dags/weather_dag.py took 0.758 seconds
[2025-02-14T23:36:31.971+0000] {processor.py:156} INFO - Started process (PID=600) to work on /opt/airflow/dags/weather_dag.py
[2025-02-14T23:36:31.972+0000] {processor.py:799} INFO - Processing file /opt/airflow/dags/weather_dag.py for tasks to queue
[2025-02-14T23:36:31.974+0000] {logging_mixin.py:149} INFO - [2025-02-14T23:36:31.974+0000] {dagbag.py:541} INFO - Filling up the DagBag from /opt/airflow/dags/weather_dag.py
[2025-02-14T23:36:32.617+0000] {logging_mixin.py:149} INFO - [2025-02-14T23:36:32.615+0000] {dagbag.py:350} ERROR - Failed to import: /opt/airflow/dags/weather_dag.py
Traceback (most recent call last):
  File "/home/airflow/.local/lib/python3.9/site-packages/airflow/models/dagbag.py", line 346, in parse
    loader.exec_module(new_module)
  File "<frozen importlib._bootstrap_external>", line 850, in exec_module
  File "<frozen importlib._bootstrap>", line 228, in _call_with_frames_removed
  File "/opt/airflow/dags/weather_dag.py", line 34, in <module>
    load_location_map >> load_weather_data >> transform_weather_data
NameError: name 'transform_weather_data' is not defined
[2025-02-14T23:36:32.619+0000] {processor.py:811} WARNING - No viable dags retrieved from /opt/airflow/dags/weather_dag.py
[2025-02-14T23:36:32.653+0000] {processor.py:178} INFO - Processing /opt/airflow/dags/weather_dag.py took 0.686 seconds
[2025-02-14T23:36:34.733+0000] {processor.py:156} INFO - Started process (PID=605) to work on /opt/airflow/dags/weather_dag.py
[2025-02-14T23:36:34.735+0000] {processor.py:799} INFO - Processing file /opt/airflow/dags/weather_dag.py for tasks to queue
[2025-02-14T23:36:34.738+0000] {logging_mixin.py:149} INFO - [2025-02-14T23:36:34.737+0000] {dagbag.py:541} INFO - Filling up the DagBag from /opt/airflow/dags/weather_dag.py
[2025-02-14T23:36:35.388+0000] {logging_mixin.py:149} INFO - [2025-02-14T23:36:35.385+0000] {dagbag.py:350} ERROR - Failed to import: /opt/airflow/dags/weather_dag.py
Traceback (most recent call last):
  File "/home/airflow/.local/lib/python3.9/site-packages/airflow/models/dagbag.py", line 346, in parse
    loader.exec_module(new_module)
  File "<frozen importlib._bootstrap_external>", line 850, in exec_module
  File "<frozen importlib._bootstrap>", line 228, in _call_with_frames_removed
  File "/opt/airflow/dags/weather_dag.py", line 34, in <module>
    load_location_map >> load_weather_data >> transform_weather_data
NameError: name 'transform_weather_data' is not defined
[2025-02-14T23:36:35.390+0000] {processor.py:811} WARNING - No viable dags retrieved from /opt/airflow/dags/weather_dag.py
[2025-02-14T23:36:35.428+0000] {processor.py:178} INFO - Processing /opt/airflow/dags/weather_dag.py took 0.700 seconds
[2025-02-14T23:36:43.123+0000] {processor.py:156} INFO - Started process (PID=610) to work on /opt/airflow/dags/weather_dag.py
[2025-02-14T23:36:43.125+0000] {processor.py:799} INFO - Processing file /opt/airflow/dags/weather_dag.py for tasks to queue
[2025-02-14T23:36:43.127+0000] {logging_mixin.py:149} INFO - [2025-02-14T23:36:43.127+0000] {dagbag.py:541} INFO - Filling up the DagBag from /opt/airflow/dags/weather_dag.py
[2025-02-14T23:36:43.801+0000] {logging_mixin.py:149} INFO - [2025-02-14T23:36:43.798+0000] {dagbag.py:350} ERROR - Failed to import: /opt/airflow/dags/weather_dag.py
Traceback (most recent call last):
  File "/home/airflow/.local/lib/python3.9/site-packages/airflow/models/dagbag.py", line 346, in parse
    loader.exec_module(new_module)
  File "<frozen importlib._bootstrap_external>", line 850, in exec_module
  File "<frozen importlib._bootstrap>", line 228, in _call_with_frames_removed
  File "/opt/airflow/dags/weather_dag.py", line 34, in <module>
    load_location_map >> load_weather_data >> transform_weather_data
NameError: name 'transform_weather_data' is not defined
[2025-02-14T23:36:43.802+0000] {processor.py:811} WARNING - No viable dags retrieved from /opt/airflow/dags/weather_dag.py
[2025-02-14T23:36:43.832+0000] {processor.py:178} INFO - Processing /opt/airflow/dags/weather_dag.py took 0.713 seconds
[2025-02-14T23:36:55.970+0000] {processor.py:156} INFO - Started process (PID=615) to work on /opt/airflow/dags/weather_dag.py
[2025-02-14T23:36:55.972+0000] {processor.py:799} INFO - Processing file /opt/airflow/dags/weather_dag.py for tasks to queue
[2025-02-14T23:36:55.974+0000] {logging_mixin.py:149} INFO - [2025-02-14T23:36:55.974+0000] {dagbag.py:541} INFO - Filling up the DagBag from /opt/airflow/dags/weather_dag.py
[2025-02-14T23:36:56.751+0000] {processor.py:809} INFO - DAG(s) dict_keys(['weather_data_ETL']) retrieved from /opt/airflow/dags/weather_dag.py
[2025-02-14T23:36:56.839+0000] {logging_mixin.py:149} INFO - [2025-02-14T23:36:56.838+0000] {dag.py:2726} INFO - Sync 1 DAGs
[2025-02-14T23:36:56.881+0000] {logging_mixin.py:149} INFO - [2025-02-14T23:36:56.881+0000] {dag.py:3486} INFO - Setting next_dagrun for weather_data_ETL to 2025-02-14T00:00:00+00:00, run_after=2025-02-15T00:00:00+00:00
[2025-02-14T23:36:56.920+0000] {processor.py:178} INFO - Processing /opt/airflow/dags/weather_dag.py took 0.954 seconds
[2025-02-14T23:37:16.092+0000] {processor.py:156} INFO - Started process (PID=620) to work on /opt/airflow/dags/weather_dag.py
[2025-02-14T23:37:16.094+0000] {processor.py:799} INFO - Processing file /opt/airflow/dags/weather_dag.py for tasks to queue
[2025-02-14T23:37:16.095+0000] {logging_mixin.py:149} INFO - [2025-02-14T23:37:16.095+0000] {dagbag.py:541} INFO - Filling up the DagBag from /opt/airflow/dags/weather_dag.py
[2025-02-14T23:37:16.717+0000] {logging_mixin.py:149} INFO - [2025-02-14T23:37:16.712+0000] {dagbag.py:350} ERROR - Failed to import: /opt/airflow/dags/weather_dag.py
Traceback (most recent call last):
  File "/home/airflow/.local/lib/python3.9/site-packages/airflow/models/dagbag.py", line 346, in parse
    loader.exec_module(new_module)
  File "<frozen importlib._bootstrap_external>", line 850, in exec_module
  File "<frozen importlib._bootstrap>", line 228, in _call_with_frames_removed
  File "/opt/airflow/dags/weather_dag.py", line 34, in <module>
    load_location_map >> load_weather_data >> transform_current_weather
  File "/home/airflow/.local/lib/python3.9/site-packages/airflow/models/taskmixin.py", line 87, in __rshift__
    self.set_downstream(other)
  File "/home/airflow/.local/lib/python3.9/site-packages/airflow/models/taskmixin.py", line 236, in set_downstream
    self._set_relatives(task_or_task_list, upstream=False, edge_modifier=edge_modifier)
  File "/home/airflow/.local/lib/python3.9/site-packages/airflow/models/taskmixin.py", line 181, in _set_relatives
    task_object.update_relative(self, not upstream, edge_modifier=edge_modifier)
AttributeError: 'function' object has no attribute 'update_relative'
[2025-02-14T23:37:16.718+0000] {processor.py:811} WARNING - No viable dags retrieved from /opt/airflow/dags/weather_dag.py
[2025-02-14T23:37:16.750+0000] {processor.py:178} INFO - Processing /opt/airflow/dags/weather_dag.py took 0.662 seconds
[2025-02-14T23:37:20.823+0000] {processor.py:156} INFO - Started process (PID=625) to work on /opt/airflow/dags/weather_dag.py
[2025-02-14T23:37:20.824+0000] {processor.py:799} INFO - Processing file /opt/airflow/dags/weather_dag.py for tasks to queue
[2025-02-14T23:37:20.825+0000] {logging_mixin.py:149} INFO - [2025-02-14T23:37:20.825+0000] {dagbag.py:541} INFO - Filling up the DagBag from /opt/airflow/dags/weather_dag.py
[2025-02-14T23:37:21.497+0000] {processor.py:809} INFO - DAG(s) dict_keys(['weather_data_ETL']) retrieved from /opt/airflow/dags/weather_dag.py
[2025-02-14T23:37:21.523+0000] {logging_mixin.py:149} INFO - [2025-02-14T23:37:21.523+0000] {dag.py:2726} INFO - Sync 1 DAGs
[2025-02-14T23:37:21.564+0000] {logging_mixin.py:149} INFO - [2025-02-14T23:37:21.563+0000] {dag.py:3486} INFO - Setting next_dagrun for weather_data_ETL to 2025-02-14T00:00:00+00:00, run_after=2025-02-15T00:00:00+00:00
[2025-02-14T23:37:21.597+0000] {processor.py:178} INFO - Processing /opt/airflow/dags/weather_dag.py took 0.779 seconds
[2025-02-14T23:37:51.839+0000] {processor.py:156} INFO - Started process (PID=630) to work on /opt/airflow/dags/weather_dag.py
[2025-02-14T23:37:51.841+0000] {processor.py:799} INFO - Processing file /opt/airflow/dags/weather_dag.py for tasks to queue
[2025-02-14T23:37:51.842+0000] {logging_mixin.py:149} INFO - [2025-02-14T23:37:51.842+0000] {dagbag.py:541} INFO - Filling up the DagBag from /opt/airflow/dags/weather_dag.py
[2025-02-14T23:37:52.679+0000] {processor.py:809} INFO - DAG(s) dict_keys(['weather_data_ETL']) retrieved from /opt/airflow/dags/weather_dag.py
[2025-02-14T23:37:52.744+0000] {logging_mixin.py:149} INFO - [2025-02-14T23:37:52.743+0000] {dag.py:2726} INFO - Sync 1 DAGs
[2025-02-14T23:37:52.792+0000] {logging_mixin.py:149} INFO - [2025-02-14T23:37:52.791+0000] {dag.py:3486} INFO - Setting next_dagrun for weather_data_ETL to 2025-02-14T00:00:00+00:00, run_after=2025-02-15T00:00:00+00:00
[2025-02-14T23:37:52.820+0000] {processor.py:178} INFO - Processing /opt/airflow/dags/weather_dag.py took 0.986 seconds
[2025-02-14T23:38:23.061+0000] {processor.py:156} INFO - Started process (PID=647) to work on /opt/airflow/dags/weather_dag.py
[2025-02-14T23:38:23.064+0000] {processor.py:799} INFO - Processing file /opt/airflow/dags/weather_dag.py for tasks to queue
[2025-02-14T23:38:23.066+0000] {logging_mixin.py:149} INFO - [2025-02-14T23:38:23.066+0000] {dagbag.py:541} INFO - Filling up the DagBag from /opt/airflow/dags/weather_dag.py
[2025-02-14T23:38:23.984+0000] {processor.py:809} INFO - DAG(s) dict_keys(['weather_data_ETL']) retrieved from /opt/airflow/dags/weather_dag.py
[2025-02-14T23:38:24.041+0000] {logging_mixin.py:149} INFO - [2025-02-14T23:38:24.039+0000] {dag.py:2726} INFO - Sync 1 DAGs
[2025-02-14T23:38:24.097+0000] {logging_mixin.py:149} INFO - [2025-02-14T23:38:24.096+0000] {dag.py:3486} INFO - Setting next_dagrun for weather_data_ETL to 2025-02-14T00:00:00+00:00, run_after=2025-02-15T00:00:00+00:00
[2025-02-14T23:38:24.125+0000] {processor.py:178} INFO - Processing /opt/airflow/dags/weather_dag.py took 1.076 seconds
[2025-02-14T23:38:54.326+0000] {processor.py:156} INFO - Started process (PID=652) to work on /opt/airflow/dags/weather_dag.py
[2025-02-14T23:38:54.328+0000] {processor.py:799} INFO - Processing file /opt/airflow/dags/weather_dag.py for tasks to queue
[2025-02-14T23:38:54.330+0000] {logging_mixin.py:149} INFO - [2025-02-14T23:38:54.329+0000] {dagbag.py:541} INFO - Filling up the DagBag from /opt/airflow/dags/weather_dag.py
[2025-02-14T23:38:55.111+0000] {processor.py:809} INFO - DAG(s) dict_keys(['weather_data_ETL']) retrieved from /opt/airflow/dags/weather_dag.py
[2025-02-14T23:38:55.176+0000] {logging_mixin.py:149} INFO - [2025-02-14T23:38:55.175+0000] {dag.py:2726} INFO - Sync 1 DAGs
[2025-02-14T23:38:55.227+0000] {logging_mixin.py:149} INFO - [2025-02-14T23:38:55.227+0000] {dag.py:3486} INFO - Setting next_dagrun for weather_data_ETL to 2025-02-14T00:00:00+00:00, run_after=2025-02-15T00:00:00+00:00
[2025-02-14T23:38:55.262+0000] {processor.py:178} INFO - Processing /opt/airflow/dags/weather_dag.py took 0.940 seconds
[2025-02-14T23:39:25.506+0000] {processor.py:156} INFO - Started process (PID=657) to work on /opt/airflow/dags/weather_dag.py
[2025-02-14T23:39:25.508+0000] {processor.py:799} INFO - Processing file /opt/airflow/dags/weather_dag.py for tasks to queue
[2025-02-14T23:39:25.510+0000] {logging_mixin.py:149} INFO - [2025-02-14T23:39:25.509+0000] {dagbag.py:541} INFO - Filling up the DagBag from /opt/airflow/dags/weather_dag.py
[2025-02-14T23:39:26.144+0000] {processor.py:809} INFO - DAG(s) dict_keys(['weather_data_ETL']) retrieved from /opt/airflow/dags/weather_dag.py
[2025-02-14T23:39:26.186+0000] {logging_mixin.py:149} INFO - [2025-02-14T23:39:26.185+0000] {dag.py:2726} INFO - Sync 1 DAGs
[2025-02-14T23:39:26.232+0000] {logging_mixin.py:149} INFO - [2025-02-14T23:39:26.231+0000] {dag.py:3486} INFO - Setting next_dagrun for weather_data_ETL to 2025-02-14T00:00:00+00:00, run_after=2025-02-15T00:00:00+00:00
[2025-02-14T23:39:26.261+0000] {processor.py:178} INFO - Processing /opt/airflow/dags/weather_dag.py took 0.759 seconds
[2025-02-14T23:39:56.518+0000] {processor.py:156} INFO - Started process (PID=662) to work on /opt/airflow/dags/weather_dag.py
[2025-02-14T23:39:56.520+0000] {processor.py:799} INFO - Processing file /opt/airflow/dags/weather_dag.py for tasks to queue
[2025-02-14T23:39:56.522+0000] {logging_mixin.py:149} INFO - [2025-02-14T23:39:56.522+0000] {dagbag.py:541} INFO - Filling up the DagBag from /opt/airflow/dags/weather_dag.py
[2025-02-14T23:39:57.125+0000] {processor.py:809} INFO - DAG(s) dict_keys(['weather_data_ETL']) retrieved from /opt/airflow/dags/weather_dag.py
[2025-02-14T23:39:57.217+0000] {logging_mixin.py:149} INFO - [2025-02-14T23:39:57.217+0000] {dag.py:2726} INFO - Sync 1 DAGs
[2025-02-14T23:39:57.275+0000] {logging_mixin.py:149} INFO - [2025-02-14T23:39:57.275+0000] {dag.py:3486} INFO - Setting next_dagrun for weather_data_ETL to 2025-02-14T00:00:00+00:00, run_after=2025-02-15T00:00:00+00:00
[2025-02-14T23:39:57.314+0000] {processor.py:178} INFO - Processing /opt/airflow/dags/weather_dag.py took 0.801 seconds
[2025-02-14T23:40:27.680+0000] {processor.py:156} INFO - Started process (PID=667) to work on /opt/airflow/dags/weather_dag.py
[2025-02-14T23:40:27.682+0000] {processor.py:799} INFO - Processing file /opt/airflow/dags/weather_dag.py for tasks to queue
[2025-02-14T23:40:27.684+0000] {logging_mixin.py:149} INFO - [2025-02-14T23:40:27.684+0000] {dagbag.py:541} INFO - Filling up the DagBag from /opt/airflow/dags/weather_dag.py
[2025-02-14T23:40:28.344+0000] {processor.py:809} INFO - DAG(s) dict_keys(['weather_data_ETL']) retrieved from /opt/airflow/dags/weather_dag.py
[2025-02-14T23:40:28.384+0000] {logging_mixin.py:149} INFO - [2025-02-14T23:40:28.384+0000] {dag.py:2726} INFO - Sync 1 DAGs
[2025-02-14T23:40:28.425+0000] {logging_mixin.py:149} INFO - [2025-02-14T23:40:28.424+0000] {dag.py:3486} INFO - Setting next_dagrun for weather_data_ETL to 2025-02-14T00:00:00+00:00, run_after=2025-02-15T00:00:00+00:00
[2025-02-14T23:40:28.453+0000] {processor.py:178} INFO - Processing /opt/airflow/dags/weather_dag.py took 0.778 seconds
[2025-02-14T23:40:58.724+0000] {processor.py:156} INFO - Started process (PID=672) to work on /opt/airflow/dags/weather_dag.py
[2025-02-14T23:40:58.727+0000] {processor.py:799} INFO - Processing file /opt/airflow/dags/weather_dag.py for tasks to queue
[2025-02-14T23:40:58.731+0000] {logging_mixin.py:149} INFO - [2025-02-14T23:40:58.730+0000] {dagbag.py:541} INFO - Filling up the DagBag from /opt/airflow/dags/weather_dag.py
[2025-02-14T23:40:59.464+0000] {processor.py:809} INFO - DAG(s) dict_keys(['weather_data_ETL']) retrieved from /opt/airflow/dags/weather_dag.py
[2025-02-14T23:40:59.518+0000] {logging_mixin.py:149} INFO - [2025-02-14T23:40:59.514+0000] {dag.py:2726} INFO - Sync 1 DAGs
[2025-02-14T23:40:59.569+0000] {logging_mixin.py:149} INFO - [2025-02-14T23:40:59.569+0000] {dag.py:3486} INFO - Setting next_dagrun for weather_data_ETL to 2025-02-14T00:00:00+00:00, run_after=2025-02-15T00:00:00+00:00
[2025-02-14T23:40:59.600+0000] {processor.py:178} INFO - Processing /opt/airflow/dags/weather_dag.py took 0.883 seconds
[2025-02-14T23:41:29.859+0000] {processor.py:156} INFO - Started process (PID=683) to work on /opt/airflow/dags/weather_dag.py
[2025-02-14T23:41:29.862+0000] {processor.py:799} INFO - Processing file /opt/airflow/dags/weather_dag.py for tasks to queue
[2025-02-14T23:41:29.865+0000] {logging_mixin.py:149} INFO - [2025-02-14T23:41:29.864+0000] {dagbag.py:541} INFO - Filling up the DagBag from /opt/airflow/dags/weather_dag.py
[2025-02-14T23:41:30.535+0000] {processor.py:809} INFO - DAG(s) dict_keys(['weather_data_ETL']) retrieved from /opt/airflow/dags/weather_dag.py
[2025-02-14T23:41:30.576+0000] {logging_mixin.py:149} INFO - [2025-02-14T23:41:30.575+0000] {dag.py:2726} INFO - Sync 1 DAGs
[2025-02-14T23:41:30.614+0000] {logging_mixin.py:149} INFO - [2025-02-14T23:41:30.614+0000] {dag.py:3486} INFO - Setting next_dagrun for weather_data_ETL to 2025-02-14T00:00:00+00:00, run_after=2025-02-15T00:00:00+00:00
[2025-02-14T23:41:30.640+0000] {processor.py:178} INFO - Processing /opt/airflow/dags/weather_dag.py took 0.788 seconds
[2025-02-14T23:42:01.030+0000] {processor.py:156} INFO - Started process (PID=688) to work on /opt/airflow/dags/weather_dag.py
[2025-02-14T23:42:01.037+0000] {processor.py:799} INFO - Processing file /opt/airflow/dags/weather_dag.py for tasks to queue
[2025-02-14T23:42:01.040+0000] {logging_mixin.py:149} INFO - [2025-02-14T23:42:01.039+0000] {dagbag.py:541} INFO - Filling up the DagBag from /opt/airflow/dags/weather_dag.py
[2025-02-14T23:42:02.214+0000] {processor.py:809} INFO - DAG(s) dict_keys(['weather_data_ETL']) retrieved from /opt/airflow/dags/weather_dag.py
[2025-02-14T23:42:02.263+0000] {logging_mixin.py:149} INFO - [2025-02-14T23:42:02.262+0000] {dag.py:2726} INFO - Sync 1 DAGs
[2025-02-14T23:42:02.314+0000] {logging_mixin.py:149} INFO - [2025-02-14T23:42:02.314+0000] {dag.py:3486} INFO - Setting next_dagrun for weather_data_ETL to 2025-02-14T00:00:00+00:00, run_after=2025-02-15T00:00:00+00:00
[2025-02-14T23:42:02.347+0000] {processor.py:178} INFO - Processing /opt/airflow/dags/weather_dag.py took 1.325 seconds
[2025-02-14T23:42:32.616+0000] {processor.py:156} INFO - Started process (PID=693) to work on /opt/airflow/dags/weather_dag.py
[2025-02-14T23:42:32.630+0000] {processor.py:799} INFO - Processing file /opt/airflow/dags/weather_dag.py for tasks to queue
[2025-02-14T23:42:32.632+0000] {logging_mixin.py:149} INFO - [2025-02-14T23:42:32.632+0000] {dagbag.py:541} INFO - Filling up the DagBag from /opt/airflow/dags/weather_dag.py
[2025-02-14T23:42:33.262+0000] {processor.py:809} INFO - DAG(s) dict_keys(['weather_data_ETL']) retrieved from /opt/airflow/dags/weather_dag.py
[2025-02-14T23:42:33.307+0000] {logging_mixin.py:149} INFO - [2025-02-14T23:42:33.306+0000] {dag.py:2726} INFO - Sync 1 DAGs
[2025-02-14T23:42:33.362+0000] {logging_mixin.py:149} INFO - [2025-02-14T23:42:33.361+0000] {dag.py:3486} INFO - Setting next_dagrun for weather_data_ETL to 2025-02-14T00:00:00+00:00, run_after=2025-02-15T00:00:00+00:00
[2025-02-14T23:42:33.395+0000] {processor.py:178} INFO - Processing /opt/airflow/dags/weather_dag.py took 0.784 seconds
[2025-02-14T23:43:03.538+0000] {processor.py:156} INFO - Started process (PID=698) to work on /opt/airflow/dags/weather_dag.py
[2025-02-14T23:43:03.540+0000] {processor.py:799} INFO - Processing file /opt/airflow/dags/weather_dag.py for tasks to queue
[2025-02-14T23:43:03.541+0000] {logging_mixin.py:149} INFO - [2025-02-14T23:43:03.541+0000] {dagbag.py:541} INFO - Filling up the DagBag from /opt/airflow/dags/weather_dag.py
[2025-02-14T23:43:04.179+0000] {processor.py:809} INFO - DAG(s) dict_keys(['weather_data_ETL']) retrieved from /opt/airflow/dags/weather_dag.py
[2025-02-14T23:43:04.219+0000] {logging_mixin.py:149} INFO - [2025-02-14T23:43:04.219+0000] {dag.py:2726} INFO - Sync 1 DAGs
[2025-02-14T23:43:04.258+0000] {logging_mixin.py:149} INFO - [2025-02-14T23:43:04.258+0000] {dag.py:3486} INFO - Setting next_dagrun for weather_data_ETL to 2025-02-14T00:00:00+00:00, run_after=2025-02-15T00:00:00+00:00
[2025-02-14T23:43:04.285+0000] {processor.py:178} INFO - Processing /opt/airflow/dags/weather_dag.py took 0.752 seconds
[2025-02-14T23:43:34.534+0000] {processor.py:156} INFO - Started process (PID=703) to work on /opt/airflow/dags/weather_dag.py
[2025-02-14T23:43:34.536+0000] {processor.py:799} INFO - Processing file /opt/airflow/dags/weather_dag.py for tasks to queue
[2025-02-14T23:43:34.538+0000] {logging_mixin.py:149} INFO - [2025-02-14T23:43:34.538+0000] {dagbag.py:541} INFO - Filling up the DagBag from /opt/airflow/dags/weather_dag.py
[2025-02-14T23:43:35.131+0000] {processor.py:809} INFO - DAG(s) dict_keys(['weather_data_ETL']) retrieved from /opt/airflow/dags/weather_dag.py
[2025-02-14T23:43:35.170+0000] {logging_mixin.py:149} INFO - [2025-02-14T23:43:35.170+0000] {dag.py:2726} INFO - Sync 1 DAGs
[2025-02-14T23:43:35.210+0000] {logging_mixin.py:149} INFO - [2025-02-14T23:43:35.210+0000] {dag.py:3486} INFO - Setting next_dagrun for weather_data_ETL to 2025-02-14T00:00:00+00:00, run_after=2025-02-15T00:00:00+00:00
[2025-02-14T23:43:35.239+0000] {processor.py:178} INFO - Processing /opt/airflow/dags/weather_dag.py took 0.710 seconds
[2025-02-14T23:44:05.467+0000] {processor.py:156} INFO - Started process (PID=708) to work on /opt/airflow/dags/weather_dag.py
[2025-02-14T23:44:05.469+0000] {processor.py:799} INFO - Processing file /opt/airflow/dags/weather_dag.py for tasks to queue
[2025-02-14T23:44:05.471+0000] {logging_mixin.py:149} INFO - [2025-02-14T23:44:05.470+0000] {dagbag.py:541} INFO - Filling up the DagBag from /opt/airflow/dags/weather_dag.py
[2025-02-14T23:44:06.079+0000] {processor.py:809} INFO - DAG(s) dict_keys(['weather_data_ETL']) retrieved from /opt/airflow/dags/weather_dag.py
[2025-02-14T23:44:06.120+0000] {logging_mixin.py:149} INFO - [2025-02-14T23:44:06.119+0000] {dag.py:2726} INFO - Sync 1 DAGs
[2025-02-14T23:44:06.165+0000] {logging_mixin.py:149} INFO - [2025-02-14T23:44:06.165+0000] {dag.py:3486} INFO - Setting next_dagrun for weather_data_ETL to 2025-02-14T00:00:00+00:00, run_after=2025-02-15T00:00:00+00:00
[2025-02-14T23:44:06.192+0000] {processor.py:178} INFO - Processing /opt/airflow/dags/weather_dag.py took 0.730 seconds
[2025-02-14T23:44:36.359+0000] {processor.py:156} INFO - Started process (PID=713) to work on /opt/airflow/dags/weather_dag.py
[2025-02-14T23:44:36.361+0000] {processor.py:799} INFO - Processing file /opt/airflow/dags/weather_dag.py for tasks to queue
[2025-02-14T23:44:36.363+0000] {logging_mixin.py:149} INFO - [2025-02-14T23:44:36.362+0000] {dagbag.py:541} INFO - Filling up the DagBag from /opt/airflow/dags/weather_dag.py
[2025-02-14T23:44:36.972+0000] {processor.py:809} INFO - DAG(s) dict_keys(['weather_data_ETL']) retrieved from /opt/airflow/dags/weather_dag.py
[2025-02-14T23:44:37.011+0000] {logging_mixin.py:149} INFO - [2025-02-14T23:44:37.010+0000] {dag.py:2726} INFO - Sync 1 DAGs
[2025-02-14T23:44:37.053+0000] {logging_mixin.py:149} INFO - [2025-02-14T23:44:37.053+0000] {dag.py:3486} INFO - Setting next_dagrun for weather_data_ETL to 2025-02-14T00:00:00+00:00, run_after=2025-02-15T00:00:00+00:00
[2025-02-14T23:44:37.085+0000] {processor.py:178} INFO - Processing /opt/airflow/dags/weather_dag.py took 0.731 seconds
[2025-02-14T23:45:07.368+0000] {processor.py:156} INFO - Started process (PID=718) to work on /opt/airflow/dags/weather_dag.py
[2025-02-14T23:45:07.371+0000] {processor.py:799} INFO - Processing file /opt/airflow/dags/weather_dag.py for tasks to queue
[2025-02-14T23:45:07.372+0000] {logging_mixin.py:149} INFO - [2025-02-14T23:45:07.372+0000] {dagbag.py:541} INFO - Filling up the DagBag from /opt/airflow/dags/weather_dag.py
[2025-02-14T23:45:07.963+0000] {processor.py:809} INFO - DAG(s) dict_keys(['weather_data_ETL']) retrieved from /opt/airflow/dags/weather_dag.py
[2025-02-14T23:45:08.007+0000] {logging_mixin.py:149} INFO - [2025-02-14T23:45:08.006+0000] {dag.py:2726} INFO - Sync 1 DAGs
[2025-02-14T23:45:08.053+0000] {logging_mixin.py:149} INFO - [2025-02-14T23:45:08.053+0000] {dag.py:3486} INFO - Setting next_dagrun for weather_data_ETL to 2025-02-14T00:00:00+00:00, run_after=2025-02-15T00:00:00+00:00
[2025-02-14T23:45:08.097+0000] {processor.py:178} INFO - Processing /opt/airflow/dags/weather_dag.py took 0.734 seconds
[2025-02-14T23:45:38.349+0000] {processor.py:156} INFO - Started process (PID=723) to work on /opt/airflow/dags/weather_dag.py
[2025-02-14T23:45:38.352+0000] {processor.py:799} INFO - Processing file /opt/airflow/dags/weather_dag.py for tasks to queue
[2025-02-14T23:45:38.354+0000] {logging_mixin.py:149} INFO - [2025-02-14T23:45:38.354+0000] {dagbag.py:541} INFO - Filling up the DagBag from /opt/airflow/dags/weather_dag.py
[2025-02-14T23:45:38.931+0000] {processor.py:809} INFO - DAG(s) dict_keys(['weather_data_ETL']) retrieved from /opt/airflow/dags/weather_dag.py
[2025-02-14T23:45:38.948+0000] {logging_mixin.py:149} INFO - [2025-02-14T23:45:38.948+0000] {dag.py:2726} INFO - Sync 1 DAGs
[2025-02-14T23:45:38.993+0000] {logging_mixin.py:149} INFO - [2025-02-14T23:45:38.993+0000] {dag.py:3486} INFO - Setting next_dagrun for weather_data_ETL to 2025-02-14T00:00:00+00:00, run_after=2025-02-15T00:00:00+00:00
[2025-02-14T23:45:39.028+0000] {processor.py:178} INFO - Processing /opt/airflow/dags/weather_dag.py took 0.704 seconds
[2025-02-14T23:46:09.246+0000] {processor.py:156} INFO - Started process (PID=728) to work on /opt/airflow/dags/weather_dag.py
[2025-02-14T23:46:09.249+0000] {processor.py:799} INFO - Processing file /opt/airflow/dags/weather_dag.py for tasks to queue
[2025-02-14T23:46:09.252+0000] {logging_mixin.py:149} INFO - [2025-02-14T23:46:09.251+0000] {dagbag.py:541} INFO - Filling up the DagBag from /opt/airflow/dags/weather_dag.py
[2025-02-14T23:46:09.904+0000] {processor.py:809} INFO - DAG(s) dict_keys(['weather_data_ETL']) retrieved from /opt/airflow/dags/weather_dag.py
[2025-02-14T23:46:09.943+0000] {logging_mixin.py:149} INFO - [2025-02-14T23:46:09.942+0000] {dag.py:2726} INFO - Sync 1 DAGs
[2025-02-14T23:46:09.982+0000] {logging_mixin.py:149} INFO - [2025-02-14T23:46:09.982+0000] {dag.py:3486} INFO - Setting next_dagrun for weather_data_ETL to 2025-02-14T00:00:00+00:00, run_after=2025-02-15T00:00:00+00:00
[2025-02-14T23:46:10.009+0000] {processor.py:178} INFO - Processing /opt/airflow/dags/weather_dag.py took 0.767 seconds
[2025-02-14T23:46:40.270+0000] {processor.py:156} INFO - Started process (PID=733) to work on /opt/airflow/dags/weather_dag.py
[2025-02-14T23:46:40.272+0000] {processor.py:799} INFO - Processing file /opt/airflow/dags/weather_dag.py for tasks to queue
[2025-02-14T23:46:40.273+0000] {logging_mixin.py:149} INFO - [2025-02-14T23:46:40.273+0000] {dagbag.py:541} INFO - Filling up the DagBag from /opt/airflow/dags/weather_dag.py
[2025-02-14T23:46:40.965+0000] {processor.py:809} INFO - DAG(s) dict_keys(['weather_data_ETL']) retrieved from /opt/airflow/dags/weather_dag.py
[2025-02-14T23:46:41.003+0000] {logging_mixin.py:149} INFO - [2025-02-14T23:46:41.003+0000] {dag.py:2726} INFO - Sync 1 DAGs
[2025-02-14T23:46:41.043+0000] {logging_mixin.py:149} INFO - [2025-02-14T23:46:41.043+0000] {dag.py:3486} INFO - Setting next_dagrun for weather_data_ETL to 2025-02-14T00:00:00+00:00, run_after=2025-02-15T00:00:00+00:00
[2025-02-14T23:46:41.075+0000] {processor.py:178} INFO - Processing /opt/airflow/dags/weather_dag.py took 0.809 seconds
[2025-02-14T23:47:11.359+0000] {processor.py:156} INFO - Started process (PID=738) to work on /opt/airflow/dags/weather_dag.py
[2025-02-14T23:47:11.360+0000] {processor.py:799} INFO - Processing file /opt/airflow/dags/weather_dag.py for tasks to queue
[2025-02-14T23:47:11.362+0000] {logging_mixin.py:149} INFO - [2025-02-14T23:47:11.362+0000] {dagbag.py:541} INFO - Filling up the DagBag from /opt/airflow/dags/weather_dag.py
[2025-02-14T23:47:11.942+0000] {processor.py:809} INFO - DAG(s) dict_keys(['weather_data_ETL']) retrieved from /opt/airflow/dags/weather_dag.py
[2025-02-14T23:47:11.981+0000] {logging_mixin.py:149} INFO - [2025-02-14T23:47:11.981+0000] {dag.py:2726} INFO - Sync 1 DAGs
[2025-02-14T23:47:12.023+0000] {logging_mixin.py:149} INFO - [2025-02-14T23:47:12.022+0000] {dag.py:3486} INFO - Setting next_dagrun for weather_data_ETL to 2025-02-14T00:00:00+00:00, run_after=2025-02-15T00:00:00+00:00
[2025-02-14T23:47:12.052+0000] {processor.py:178} INFO - Processing /opt/airflow/dags/weather_dag.py took 0.698 seconds
[2025-02-14T23:47:42.321+0000] {processor.py:156} INFO - Started process (PID=743) to work on /opt/airflow/dags/weather_dag.py
[2025-02-14T23:47:42.324+0000] {processor.py:799} INFO - Processing file /opt/airflow/dags/weather_dag.py for tasks to queue
[2025-02-14T23:47:42.326+0000] {logging_mixin.py:149} INFO - [2025-02-14T23:47:42.326+0000] {dagbag.py:541} INFO - Filling up the DagBag from /opt/airflow/dags/weather_dag.py
[2025-02-14T23:47:43.000+0000] {processor.py:809} INFO - DAG(s) dict_keys(['weather_data_ETL']) retrieved from /opt/airflow/dags/weather_dag.py
[2025-02-14T23:47:43.041+0000] {logging_mixin.py:149} INFO - [2025-02-14T23:47:43.040+0000] {dag.py:2726} INFO - Sync 1 DAGs
[2025-02-14T23:47:43.133+0000] {logging_mixin.py:149} INFO - [2025-02-14T23:47:43.133+0000] {dag.py:3486} INFO - Setting next_dagrun for weather_data_ETL to 2025-02-14T00:00:00+00:00, run_after=2025-02-15T00:00:00+00:00
[2025-02-14T23:47:43.162+0000] {processor.py:178} INFO - Processing /opt/airflow/dags/weather_dag.py took 0.846 seconds
[2025-02-14T23:48:13.458+0000] {processor.py:156} INFO - Started process (PID=748) to work on /opt/airflow/dags/weather_dag.py
[2025-02-14T23:48:13.461+0000] {processor.py:799} INFO - Processing file /opt/airflow/dags/weather_dag.py for tasks to queue
[2025-02-14T23:48:13.467+0000] {logging_mixin.py:149} INFO - [2025-02-14T23:48:13.467+0000] {dagbag.py:541} INFO - Filling up the DagBag from /opt/airflow/dags/weather_dag.py
[2025-02-14T23:48:14.213+0000] {processor.py:809} INFO - DAG(s) dict_keys(['weather_data_ETL']) retrieved from /opt/airflow/dags/weather_dag.py
[2025-02-14T23:48:14.252+0000] {logging_mixin.py:149} INFO - [2025-02-14T23:48:14.251+0000] {dag.py:2726} INFO - Sync 1 DAGs
[2025-02-14T23:48:14.297+0000] {logging_mixin.py:149} INFO - [2025-02-14T23:48:14.297+0000] {dag.py:3486} INFO - Setting next_dagrun for weather_data_ETL to 2025-02-14T00:00:00+00:00, run_after=2025-02-15T00:00:00+00:00
[2025-02-14T23:48:14.325+0000] {processor.py:178} INFO - Processing /opt/airflow/dags/weather_dag.py took 0.874 seconds
[2025-02-14T23:48:44.562+0000] {processor.py:156} INFO - Started process (PID=753) to work on /opt/airflow/dags/weather_dag.py
[2025-02-14T23:48:44.565+0000] {processor.py:799} INFO - Processing file /opt/airflow/dags/weather_dag.py for tasks to queue
[2025-02-14T23:48:44.567+0000] {logging_mixin.py:149} INFO - [2025-02-14T23:48:44.566+0000] {dagbag.py:541} INFO - Filling up the DagBag from /opt/airflow/dags/weather_dag.py
[2025-02-14T23:48:45.236+0000] {processor.py:809} INFO - DAG(s) dict_keys(['weather_data_ETL']) retrieved from /opt/airflow/dags/weather_dag.py
[2025-02-14T23:48:45.277+0000] {logging_mixin.py:149} INFO - [2025-02-14T23:48:45.276+0000] {dag.py:2726} INFO - Sync 1 DAGs
[2025-02-14T23:48:45.317+0000] {logging_mixin.py:149} INFO - [2025-02-14T23:48:45.317+0000] {dag.py:3486} INFO - Setting next_dagrun for weather_data_ETL to 2025-02-14T00:00:00+00:00, run_after=2025-02-15T00:00:00+00:00
[2025-02-14T23:48:45.350+0000] {processor.py:178} INFO - Processing /opt/airflow/dags/weather_dag.py took 0.793 seconds
[2025-02-14T23:49:15.413+0000] {processor.py:156} INFO - Started process (PID=758) to work on /opt/airflow/dags/weather_dag.py
[2025-02-14T23:49:15.415+0000] {processor.py:799} INFO - Processing file /opt/airflow/dags/weather_dag.py for tasks to queue
[2025-02-14T23:49:15.416+0000] {logging_mixin.py:149} INFO - [2025-02-14T23:49:15.416+0000] {dagbag.py:541} INFO - Filling up the DagBag from /opt/airflow/dags/weather_dag.py
[2025-02-14T23:49:16.064+0000] {logging_mixin.py:149} INFO - [2025-02-14T23:49:16.060+0000] {dagbag.py:350} ERROR - Failed to import: /opt/airflow/dags/weather_dag.py
Traceback (most recent call last):
  File "/home/airflow/.local/lib/python3.9/site-packages/airflow/models/dagbag.py", line 346, in parse
    loader.exec_module(new_module)
  File "<frozen importlib._bootstrap_external>", line 850, in exec_module
  File "<frozen importlib._bootstrap>", line 228, in _call_with_frames_removed
  File "/opt/airflow/dags/weather_dag.py", line 6, in <module>
    from transform_weather import transform_current_weather
  File "/opt/airflow/dags/transform_weather.py", line 47
    current_weather_raw['location_id'] = int(response['location_id'])
IndentationError: unexpected indent
[2025-02-14T23:49:16.065+0000] {processor.py:811} WARNING - No viable dags retrieved from /opt/airflow/dags/weather_dag.py
[2025-02-14T23:49:16.101+0000] {processor.py:178} INFO - Processing /opt/airflow/dags/weather_dag.py took 0.693 seconds
[2025-02-14T23:49:46.506+0000] {processor.py:156} INFO - Started process (PID=763) to work on /opt/airflow/dags/weather_dag.py
[2025-02-14T23:49:46.508+0000] {processor.py:799} INFO - Processing file /opt/airflow/dags/weather_dag.py for tasks to queue
[2025-02-14T23:49:46.510+0000] {logging_mixin.py:149} INFO - [2025-02-14T23:49:46.510+0000] {dagbag.py:541} INFO - Filling up the DagBag from /opt/airflow/dags/weather_dag.py
[2025-02-14T23:49:47.167+0000] {processor.py:809} INFO - DAG(s) dict_keys(['weather_data_ETL']) retrieved from /opt/airflow/dags/weather_dag.py
[2025-02-14T23:49:47.218+0000] {logging_mixin.py:149} INFO - [2025-02-14T23:49:47.218+0000] {dag.py:2726} INFO - Sync 1 DAGs
[2025-02-14T23:49:47.258+0000] {logging_mixin.py:149} INFO - [2025-02-14T23:49:47.257+0000] {dag.py:3486} INFO - Setting next_dagrun for weather_data_ETL to 2025-02-14T00:00:00+00:00, run_after=2025-02-15T00:00:00+00:00
[2025-02-14T23:49:47.293+0000] {processor.py:178} INFO - Processing /opt/airflow/dags/weather_dag.py took 0.791 seconds
[2025-02-14T23:50:17.632+0000] {processor.py:156} INFO - Started process (PID=768) to work on /opt/airflow/dags/weather_dag.py
[2025-02-14T23:50:17.634+0000] {processor.py:799} INFO - Processing file /opt/airflow/dags/weather_dag.py for tasks to queue
[2025-02-14T23:50:17.636+0000] {logging_mixin.py:149} INFO - [2025-02-14T23:50:17.636+0000] {dagbag.py:541} INFO - Filling up the DagBag from /opt/airflow/dags/weather_dag.py
[2025-02-14T23:50:18.251+0000] {processor.py:809} INFO - DAG(s) dict_keys(['weather_data_ETL']) retrieved from /opt/airflow/dags/weather_dag.py
[2025-02-14T23:50:18.289+0000] {logging_mixin.py:149} INFO - [2025-02-14T23:50:18.288+0000] {dag.py:2726} INFO - Sync 1 DAGs
[2025-02-14T23:50:18.330+0000] {logging_mixin.py:149} INFO - [2025-02-14T23:50:18.330+0000] {dag.py:3486} INFO - Setting next_dagrun for weather_data_ETL to 2025-02-14T00:00:00+00:00, run_after=2025-02-15T00:00:00+00:00
[2025-02-14T23:50:18.357+0000] {processor.py:178} INFO - Processing /opt/airflow/dags/weather_dag.py took 0.729 seconds
[2025-02-14T23:50:48.613+0000] {processor.py:156} INFO - Started process (PID=773) to work on /opt/airflow/dags/weather_dag.py
[2025-02-14T23:50:48.615+0000] {processor.py:799} INFO - Processing file /opt/airflow/dags/weather_dag.py for tasks to queue
[2025-02-14T23:50:48.617+0000] {logging_mixin.py:149} INFO - [2025-02-14T23:50:48.616+0000] {dagbag.py:541} INFO - Filling up the DagBag from /opt/airflow/dags/weather_dag.py
[2025-02-14T23:50:49.364+0000] {processor.py:809} INFO - DAG(s) dict_keys(['weather_data_ETL']) retrieved from /opt/airflow/dags/weather_dag.py
[2025-02-14T23:50:49.582+0000] {logging_mixin.py:149} INFO - [2025-02-14T23:50:49.581+0000] {dag.py:2726} INFO - Sync 1 DAGs
[2025-02-14T23:50:49.689+0000] {logging_mixin.py:149} INFO - [2025-02-14T23:50:49.689+0000] {dag.py:3486} INFO - Setting next_dagrun for weather_data_ETL to 2025-02-14T00:00:00+00:00, run_after=2025-02-15T00:00:00+00:00
[2025-02-14T23:50:49.720+0000] {processor.py:178} INFO - Processing /opt/airflow/dags/weather_dag.py took 1.112 seconds
[2025-02-14T23:51:19.840+0000] {processor.py:156} INFO - Started process (PID=778) to work on /opt/airflow/dags/weather_dag.py
[2025-02-14T23:51:19.843+0000] {processor.py:799} INFO - Processing file /opt/airflow/dags/weather_dag.py for tasks to queue
[2025-02-14T23:51:19.844+0000] {logging_mixin.py:149} INFO - [2025-02-14T23:51:19.844+0000] {dagbag.py:541} INFO - Filling up the DagBag from /opt/airflow/dags/weather_dag.py
[2025-02-14T23:51:20.500+0000] {processor.py:809} INFO - DAG(s) dict_keys(['weather_data_ETL']) retrieved from /opt/airflow/dags/weather_dag.py
[2025-02-14T23:51:20.544+0000] {logging_mixin.py:149} INFO - [2025-02-14T23:51:20.543+0000] {dag.py:2726} INFO - Sync 1 DAGs
[2025-02-14T23:51:20.583+0000] {logging_mixin.py:149} INFO - [2025-02-14T23:51:20.583+0000] {dag.py:3486} INFO - Setting next_dagrun for weather_data_ETL to 2025-02-14T00:00:00+00:00, run_after=2025-02-15T00:00:00+00:00
[2025-02-14T23:51:20.612+0000] {processor.py:178} INFO - Processing /opt/airflow/dags/weather_dag.py took 0.776 seconds
[2025-02-14T23:51:50.852+0000] {processor.py:156} INFO - Started process (PID=795) to work on /opt/airflow/dags/weather_dag.py
[2025-02-14T23:51:50.856+0000] {processor.py:799} INFO - Processing file /opt/airflow/dags/weather_dag.py for tasks to queue
[2025-02-14T23:51:50.858+0000] {logging_mixin.py:149} INFO - [2025-02-14T23:51:50.857+0000] {dagbag.py:541} INFO - Filling up the DagBag from /opt/airflow/dags/weather_dag.py
[2025-02-14T23:51:51.930+0000] {processor.py:809} INFO - DAG(s) dict_keys(['weather_data_ETL']) retrieved from /opt/airflow/dags/weather_dag.py
[2025-02-14T23:51:51.980+0000] {logging_mixin.py:149} INFO - [2025-02-14T23:51:51.980+0000] {dag.py:2726} INFO - Sync 1 DAGs
[2025-02-14T23:51:52.030+0000] {logging_mixin.py:149} INFO - [2025-02-14T23:51:52.030+0000] {dag.py:3486} INFO - Setting next_dagrun for weather_data_ETL to 2025-02-14T00:00:00+00:00, run_after=2025-02-15T00:00:00+00:00
[2025-02-14T23:51:52.062+0000] {processor.py:178} INFO - Processing /opt/airflow/dags/weather_dag.py took 1.215 seconds
[2025-02-14T23:52:22.181+0000] {processor.py:156} INFO - Started process (PID=806) to work on /opt/airflow/dags/weather_dag.py
[2025-02-14T23:52:22.184+0000] {processor.py:799} INFO - Processing file /opt/airflow/dags/weather_dag.py for tasks to queue
[2025-02-14T23:52:22.186+0000] {logging_mixin.py:149} INFO - [2025-02-14T23:52:22.186+0000] {dagbag.py:541} INFO - Filling up the DagBag from /opt/airflow/dags/weather_dag.py
[2025-02-14T23:52:22.830+0000] {processor.py:809} INFO - DAG(s) dict_keys(['weather_data_ETL']) retrieved from /opt/airflow/dags/weather_dag.py
[2025-02-14T23:52:22.870+0000] {logging_mixin.py:149} INFO - [2025-02-14T23:52:22.869+0000] {dag.py:2726} INFO - Sync 1 DAGs
[2025-02-14T23:52:22.909+0000] {logging_mixin.py:149} INFO - [2025-02-14T23:52:22.909+0000] {dag.py:3486} INFO - Setting next_dagrun for weather_data_ETL to 2025-02-14T00:00:00+00:00, run_after=2025-02-15T00:00:00+00:00
[2025-02-14T23:52:22.940+0000] {processor.py:178} INFO - Processing /opt/airflow/dags/weather_dag.py took 0.765 seconds
[2025-02-14T23:52:53.317+0000] {processor.py:156} INFO - Started process (PID=811) to work on /opt/airflow/dags/weather_dag.py
[2025-02-14T23:52:53.319+0000] {processor.py:799} INFO - Processing file /opt/airflow/dags/weather_dag.py for tasks to queue
[2025-02-14T23:52:53.321+0000] {logging_mixin.py:149} INFO - [2025-02-14T23:52:53.321+0000] {dagbag.py:541} INFO - Filling up the DagBag from /opt/airflow/dags/weather_dag.py
[2025-02-14T23:52:53.951+0000] {processor.py:809} INFO - DAG(s) dict_keys(['weather_data_ETL']) retrieved from /opt/airflow/dags/weather_dag.py
[2025-02-14T23:52:54.004+0000] {logging_mixin.py:149} INFO - [2025-02-14T23:52:54.003+0000] {dag.py:2726} INFO - Sync 1 DAGs
[2025-02-14T23:52:54.053+0000] {logging_mixin.py:149} INFO - [2025-02-14T23:52:54.053+0000] {dag.py:3486} INFO - Setting next_dagrun for weather_data_ETL to 2025-02-14T00:00:00+00:00, run_after=2025-02-15T00:00:00+00:00
[2025-02-14T23:52:54.087+0000] {processor.py:178} INFO - Processing /opt/airflow/dags/weather_dag.py took 0.774 seconds
[2025-02-14T23:53:24.391+0000] {processor.py:156} INFO - Started process (PID=816) to work on /opt/airflow/dags/weather_dag.py
[2025-02-14T23:53:24.394+0000] {processor.py:799} INFO - Processing file /opt/airflow/dags/weather_dag.py for tasks to queue
[2025-02-14T23:53:24.395+0000] {logging_mixin.py:149} INFO - [2025-02-14T23:53:24.395+0000] {dagbag.py:541} INFO - Filling up the DagBag from /opt/airflow/dags/weather_dag.py
[2025-02-14T23:53:25.047+0000] {processor.py:809} INFO - DAG(s) dict_keys(['weather_data_ETL']) retrieved from /opt/airflow/dags/weather_dag.py
[2025-02-14T23:53:25.084+0000] {logging_mixin.py:149} INFO - [2025-02-14T23:53:25.084+0000] {dag.py:2726} INFO - Sync 1 DAGs
[2025-02-14T23:53:25.133+0000] {logging_mixin.py:149} INFO - [2025-02-14T23:53:25.133+0000] {dag.py:3486} INFO - Setting next_dagrun for weather_data_ETL to 2025-02-14T00:00:00+00:00, run_after=2025-02-15T00:00:00+00:00
[2025-02-14T23:53:25.163+0000] {processor.py:178} INFO - Processing /opt/airflow/dags/weather_dag.py took 0.776 seconds
[2025-02-14T23:53:55.431+0000] {processor.py:156} INFO - Started process (PID=821) to work on /opt/airflow/dags/weather_dag.py
[2025-02-14T23:53:55.433+0000] {processor.py:799} INFO - Processing file /opt/airflow/dags/weather_dag.py for tasks to queue
[2025-02-14T23:53:55.435+0000] {logging_mixin.py:149} INFO - [2025-02-14T23:53:55.435+0000] {dagbag.py:541} INFO - Filling up the DagBag from /opt/airflow/dags/weather_dag.py
[2025-02-14T23:53:56.030+0000] {processor.py:809} INFO - DAG(s) dict_keys(['weather_data_ETL']) retrieved from /opt/airflow/dags/weather_dag.py
[2025-02-14T23:53:56.074+0000] {logging_mixin.py:149} INFO - [2025-02-14T23:53:56.073+0000] {dag.py:2726} INFO - Sync 1 DAGs
[2025-02-14T23:53:56.127+0000] {logging_mixin.py:149} INFO - [2025-02-14T23:53:56.127+0000] {dag.py:3486} INFO - Setting next_dagrun for weather_data_ETL to 2025-02-14T00:00:00+00:00, run_after=2025-02-15T00:00:00+00:00
[2025-02-14T23:53:56.164+0000] {processor.py:178} INFO - Processing /opt/airflow/dags/weather_dag.py took 0.738 seconds
[2025-02-14T23:54:26.230+0000] {processor.py:156} INFO - Started process (PID=826) to work on /opt/airflow/dags/weather_dag.py
[2025-02-14T23:54:26.232+0000] {processor.py:799} INFO - Processing file /opt/airflow/dags/weather_dag.py for tasks to queue
[2025-02-14T23:54:26.234+0000] {logging_mixin.py:149} INFO - [2025-02-14T23:54:26.234+0000] {dagbag.py:541} INFO - Filling up the DagBag from /opt/airflow/dags/weather_dag.py
[2025-02-14T23:54:26.828+0000] {processor.py:809} INFO - DAG(s) dict_keys(['weather_data_ETL']) retrieved from /opt/airflow/dags/weather_dag.py
[2025-02-14T23:54:26.867+0000] {logging_mixin.py:149} INFO - [2025-02-14T23:54:26.866+0000] {dag.py:2726} INFO - Sync 1 DAGs
[2025-02-14T23:54:26.911+0000] {logging_mixin.py:149} INFO - [2025-02-14T23:54:26.910+0000] {dag.py:3486} INFO - Setting next_dagrun for weather_data_ETL to 2025-02-14T00:00:00+00:00, run_after=2025-02-15T00:00:00+00:00
[2025-02-14T23:54:26.944+0000] {processor.py:178} INFO - Processing /opt/airflow/dags/weather_dag.py took 0.718 seconds
[2025-02-14T23:54:57.151+0000] {processor.py:156} INFO - Started process (PID=831) to work on /opt/airflow/dags/weather_dag.py
[2025-02-14T23:54:57.153+0000] {processor.py:799} INFO - Processing file /opt/airflow/dags/weather_dag.py for tasks to queue
[2025-02-14T23:54:57.154+0000] {logging_mixin.py:149} INFO - [2025-02-14T23:54:57.154+0000] {dagbag.py:541} INFO - Filling up the DagBag from /opt/airflow/dags/weather_dag.py
[2025-02-14T23:54:57.731+0000] {processor.py:809} INFO - DAG(s) dict_keys(['weather_data_ETL']) retrieved from /opt/airflow/dags/weather_dag.py
[2025-02-14T23:54:57.778+0000] {logging_mixin.py:149} INFO - [2025-02-14T23:54:57.777+0000] {dag.py:2726} INFO - Sync 1 DAGs
[2025-02-14T23:54:57.819+0000] {logging_mixin.py:149} INFO - [2025-02-14T23:54:57.818+0000] {dag.py:3486} INFO - Setting next_dagrun for weather_data_ETL to 2025-02-14T00:00:00+00:00, run_after=2025-02-15T00:00:00+00:00
[2025-02-14T23:54:57.849+0000] {processor.py:178} INFO - Processing /opt/airflow/dags/weather_dag.py took 0.702 seconds
[2025-02-14T23:55:28.024+0000] {processor.py:156} INFO - Started process (PID=836) to work on /opt/airflow/dags/weather_dag.py
[2025-02-14T23:55:28.026+0000] {processor.py:799} INFO - Processing file /opt/airflow/dags/weather_dag.py for tasks to queue
[2025-02-14T23:55:28.027+0000] {logging_mixin.py:149} INFO - [2025-02-14T23:55:28.027+0000] {dagbag.py:541} INFO - Filling up the DagBag from /opt/airflow/dags/weather_dag.py
[2025-02-14T23:55:28.621+0000] {processor.py:809} INFO - DAG(s) dict_keys(['weather_data_ETL']) retrieved from /opt/airflow/dags/weather_dag.py
[2025-02-14T23:55:28.667+0000] {logging_mixin.py:149} INFO - [2025-02-14T23:55:28.666+0000] {dag.py:2726} INFO - Sync 1 DAGs
[2025-02-14T23:55:28.707+0000] {logging_mixin.py:149} INFO - [2025-02-14T23:55:28.706+0000] {dag.py:3486} INFO - Setting next_dagrun for weather_data_ETL to 2025-02-14T00:00:00+00:00, run_after=2025-02-15T00:00:00+00:00
[2025-02-14T23:55:28.747+0000] {processor.py:178} INFO - Processing /opt/airflow/dags/weather_dag.py took 0.727 seconds
[2025-02-14T23:55:59.046+0000] {processor.py:156} INFO - Started process (PID=841) to work on /opt/airflow/dags/weather_dag.py
[2025-02-14T23:55:59.048+0000] {processor.py:799} INFO - Processing file /opt/airflow/dags/weather_dag.py for tasks to queue
[2025-02-14T23:55:59.049+0000] {logging_mixin.py:149} INFO - [2025-02-14T23:55:59.049+0000] {dagbag.py:541} INFO - Filling up the DagBag from /opt/airflow/dags/weather_dag.py
[2025-02-14T23:55:59.647+0000] {processor.py:809} INFO - DAG(s) dict_keys(['weather_data_ETL']) retrieved from /opt/airflow/dags/weather_dag.py
[2025-02-14T23:55:59.687+0000] {logging_mixin.py:149} INFO - [2025-02-14T23:55:59.687+0000] {dag.py:2726} INFO - Sync 1 DAGs
[2025-02-14T23:55:59.733+0000] {logging_mixin.py:149} INFO - [2025-02-14T23:55:59.733+0000] {dag.py:3486} INFO - Setting next_dagrun for weather_data_ETL to 2025-02-14T00:00:00+00:00, run_after=2025-02-15T00:00:00+00:00
[2025-02-14T23:55:59.764+0000] {processor.py:178} INFO - Processing /opt/airflow/dags/weather_dag.py took 0.722 seconds
[2025-02-14T23:56:30.013+0000] {processor.py:156} INFO - Started process (PID=846) to work on /opt/airflow/dags/weather_dag.py
[2025-02-14T23:56:30.015+0000] {processor.py:799} INFO - Processing file /opt/airflow/dags/weather_dag.py for tasks to queue
[2025-02-14T23:56:30.017+0000] {logging_mixin.py:149} INFO - [2025-02-14T23:56:30.016+0000] {dagbag.py:541} INFO - Filling up the DagBag from /opt/airflow/dags/weather_dag.py
[2025-02-14T23:56:30.675+0000] {processor.py:809} INFO - DAG(s) dict_keys(['weather_data_ETL']) retrieved from /opt/airflow/dags/weather_dag.py
[2025-02-14T23:56:30.713+0000] {logging_mixin.py:149} INFO - [2025-02-14T23:56:30.712+0000] {dag.py:2726} INFO - Sync 1 DAGs
[2025-02-14T23:56:30.756+0000] {logging_mixin.py:149} INFO - [2025-02-14T23:56:30.756+0000] {dag.py:3486} INFO - Setting next_dagrun for weather_data_ETL to 2025-02-14T00:00:00+00:00, run_after=2025-02-15T00:00:00+00:00
[2025-02-14T23:56:30.785+0000] {processor.py:178} INFO - Processing /opt/airflow/dags/weather_dag.py took 0.776 seconds
[2025-02-14T23:57:01.046+0000] {processor.py:156} INFO - Started process (PID=851) to work on /opt/airflow/dags/weather_dag.py
[2025-02-14T23:57:01.048+0000] {processor.py:799} INFO - Processing file /opt/airflow/dags/weather_dag.py for tasks to queue
[2025-02-14T23:57:01.050+0000] {logging_mixin.py:149} INFO - [2025-02-14T23:57:01.050+0000] {dagbag.py:541} INFO - Filling up the DagBag from /opt/airflow/dags/weather_dag.py
[2025-02-14T23:57:01.797+0000] {processor.py:809} INFO - DAG(s) dict_keys(['weather_data_ETL']) retrieved from /opt/airflow/dags/weather_dag.py
[2025-02-14T23:57:01.841+0000] {logging_mixin.py:149} INFO - [2025-02-14T23:57:01.840+0000] {dag.py:2726} INFO - Sync 1 DAGs
[2025-02-14T23:57:01.883+0000] {logging_mixin.py:149} INFO - [2025-02-14T23:57:01.883+0000] {dag.py:3486} INFO - Setting next_dagrun for weather_data_ETL to 2025-02-14T00:00:00+00:00, run_after=2025-02-15T00:00:00+00:00
[2025-02-14T23:57:01.915+0000] {processor.py:178} INFO - Processing /opt/airflow/dags/weather_dag.py took 0.874 seconds
[2025-02-14T23:57:32.043+0000] {processor.py:156} INFO - Started process (PID=856) to work on /opt/airflow/dags/weather_dag.py
[2025-02-14T23:57:32.046+0000] {processor.py:799} INFO - Processing file /opt/airflow/dags/weather_dag.py for tasks to queue
[2025-02-14T23:57:32.048+0000] {logging_mixin.py:149} INFO - [2025-02-14T23:57:32.047+0000] {dagbag.py:541} INFO - Filling up the DagBag from /opt/airflow/dags/weather_dag.py
[2025-02-14T23:57:32.673+0000] {processor.py:809} INFO - DAG(s) dict_keys(['weather_data_ETL']) retrieved from /opt/airflow/dags/weather_dag.py
[2025-02-14T23:57:32.713+0000] {logging_mixin.py:149} INFO - [2025-02-14T23:57:32.712+0000] {dag.py:2726} INFO - Sync 1 DAGs
[2025-02-14T23:57:32.752+0000] {logging_mixin.py:149} INFO - [2025-02-14T23:57:32.751+0000] {dag.py:3486} INFO - Setting next_dagrun for weather_data_ETL to 2025-02-14T00:00:00+00:00, run_after=2025-02-15T00:00:00+00:00
[2025-02-14T23:57:32.779+0000] {processor.py:178} INFO - Processing /opt/airflow/dags/weather_dag.py took 0.742 seconds
[2025-02-14T23:58:03.014+0000] {processor.py:156} INFO - Started process (PID=861) to work on /opt/airflow/dags/weather_dag.py
[2025-02-14T23:58:03.017+0000] {processor.py:799} INFO - Processing file /opt/airflow/dags/weather_dag.py for tasks to queue
[2025-02-14T23:58:03.018+0000] {logging_mixin.py:149} INFO - [2025-02-14T23:58:03.018+0000] {dagbag.py:541} INFO - Filling up the DagBag from /opt/airflow/dags/weather_dag.py
[2025-02-14T23:58:03.644+0000] {processor.py:809} INFO - DAG(s) dict_keys(['weather_data_ETL']) retrieved from /opt/airflow/dags/weather_dag.py
[2025-02-14T23:58:03.686+0000] {logging_mixin.py:149} INFO - [2025-02-14T23:58:03.686+0000] {dag.py:2726} INFO - Sync 1 DAGs
[2025-02-14T23:58:03.728+0000] {logging_mixin.py:149} INFO - [2025-02-14T23:58:03.728+0000] {dag.py:3486} INFO - Setting next_dagrun for weather_data_ETL to 2025-02-14T00:00:00+00:00, run_after=2025-02-15T00:00:00+00:00
[2025-02-14T23:58:03.756+0000] {processor.py:178} INFO - Processing /opt/airflow/dags/weather_dag.py took 0.745 seconds
[2025-02-14T23:58:34.009+0000] {processor.py:156} INFO - Started process (PID=866) to work on /opt/airflow/dags/weather_dag.py
[2025-02-14T23:58:34.012+0000] {processor.py:799} INFO - Processing file /opt/airflow/dags/weather_dag.py for tasks to queue
[2025-02-14T23:58:34.014+0000] {logging_mixin.py:149} INFO - [2025-02-14T23:58:34.014+0000] {dagbag.py:541} INFO - Filling up the DagBag from /opt/airflow/dags/weather_dag.py
[2025-02-14T23:58:34.674+0000] {processor.py:809} INFO - DAG(s) dict_keys(['weather_data_ETL']) retrieved from /opt/airflow/dags/weather_dag.py
[2025-02-14T23:58:34.712+0000] {logging_mixin.py:149} INFO - [2025-02-14T23:58:34.711+0000] {dag.py:2726} INFO - Sync 1 DAGs
[2025-02-14T23:58:34.763+0000] {logging_mixin.py:149} INFO - [2025-02-14T23:58:34.763+0000] {dag.py:3486} INFO - Setting next_dagrun for weather_data_ETL to 2025-02-14T00:00:00+00:00, run_after=2025-02-15T00:00:00+00:00
[2025-02-14T23:58:34.796+0000] {processor.py:178} INFO - Processing /opt/airflow/dags/weather_dag.py took 0.792 seconds
[2025-02-14T23:59:05.078+0000] {processor.py:156} INFO - Started process (PID=871) to work on /opt/airflow/dags/weather_dag.py
[2025-02-14T23:59:05.081+0000] {processor.py:799} INFO - Processing file /opt/airflow/dags/weather_dag.py for tasks to queue
[2025-02-14T23:59:05.082+0000] {logging_mixin.py:149} INFO - [2025-02-14T23:59:05.082+0000] {dagbag.py:541} INFO - Filling up the DagBag from /opt/airflow/dags/weather_dag.py
[2025-02-14T23:59:05.691+0000] {processor.py:809} INFO - DAG(s) dict_keys(['weather_data_ETL']) retrieved from /opt/airflow/dags/weather_dag.py
[2025-02-14T23:59:05.746+0000] {logging_mixin.py:149} INFO - [2025-02-14T23:59:05.745+0000] {dag.py:2726} INFO - Sync 1 DAGs
[2025-02-14T23:59:05.789+0000] {logging_mixin.py:149} INFO - [2025-02-14T23:59:05.789+0000] {dag.py:3486} INFO - Setting next_dagrun for weather_data_ETL to 2025-02-14T00:00:00+00:00, run_after=2025-02-15T00:00:00+00:00
[2025-02-14T23:59:05.816+0000] {processor.py:178} INFO - Processing /opt/airflow/dags/weather_dag.py took 0.743 seconds
[2025-02-14T23:59:35.919+0000] {processor.py:156} INFO - Started process (PID=876) to work on /opt/airflow/dags/weather_dag.py
[2025-02-14T23:59:35.921+0000] {processor.py:799} INFO - Processing file /opt/airflow/dags/weather_dag.py for tasks to queue
[2025-02-14T23:59:35.923+0000] {logging_mixin.py:149} INFO - [2025-02-14T23:59:35.923+0000] {dagbag.py:541} INFO - Filling up the DagBag from /opt/airflow/dags/weather_dag.py
[2025-02-14T23:59:36.589+0000] {processor.py:809} INFO - DAG(s) dict_keys(['weather_data_ETL']) retrieved from /opt/airflow/dags/weather_dag.py
[2025-02-14T23:59:36.632+0000] {logging_mixin.py:149} INFO - [2025-02-14T23:59:36.631+0000] {dag.py:2726} INFO - Sync 1 DAGs
[2025-02-14T23:59:36.674+0000] {logging_mixin.py:149} INFO - [2025-02-14T23:59:36.673+0000] {dag.py:3486} INFO - Setting next_dagrun for weather_data_ETL to 2025-02-14T00:00:00+00:00, run_after=2025-02-15T00:00:00+00:00
[2025-02-14T23:59:36.704+0000] {processor.py:178} INFO - Processing /opt/airflow/dags/weather_dag.py took 0.789 seconds
