[2025-02-22T21:44:55.729+0000] {manager.py:487} INFO - Processing files using up to 2 processes at a time 
[2025-02-22T21:44:55.730+0000] {manager.py:488} INFO - Process each file at most once every 30 seconds
[2025-02-22T21:44:55.730+0000] {manager.py:489} INFO - Checking for new files in /opt/airflow/dags every 300 seconds
[2025-02-22T21:44:55.730+0000] {manager.py:758} INFO - Searching for files in /opt/airflow/dags
[2025-02-22T21:44:55.736+0000] {manager.py:761} INFO - There are 1 files in /opt/airflow/dags
[2025-02-22T21:44:55.877+0000] {manager.py:889} INFO - 
================================================================================
DAG File Processing Stats

File Path                           PID  Runtime      # DAGs    # Errors  Last Runtime    Last Run
--------------------------------  -----  ---------  --------  ----------  --------------  ----------
/opt/airflow/dags/weather_dag.py     25  0.08s             0           0
================================================================================
[2025-02-22T21:45:25.979+0000] {manager.py:889} INFO - 
================================================================================
DAG File Processing Stats

File Path                         PID    Runtime      # DAGs    # Errors  Last Runtime    Last Run
--------------------------------  -----  ---------  --------  ----------  --------------  -------------------
/opt/airflow/dags/weather_dag.py                           0           1  0.57s           2025-02-22T21:44:56
================================================================================
[2025-02-22T21:45:56.095+0000] {manager.py:889} INFO - 
================================================================================
DAG File Processing Stats

File Path                         PID    Runtime      # DAGs    # Errors  Last Runtime    Last Run
--------------------------------  -----  ---------  --------  ----------  --------------  -------------------
/opt/airflow/dags/weather_dag.py                           0           1  0.55s           2025-02-22T21:45:27
================================================================================
[2025-02-22T21:46:19.858+0000] {manager.py:470} INFO - Exiting gracefully upon receiving signal 15
[2025-02-22T21:48:30.311+0000] {manager.py:487} INFO - Processing files using up to 2 processes at a time 
[2025-02-22T21:48:30.325+0000] {manager.py:488} INFO - Process each file at most once every 30 seconds
[2025-02-22T21:48:30.326+0000] {manager.py:489} INFO - Checking for new files in /opt/airflow/dags every 300 seconds
[2025-02-22T21:48:30.326+0000] {manager.py:758} INFO - Searching for files in /opt/airflow/dags
[2025-02-22T21:48:30.330+0000] {manager.py:761} INFO - There are 1 files in /opt/airflow/dags
[2025-02-22T21:48:30.608+0000] {manager.py:889} INFO - 
================================================================================
DAG File Processing Stats

File Path                           PID  Runtime      # DAGs    # Errors  Last Runtime    Last Run
--------------------------------  -----  ---------  --------  ----------  --------------  ----------
/opt/airflow/dags/weather_dag.py     27  0.16s             0           0
================================================================================
[2025-02-22T21:49:00.723+0000] {manager.py:889} INFO - 
================================================================================
DAG File Processing Stats

File Path                         PID    Runtime      # DAGs    # Errors  Last Runtime    Last Run
--------------------------------  -----  ---------  --------  ----------  --------------  -------------------
/opt/airflow/dags/weather_dag.py                           0           1  1.23s           2025-02-22T21:48:31
================================================================================
[2025-02-22T21:49:30.863+0000] {manager.py:889} INFO - 
================================================================================
DAG File Processing Stats

File Path                         PID    Runtime      # DAGs    # Errors  Last Runtime    Last Run
--------------------------------  -----  ---------  --------  ----------  --------------  -------------------
/opt/airflow/dags/weather_dag.py                           0           1  0.86s           2025-02-22T21:49:02
================================================================================
[2025-02-22T21:50:00.967+0000] {manager.py:889} INFO - 
================================================================================
DAG File Processing Stats

File Path                         PID    Runtime      # DAGs    # Errors  Last Runtime    Last Run
--------------------------------  -----  ---------  --------  ----------  --------------  -------------------
/opt/airflow/dags/weather_dag.py                           0           1  0.57s           2025-02-22T21:49:33
================================================================================
[2025-02-22T21:50:51.125+0000] {manager.py:889} INFO - 
================================================================================
DAG File Processing Stats

File Path                           PID  Runtime      # DAGs    # Errors  Last Runtime    Last Run
--------------------------------  -----  ---------  --------  ----------  --------------  -------------------
/opt/airflow/dags/weather_dag.py     35  0.01s             0           1  0.54s           2025-02-22T21:50:03
================================================================================
[2025-02-22T21:50:53.979+0000] {manager.py:470} INFO - Exiting gracefully upon receiving signal 15
[2025-02-22T21:50:54.027+0000] {manager.py:470} INFO - Exiting gracefully upon receiving signal 15
[2025-02-22T21:50:54.656+0000] {manager.py:470} INFO - Exiting gracefully upon receiving signal 15
[2025-02-23T19:56:24.233+0000] {manager.py:487} INFO - Processing files using up to 2 processes at a time 
[2025-02-23T19:56:24.235+0000] {manager.py:488} INFO - Process each file at most once every 30 seconds
[2025-02-23T19:56:24.235+0000] {manager.py:489} INFO - Checking for new files in /opt/airflow/dags every 300 seconds
[2025-02-23T19:56:24.236+0000] {manager.py:758} INFO - Searching for files in /opt/airflow/dags
[2025-02-23T19:56:24.242+0000] {manager.py:761} INFO - There are 1 files in /opt/airflow/dags
[2025-02-23T19:56:24.362+0000] {manager.py:889} INFO - 
================================================================================
DAG File Processing Stats

File Path                           PID  Runtime      # DAGs    # Errors  Last Runtime    Last Run
--------------------------------  -----  ---------  --------  ----------  --------------  ----------
/opt/airflow/dags/weather_dag.py     26  0.06s             0           0
================================================================================
[2025-02-23T19:56:54.490+0000] {manager.py:889} INFO - 
================================================================================
DAG File Processing Stats

File Path                         PID    Runtime      # DAGs    # Errors  Last Runtime    Last Run
--------------------------------  -----  ---------  --------  ----------  --------------  -------------------
/opt/airflow/dags/weather_dag.py                           0           1  0.90s           2025-02-23T19:56:25
================================================================================
[2025-02-23T19:57:01.054+0000] {manager.py:470} INFO - Exiting gracefully upon receiving signal 15
[2025-02-23T19:58:13.251+0000] {manager.py:487} INFO - Processing files using up to 2 processes at a time 
[2025-02-23T19:58:13.252+0000] {manager.py:488} INFO - Process each file at most once every 30 seconds
[2025-02-23T19:58:13.253+0000] {manager.py:489} INFO - Checking for new files in /opt/airflow/dags every 300 seconds
[2025-02-23T19:58:13.253+0000] {manager.py:758} INFO - Searching for files in /opt/airflow/dags
[2025-02-23T19:58:13.267+0000] {manager.py:761} INFO - There are 1 files in /opt/airflow/dags
[2025-02-23T19:58:13.472+0000] {manager.py:889} INFO - 
================================================================================
DAG File Processing Stats

File Path                           PID  Runtime      # DAGs    # Errors  Last Runtime    Last Run
--------------------------------  -----  ---------  --------  ----------  --------------  ----------
/opt/airflow/dags/weather_dag.py     29  0.12s             0           0
================================================================================
[2025-02-23T19:58:43.607+0000] {manager.py:889} INFO - 
================================================================================
DAG File Processing Stats

File Path                         PID    Runtime      # DAGs    # Errors  Last Runtime    Last Run
--------------------------------  -----  ---------  --------  ----------  --------------  -------------------
/opt/airflow/dags/weather_dag.py                           0           1  1.55s           2025-02-23T19:58:14
================================================================================
[2025-02-23T19:59:14.178+0000] {manager.py:889} INFO - 
================================================================================
DAG File Processing Stats

File Path                         PID    Runtime      # DAGs    # Errors  Last Runtime    Last Run
--------------------------------  -----  ---------  --------  ----------  --------------  -------------------
/opt/airflow/dags/weather_dag.py                           0           1  1.30s           2025-02-23T19:58:46
================================================================================
[2025-02-23T19:59:44.341+0000] {manager.py:889} INFO - 
================================================================================
DAG File Processing Stats

File Path                         PID    Runtime      # DAGs    # Errors  Last Runtime    Last Run
--------------------------------  -----  ---------  --------  ----------  --------------  -------------------
/opt/airflow/dags/weather_dag.py                           0           1  0.90s           2025-02-23T19:59:17
================================================================================
[2025-02-23T20:00:14.609+0000] {manager.py:889} INFO - 
================================================================================
DAG File Processing Stats

File Path                         PID    Runtime      # DAGs    # Errors  Last Runtime    Last Run
--------------------------------  -----  ---------  --------  ----------  --------------  -------------------
/opt/airflow/dags/weather_dag.py                           1           0  1.29s           2025-02-23T19:59:48
================================================================================
[2025-02-23T20:00:44.908+0000] {manager.py:889} INFO - 
================================================================================
DAG File Processing Stats

File Path                         PID    Runtime      # DAGs    # Errors  Last Runtime    Last Run
--------------------------------  -----  ---------  --------  ----------  --------------  -------------------
/opt/airflow/dags/weather_dag.py                           1           0  2.38s           2025-02-23T20:00:21
================================================================================
[2025-02-23T20:01:15.426+0000] {manager.py:889} INFO - 
================================================================================
DAG File Processing Stats

File Path                         PID    Runtime      # DAGs    # Errors  Last Runtime    Last Run
--------------------------------  -----  ---------  --------  ----------  --------------  -------------------
/opt/airflow/dags/weather_dag.py                           1           0  2.16s           2025-02-23T20:00:53
================================================================================
[2025-02-23T20:01:45.591+0000] {manager.py:889} INFO - 
================================================================================
DAG File Processing Stats

File Path                         PID    Runtime      # DAGs    # Errors  Last Runtime    Last Run
--------------------------------  -----  ---------  --------  ----------  --------------  -------------------
/opt/airflow/dags/weather_dag.py                           1           0  2.07s           2025-02-23T20:01:25
================================================================================
[2025-02-23T20:02:15.773+0000] {manager.py:889} INFO - 
================================================================================
DAG File Processing Stats

File Path                         PID    Runtime      # DAGs    # Errors  Last Runtime    Last Run
--------------------------------  -----  ---------  --------  ----------  --------------  -------------------
/opt/airflow/dags/weather_dag.py                           1           0  2.06s           2025-02-23T20:01:57
================================================================================
[2025-02-23T20:02:45.942+0000] {manager.py:889} INFO - 
================================================================================
DAG File Processing Stats

File Path                         PID    Runtime      # DAGs    # Errors  Last Runtime    Last Run
--------------------------------  -----  ---------  --------  ----------  --------------  -------------------
/opt/airflow/dags/weather_dag.py                           1           0  2.08s           2025-02-23T20:02:29
================================================================================
[2025-02-23T20:03:13.898+0000] {manager.py:758} INFO - Searching for files in /opt/airflow/dags
[2025-02-23T20:03:13.914+0000] {manager.py:761} INFO - There are 1 files in /opt/airflow/dags
[2025-02-23T20:03:16.122+0000] {manager.py:889} INFO - 
================================================================================
DAG File Processing Stats

File Path                         PID    Runtime      # DAGs    # Errors  Last Runtime    Last Run
--------------------------------  -----  ---------  --------  ----------  --------------  -------------------
/opt/airflow/dags/weather_dag.py                           1           0  1.83s           2025-02-23T20:03:01
================================================================================
[2025-02-23T20:03:46.134+0000] {manager.py:889} INFO - 
================================================================================
DAG File Processing Stats

File Path                         PID    Runtime      # DAGs    # Errors  Last Runtime    Last Run
--------------------------------  -----  ---------  --------  ----------  --------------  -------------------
/opt/airflow/dags/weather_dag.py                           1           0  2.07s           2025-02-23T20:03:34
================================================================================
[2025-02-23T20:04:16.252+0000] {manager.py:889} INFO - 
================================================================================
DAG File Processing Stats

File Path                         PID    Runtime      # DAGs    # Errors  Last Runtime    Last Run
--------------------------------  -----  ---------  --------  ----------  --------------  -------------------
/opt/airflow/dags/weather_dag.py                           1           0  1.90s           2025-02-23T20:04:06
================================================================================
[2025-02-23T20:04:46.288+0000] {manager.py:889} INFO - 
================================================================================
DAG File Processing Stats

File Path                         PID    Runtime      # DAGs    # Errors  Last Runtime    Last Run
--------------------------------  -----  ---------  --------  ----------  --------------  -------------------
/opt/airflow/dags/weather_dag.py                           1           0  2.03s           2025-02-23T20:04:38
================================================================================
[2025-02-23T20:05:16.448+0000] {manager.py:889} INFO - 
================================================================================
DAG File Processing Stats

File Path                         PID    Runtime      # DAGs    # Errors  Last Runtime    Last Run
--------------------------------  -----  ---------  --------  ----------  --------------  -------------------
/opt/airflow/dags/weather_dag.py                           1           0  2.02s           2025-02-23T20:05:10
================================================================================
[2025-02-23T20:05:46.639+0000] {manager.py:889} INFO - 
================================================================================
DAG File Processing Stats

File Path                         PID    Runtime      # DAGs    # Errors  Last Runtime    Last Run
--------------------------------  -----  ---------  --------  ----------  --------------  -------------------
/opt/airflow/dags/weather_dag.py                           1           0  2.10s           2025-02-23T20:05:42
================================================================================
[2025-02-23T20:06:16.798+0000] {manager.py:889} INFO - 
================================================================================
DAG File Processing Stats

File Path                         PID    Runtime      # DAGs    # Errors  Last Runtime    Last Run
--------------------------------  -----  ---------  --------  ----------  --------------  -------------------
/opt/airflow/dags/weather_dag.py                           1           0  2.02s           2025-02-23T20:06:14
================================================================================
[2025-02-23T20:06:46.995+0000] {manager.py:889} INFO - 
================================================================================
DAG File Processing Stats

File Path                           PID  Runtime      # DAGs    # Errors  Last Runtime    Last Run
--------------------------------  -----  ---------  --------  ----------  --------------  -------------------
/opt/airflow/dags/weather_dag.py     89  2.04s             1           0  2.02s           2025-02-23T20:06:14
================================================================================
[2025-02-23T20:07:17.158+0000] {manager.py:889} INFO - 
================================================================================
DAG File Processing Stats

File Path                           PID  Runtime      # DAGs    # Errors  Last Runtime    Last Run
--------------------------------  -----  ---------  --------  ----------  --------------  -------------------
/opt/airflow/dags/weather_dag.py     92  0.01s             1           0  2.14s           2025-02-23T20:06:47
================================================================================
[2025-02-23T20:07:47.376+0000] {manager.py:889} INFO - 
================================================================================
DAG File Processing Stats

File Path                         PID    Runtime      # DAGs    # Errors  Last Runtime    Last Run
--------------------------------  -----  ---------  --------  ----------  --------------  -------------------
/opt/airflow/dags/weather_dag.py                           1           0  2.25s           2025-02-23T20:07:19
================================================================================
[2025-02-23T20:08:14.255+0000] {manager.py:758} INFO - Searching for files in /opt/airflow/dags
[2025-02-23T20:08:14.263+0000] {manager.py:761} INFO - There are 1 files in /opt/airflow/dags
[2025-02-23T20:08:17.655+0000] {manager.py:889} INFO - 
================================================================================
DAG File Processing Stats

File Path                         PID    Runtime      # DAGs    # Errors  Last Runtime    Last Run
--------------------------------  -----  ---------  --------  ----------  --------------  -------------------
/opt/airflow/dags/weather_dag.py                           1           0  1.59s           2025-02-23T20:07:51
================================================================================
[2025-02-23T20:08:47.792+0000] {manager.py:889} INFO - 
================================================================================
DAG File Processing Stats

File Path                         PID    Runtime      # DAGs    # Errors  Last Runtime    Last Run
--------------------------------  -----  ---------  --------  ----------  --------------  -------------------
/opt/airflow/dags/weather_dag.py                           1           0  0.97s           2025-02-23T20:08:22
================================================================================
[2025-02-23T20:09:17.923+0000] {manager.py:889} INFO - 
================================================================================
DAG File Processing Stats

File Path                         PID    Runtime      # DAGs    # Errors  Last Runtime    Last Run
--------------------------------  -----  ---------  --------  ----------  --------------  -------------------
/opt/airflow/dags/weather_dag.py                           1           0  0.90s           2025-02-23T20:08:53
================================================================================
[2025-02-23T20:09:48.059+0000] {manager.py:889} INFO - 
================================================================================
DAG File Processing Stats

File Path                         PID    Runtime      # DAGs    # Errors  Last Runtime    Last Run
--------------------------------  -----  ---------  --------  ----------  --------------  -------------------
/opt/airflow/dags/weather_dag.py                           1           0  0.87s           2025-02-23T20:09:24
================================================================================
[2025-02-23T20:10:18.191+0000] {manager.py:889} INFO - 
================================================================================
DAG File Processing Stats

File Path                         PID    Runtime      # DAGs    # Errors  Last Runtime    Last Run
--------------------------------  -----  ---------  --------  ----------  --------------  -------------------
/opt/airflow/dags/weather_dag.py                           1           0  0.88s           2025-02-23T20:09:55
================================================================================
[2025-02-23T20:10:48.330+0000] {manager.py:889} INFO - 
================================================================================
DAG File Processing Stats

File Path                         PID    Runtime      # DAGs    # Errors  Last Runtime    Last Run
--------------------------------  -----  ---------  --------  ----------  --------------  -------------------
/opt/airflow/dags/weather_dag.py                           1           0  0.88s           2025-02-23T20:10:26
================================================================================
[2025-02-23T20:11:18.575+0000] {manager.py:889} INFO - 
================================================================================
DAG File Processing Stats

File Path                         PID    Runtime      # DAGs    # Errors  Last Runtime    Last Run
--------------------------------  -----  ---------  --------  ----------  --------------  -------------------
/opt/airflow/dags/weather_dag.py                           1           0  0.87s           2025-02-23T20:10:57
================================================================================
[2025-02-23T20:11:48.704+0000] {manager.py:889} INFO - 
================================================================================
DAG File Processing Stats

File Path                         PID    Runtime      # DAGs    # Errors  Last Runtime    Last Run
--------------------------------  -----  ---------  --------  ----------  --------------  -------------------
/opt/airflow/dags/weather_dag.py                           1           0  0.90s           2025-02-23T20:11:28
================================================================================
[2025-02-23T20:12:18.836+0000] {manager.py:889} INFO - 
================================================================================
DAG File Processing Stats

File Path                         PID    Runtime      # DAGs    # Errors  Last Runtime    Last Run
--------------------------------  -----  ---------  --------  ----------  --------------  -------------------
/opt/airflow/dags/weather_dag.py                           1           0  0.88s           2025-02-23T20:11:59
================================================================================
[2025-02-23T20:12:48.968+0000] {manager.py:889} INFO - 
================================================================================
DAG File Processing Stats

File Path                         PID    Runtime      # DAGs    # Errors  Last Runtime    Last Run
--------------------------------  -----  ---------  --------  ----------  --------------  -------------------
/opt/airflow/dags/weather_dag.py                           1           0  0.88s           2025-02-23T20:12:30
================================================================================
[2025-02-23T20:13:14.389+0000] {manager.py:758} INFO - Searching for files in /opt/airflow/dags
[2025-02-23T20:13:14.393+0000] {manager.py:761} INFO - There are 1 files in /opt/airflow/dags
[2025-02-23T20:13:19.105+0000] {manager.py:889} INFO - 
================================================================================
DAG File Processing Stats

File Path                         PID    Runtime      # DAGs    # Errors  Last Runtime    Last Run
--------------------------------  -----  ---------  --------  ----------  --------------  -------------------
/opt/airflow/dags/weather_dag.py                           1           0  0.88s           2025-02-23T20:13:01
================================================================================
[2025-02-23T20:13:49.239+0000] {manager.py:889} INFO - 
================================================================================
DAG File Processing Stats

File Path                         PID    Runtime      # DAGs    # Errors  Last Runtime    Last Run
--------------------------------  -----  ---------  --------  ----------  --------------  -------------------
/opt/airflow/dags/weather_dag.py                           1           0  0.88s           2025-02-23T20:13:32
================================================================================
[2025-02-23T20:14:19.580+0000] {manager.py:889} INFO - 
================================================================================
DAG File Processing Stats

File Path                         PID    Runtime      # DAGs    # Errors  Last Runtime    Last Run
--------------------------------  -----  ---------  --------  ----------  --------------  -------------------
/opt/airflow/dags/weather_dag.py                           1           0  1.03s           2025-02-23T20:14:03
================================================================================
[2025-02-23T20:14:49.706+0000] {manager.py:889} INFO - 
================================================================================
DAG File Processing Stats

File Path                         PID    Runtime      # DAGs    # Errors  Last Runtime    Last Run
--------------------------------  -----  ---------  --------  ----------  --------------  -------------------
/opt/airflow/dags/weather_dag.py                           1           0  0.98s           2025-02-23T20:14:34
================================================================================
[2025-02-23T20:15:19.752+0000] {manager.py:889} INFO - 
================================================================================
DAG File Processing Stats

File Path                         PID    Runtime      # DAGs    # Errors  Last Runtime    Last Run
--------------------------------  -----  ---------  --------  ----------  --------------  -------------------
/opt/airflow/dags/weather_dag.py                           1           0  0.90s           2025-02-23T20:15:05
================================================================================
[2025-02-23T20:15:49.771+0000] {manager.py:889} INFO - 
================================================================================
DAG File Processing Stats

File Path                         PID    Runtime      # DAGs    # Errors  Last Runtime    Last Run
--------------------------------  -----  ---------  --------  ----------  --------------  -------------------
/opt/airflow/dags/weather_dag.py                           1           0  0.88s           2025-02-23T20:15:36
================================================================================
[2025-02-23T20:16:19.802+0000] {manager.py:889} INFO - 
================================================================================
DAG File Processing Stats

File Path                         PID    Runtime      # DAGs    # Errors  Last Runtime    Last Run
--------------------------------  -----  ---------  --------  ----------  --------------  -------------------
/opt/airflow/dags/weather_dag.py                           1           0  0.90s           2025-02-23T20:16:07
================================================================================
[2025-02-23T20:16:49.906+0000] {manager.py:889} INFO - 
================================================================================
DAG File Processing Stats

File Path                         PID    Runtime      # DAGs    # Errors  Last Runtime    Last Run
--------------------------------  -----  ---------  --------  ----------  --------------  -------------------
/opt/airflow/dags/weather_dag.py                           1           0  0.97s           2025-02-23T20:16:38
================================================================================
[2025-02-23T20:17:19.990+0000] {manager.py:889} INFO - 
================================================================================
DAG File Processing Stats

File Path                         PID    Runtime      # DAGs    # Errors  Last Runtime    Last Run
--------------------------------  -----  ---------  --------  ----------  --------------  -------------------
/opt/airflow/dags/weather_dag.py                           1           0  0.95s           2025-02-23T20:17:09
================================================================================
