[2025-02-11T00:00:09.285+0000] {processor.py:156} INFO - Started process (PID=29521) to work on /opt/airflow/dags/weather_data_dag.py
[2025-02-11T00:00:09.290+0000] {processor.py:799} INFO - Processing file /opt/airflow/dags/weather_data_dag.py for tasks to queue
[2025-02-11T00:00:09.293+0000] {logging_mixin.py:149} INFO - [2025-02-11T00:00:09.292+0000] {dagbag.py:541} INFO - Filling up the DagBag from /opt/airflow/dags/weather_data_dag.py
[2025-02-11T00:00:10.948+0000] {processor.py:809} INFO - DAG(s) dict_keys(['get_current_weather']) retrieved from /opt/airflow/dags/weather_data_dag.py
[2025-02-11T00:00:11.116+0000] {logging_mixin.py:149} INFO - [2025-02-11T00:00:11.115+0000] {dag.py:2726} INFO - Sync 1 DAGs
[2025-02-11T00:00:11.249+0000] {logging_mixin.py:149} INFO - [2025-02-11T00:00:11.249+0000] {dag.py:3486} INFO - Setting next_dagrun for get_current_weather to 2025-02-11T00:00:00+00:00, run_after=2025-02-12T00:00:00+00:00
[2025-02-11T00:00:11.368+0000] {processor.py:178} INFO - Processing /opt/airflow/dags/weather_data_dag.py took 2.089 seconds
[2025-02-11T00:00:41.565+0000] {processor.py:156} INFO - Started process (PID=29534) to work on /opt/airflow/dags/weather_data_dag.py
[2025-02-11T00:00:41.568+0000] {processor.py:799} INFO - Processing file /opt/airflow/dags/weather_data_dag.py for tasks to queue
[2025-02-11T00:00:41.569+0000] {logging_mixin.py:149} INFO - [2025-02-11T00:00:41.569+0000] {dagbag.py:541} INFO - Filling up the DagBag from /opt/airflow/dags/weather_data_dag.py
[2025-02-11T00:00:42.132+0000] {processor.py:809} INFO - DAG(s) dict_keys(['get_current_weather']) retrieved from /opt/airflow/dags/weather_data_dag.py
[2025-02-11T00:00:42.183+0000] {logging_mixin.py:149} INFO - [2025-02-11T00:00:42.183+0000] {dag.py:2726} INFO - Sync 1 DAGs
[2025-02-11T00:00:42.236+0000] {logging_mixin.py:149} INFO - [2025-02-11T00:00:42.236+0000] {dag.py:3486} INFO - Setting next_dagrun for get_current_weather to 2025-02-11T00:00:00+00:00, run_after=2025-02-12T00:00:00+00:00
[2025-02-11T00:00:42.272+0000] {processor.py:178} INFO - Processing /opt/airflow/dags/weather_data_dag.py took 0.714 seconds
[2025-02-11T00:01:12.586+0000] {processor.py:156} INFO - Started process (PID=29539) to work on /opt/airflow/dags/weather_data_dag.py
[2025-02-11T00:01:12.588+0000] {processor.py:799} INFO - Processing file /opt/airflow/dags/weather_data_dag.py for tasks to queue
[2025-02-11T00:01:12.590+0000] {logging_mixin.py:149} INFO - [2025-02-11T00:01:12.590+0000] {dagbag.py:541} INFO - Filling up the DagBag from /opt/airflow/dags/weather_data_dag.py
[2025-02-11T00:01:13.097+0000] {processor.py:809} INFO - DAG(s) dict_keys(['get_current_weather']) retrieved from /opt/airflow/dags/weather_data_dag.py
[2025-02-11T00:01:13.145+0000] {logging_mixin.py:149} INFO - [2025-02-11T00:01:13.144+0000] {dag.py:2726} INFO - Sync 1 DAGs
[2025-02-11T00:01:13.208+0000] {logging_mixin.py:149} INFO - [2025-02-11T00:01:13.208+0000] {dag.py:3486} INFO - Setting next_dagrun for get_current_weather to 2025-02-11T00:00:00+00:00, run_after=2025-02-12T00:00:00+00:00
[2025-02-11T00:01:13.247+0000] {processor.py:178} INFO - Processing /opt/airflow/dags/weather_data_dag.py took 0.667 seconds
[2025-02-11T00:01:43.522+0000] {processor.py:156} INFO - Started process (PID=29544) to work on /opt/airflow/dags/weather_data_dag.py
[2025-02-11T00:01:43.526+0000] {processor.py:799} INFO - Processing file /opt/airflow/dags/weather_data_dag.py for tasks to queue
[2025-02-11T00:01:43.527+0000] {logging_mixin.py:149} INFO - [2025-02-11T00:01:43.527+0000] {dagbag.py:541} INFO - Filling up the DagBag from /opt/airflow/dags/weather_data_dag.py
[2025-02-11T00:01:44.088+0000] {processor.py:809} INFO - DAG(s) dict_keys(['get_current_weather']) retrieved from /opt/airflow/dags/weather_data_dag.py
[2025-02-11T00:01:44.142+0000] {logging_mixin.py:149} INFO - [2025-02-11T00:01:44.141+0000] {dag.py:2726} INFO - Sync 1 DAGs
[2025-02-11T00:01:44.193+0000] {logging_mixin.py:149} INFO - [2025-02-11T00:01:44.193+0000] {dag.py:3486} INFO - Setting next_dagrun for get_current_weather to 2025-02-11T00:00:00+00:00, run_after=2025-02-12T00:00:00+00:00
[2025-02-11T00:01:44.227+0000] {processor.py:178} INFO - Processing /opt/airflow/dags/weather_data_dag.py took 0.710 seconds
[2025-02-11T00:02:14.548+0000] {processor.py:156} INFO - Started process (PID=29549) to work on /opt/airflow/dags/weather_data_dag.py
[2025-02-11T00:02:14.550+0000] {processor.py:799} INFO - Processing file /opt/airflow/dags/weather_data_dag.py for tasks to queue
[2025-02-11T00:02:14.552+0000] {logging_mixin.py:149} INFO - [2025-02-11T00:02:14.552+0000] {dagbag.py:541} INFO - Filling up the DagBag from /opt/airflow/dags/weather_data_dag.py
[2025-02-11T00:02:15.062+0000] {processor.py:809} INFO - DAG(s) dict_keys(['get_current_weather']) retrieved from /opt/airflow/dags/weather_data_dag.py
[2025-02-11T00:02:15.110+0000] {logging_mixin.py:149} INFO - [2025-02-11T00:02:15.110+0000] {dag.py:2726} INFO - Sync 1 DAGs
[2025-02-11T00:02:15.160+0000] {logging_mixin.py:149} INFO - [2025-02-11T00:02:15.160+0000] {dag.py:3486} INFO - Setting next_dagrun for get_current_weather to 2025-02-11T00:00:00+00:00, run_after=2025-02-12T00:00:00+00:00
[2025-02-11T00:02:15.203+0000] {processor.py:178} INFO - Processing /opt/airflow/dags/weather_data_dag.py took 0.659 seconds
[2025-02-11T00:02:45.507+0000] {processor.py:156} INFO - Started process (PID=29554) to work on /opt/airflow/dags/weather_data_dag.py
[2025-02-11T00:02:45.511+0000] {processor.py:799} INFO - Processing file /opt/airflow/dags/weather_data_dag.py for tasks to queue
[2025-02-11T00:02:45.512+0000] {logging_mixin.py:149} INFO - [2025-02-11T00:02:45.512+0000] {dagbag.py:541} INFO - Filling up the DagBag from /opt/airflow/dags/weather_data_dag.py
[2025-02-11T00:02:46.043+0000] {processor.py:809} INFO - DAG(s) dict_keys(['get_current_weather']) retrieved from /opt/airflow/dags/weather_data_dag.py
[2025-02-11T00:02:46.090+0000] {logging_mixin.py:149} INFO - [2025-02-11T00:02:46.090+0000] {dag.py:2726} INFO - Sync 1 DAGs
[2025-02-11T00:02:46.138+0000] {logging_mixin.py:149} INFO - [2025-02-11T00:02:46.138+0000] {dag.py:3486} INFO - Setting next_dagrun for get_current_weather to 2025-02-11T00:00:00+00:00, run_after=2025-02-12T00:00:00+00:00
[2025-02-11T00:02:46.172+0000] {processor.py:178} INFO - Processing /opt/airflow/dags/weather_data_dag.py took 0.670 seconds
[2025-02-11T00:03:16.496+0000] {processor.py:156} INFO - Started process (PID=29559) to work on /opt/airflow/dags/weather_data_dag.py
[2025-02-11T00:03:16.498+0000] {processor.py:799} INFO - Processing file /opt/airflow/dags/weather_data_dag.py for tasks to queue
[2025-02-11T00:03:16.500+0000] {logging_mixin.py:149} INFO - [2025-02-11T00:03:16.500+0000] {dagbag.py:541} INFO - Filling up the DagBag from /opt/airflow/dags/weather_data_dag.py
[2025-02-11T00:03:17.022+0000] {processor.py:809} INFO - DAG(s) dict_keys(['get_current_weather']) retrieved from /opt/airflow/dags/weather_data_dag.py
[2025-02-11T00:03:17.072+0000] {logging_mixin.py:149} INFO - [2025-02-11T00:03:17.071+0000] {dag.py:2726} INFO - Sync 1 DAGs
[2025-02-11T00:03:17.120+0000] {logging_mixin.py:149} INFO - [2025-02-11T00:03:17.120+0000] {dag.py:3486} INFO - Setting next_dagrun for get_current_weather to 2025-02-11T00:00:00+00:00, run_after=2025-02-12T00:00:00+00:00
[2025-02-11T00:03:17.155+0000] {processor.py:178} INFO - Processing /opt/airflow/dags/weather_data_dag.py took 0.664 seconds
[2025-02-11T00:03:47.341+0000] {processor.py:156} INFO - Started process (PID=29564) to work on /opt/airflow/dags/weather_data_dag.py
[2025-02-11T00:03:47.343+0000] {processor.py:799} INFO - Processing file /opt/airflow/dags/weather_data_dag.py for tasks to queue
[2025-02-11T00:03:47.344+0000] {logging_mixin.py:149} INFO - [2025-02-11T00:03:47.344+0000] {dagbag.py:541} INFO - Filling up the DagBag from /opt/airflow/dags/weather_data_dag.py
[2025-02-11T00:03:47.847+0000] {processor.py:809} INFO - DAG(s) dict_keys(['get_current_weather']) retrieved from /opt/airflow/dags/weather_data_dag.py
[2025-02-11T00:03:47.908+0000] {logging_mixin.py:149} INFO - [2025-02-11T00:03:47.908+0000] {dag.py:2726} INFO - Sync 1 DAGs
[2025-02-11T00:03:47.958+0000] {logging_mixin.py:149} INFO - [2025-02-11T00:03:47.957+0000] {dag.py:3486} INFO - Setting next_dagrun for get_current_weather to 2025-02-11T00:00:00+00:00, run_after=2025-02-12T00:00:00+00:00
[2025-02-11T00:03:47.996+0000] {processor.py:178} INFO - Processing /opt/airflow/dags/weather_data_dag.py took 0.661 seconds
[2025-02-11T00:04:18.278+0000] {processor.py:156} INFO - Started process (PID=29569) to work on /opt/airflow/dags/weather_data_dag.py
[2025-02-11T00:04:18.280+0000] {processor.py:799} INFO - Processing file /opt/airflow/dags/weather_data_dag.py for tasks to queue
[2025-02-11T00:04:18.283+0000] {logging_mixin.py:149} INFO - [2025-02-11T00:04:18.283+0000] {dagbag.py:541} INFO - Filling up the DagBag from /opt/airflow/dags/weather_data_dag.py
[2025-02-11T00:04:18.816+0000] {processor.py:809} INFO - DAG(s) dict_keys(['get_current_weather']) retrieved from /opt/airflow/dags/weather_data_dag.py
[2025-02-11T00:04:18.865+0000] {logging_mixin.py:149} INFO - [2025-02-11T00:04:18.864+0000] {dag.py:2726} INFO - Sync 1 DAGs
[2025-02-11T00:04:18.912+0000] {logging_mixin.py:149} INFO - [2025-02-11T00:04:18.912+0000] {dag.py:3486} INFO - Setting next_dagrun for get_current_weather to 2025-02-11T00:00:00+00:00, run_after=2025-02-12T00:00:00+00:00
[2025-02-11T00:04:18.948+0000] {processor.py:178} INFO - Processing /opt/airflow/dags/weather_data_dag.py took 0.676 seconds
[2025-02-11T00:04:49.243+0000] {processor.py:156} INFO - Started process (PID=29574) to work on /opt/airflow/dags/weather_data_dag.py
[2025-02-11T00:04:49.246+0000] {processor.py:799} INFO - Processing file /opt/airflow/dags/weather_data_dag.py for tasks to queue
[2025-02-11T00:04:49.248+0000] {logging_mixin.py:149} INFO - [2025-02-11T00:04:49.248+0000] {dagbag.py:541} INFO - Filling up the DagBag from /opt/airflow/dags/weather_data_dag.py
[2025-02-11T00:04:49.794+0000] {processor.py:809} INFO - DAG(s) dict_keys(['get_current_weather']) retrieved from /opt/airflow/dags/weather_data_dag.py
[2025-02-11T00:04:49.845+0000] {logging_mixin.py:149} INFO - [2025-02-11T00:04:49.844+0000] {dag.py:2726} INFO - Sync 1 DAGs
[2025-02-11T00:04:49.889+0000] {logging_mixin.py:149} INFO - [2025-02-11T00:04:49.889+0000] {dag.py:3486} INFO - Setting next_dagrun for get_current_weather to 2025-02-11T00:00:00+00:00, run_after=2025-02-12T00:00:00+00:00
[2025-02-11T00:04:49.921+0000] {processor.py:178} INFO - Processing /opt/airflow/dags/weather_data_dag.py took 0.685 seconds
[2025-02-11T00:05:20.293+0000] {processor.py:156} INFO - Started process (PID=29579) to work on /opt/airflow/dags/weather_data_dag.py
[2025-02-11T00:05:20.297+0000] {processor.py:799} INFO - Processing file /opt/airflow/dags/weather_data_dag.py for tasks to queue
[2025-02-11T00:05:20.299+0000] {logging_mixin.py:149} INFO - [2025-02-11T00:05:20.299+0000] {dagbag.py:541} INFO - Filling up the DagBag from /opt/airflow/dags/weather_data_dag.py
[2025-02-11T00:05:20.998+0000] {processor.py:809} INFO - DAG(s) dict_keys(['get_current_weather']) retrieved from /opt/airflow/dags/weather_data_dag.py
[2025-02-11T00:05:21.057+0000] {logging_mixin.py:149} INFO - [2025-02-11T00:05:21.056+0000] {dag.py:2726} INFO - Sync 1 DAGs
[2025-02-11T00:05:21.111+0000] {logging_mixin.py:149} INFO - [2025-02-11T00:05:21.111+0000] {dag.py:3486} INFO - Setting next_dagrun for get_current_weather to 2025-02-11T00:00:00+00:00, run_after=2025-02-12T00:00:00+00:00
[2025-02-11T00:05:21.151+0000] {processor.py:178} INFO - Processing /opt/airflow/dags/weather_data_dag.py took 0.866 seconds
[2025-02-11T00:05:51.462+0000] {processor.py:156} INFO - Started process (PID=29584) to work on /opt/airflow/dags/weather_data_dag.py
[2025-02-11T00:05:51.464+0000] {processor.py:799} INFO - Processing file /opt/airflow/dags/weather_data_dag.py for tasks to queue
[2025-02-11T00:05:51.466+0000] {logging_mixin.py:149} INFO - [2025-02-11T00:05:51.465+0000] {dagbag.py:541} INFO - Filling up the DagBag from /opt/airflow/dags/weather_data_dag.py
[2025-02-11T00:05:51.961+0000] {processor.py:809} INFO - DAG(s) dict_keys(['get_current_weather']) retrieved from /opt/airflow/dags/weather_data_dag.py
[2025-02-11T00:05:52.032+0000] {logging_mixin.py:149} INFO - [2025-02-11T00:05:52.032+0000] {dag.py:2726} INFO - Sync 1 DAGs
[2025-02-11T00:05:52.080+0000] {logging_mixin.py:149} INFO - [2025-02-11T00:05:52.080+0000] {dag.py:3486} INFO - Setting next_dagrun for get_current_weather to 2025-02-11T00:00:00+00:00, run_after=2025-02-12T00:00:00+00:00
[2025-02-11T00:05:52.118+0000] {processor.py:178} INFO - Processing /opt/airflow/dags/weather_data_dag.py took 0.661 seconds
[2025-02-11T00:06:22.409+0000] {processor.py:156} INFO - Started process (PID=29589) to work on /opt/airflow/dags/weather_data_dag.py
[2025-02-11T00:06:22.413+0000] {processor.py:799} INFO - Processing file /opt/airflow/dags/weather_data_dag.py for tasks to queue
[2025-02-11T00:06:22.421+0000] {logging_mixin.py:149} INFO - [2025-02-11T00:06:22.420+0000] {dagbag.py:541} INFO - Filling up the DagBag from /opt/airflow/dags/weather_data_dag.py
[2025-02-11T00:06:22.975+0000] {processor.py:809} INFO - DAG(s) dict_keys(['get_current_weather']) retrieved from /opt/airflow/dags/weather_data_dag.py
[2025-02-11T00:06:23.022+0000] {logging_mixin.py:149} INFO - [2025-02-11T00:06:23.021+0000] {dag.py:2726} INFO - Sync 1 DAGs
[2025-02-11T00:06:23.078+0000] {logging_mixin.py:149} INFO - [2025-02-11T00:06:23.077+0000] {dag.py:3486} INFO - Setting next_dagrun for get_current_weather to 2025-02-11T00:00:00+00:00, run_after=2025-02-12T00:00:00+00:00
[2025-02-11T00:06:23.115+0000] {processor.py:178} INFO - Processing /opt/airflow/dags/weather_data_dag.py took 0.711 seconds
[2025-02-11T00:06:53.419+0000] {processor.py:156} INFO - Started process (PID=29594) to work on /opt/airflow/dags/weather_data_dag.py
[2025-02-11T00:06:53.421+0000] {processor.py:799} INFO - Processing file /opt/airflow/dags/weather_data_dag.py for tasks to queue
[2025-02-11T00:06:53.423+0000] {logging_mixin.py:149} INFO - [2025-02-11T00:06:53.423+0000] {dagbag.py:541} INFO - Filling up the DagBag from /opt/airflow/dags/weather_data_dag.py
[2025-02-11T00:06:53.986+0000] {processor.py:809} INFO - DAG(s) dict_keys(['get_current_weather']) retrieved from /opt/airflow/dags/weather_data_dag.py
[2025-02-11T00:06:54.041+0000] {logging_mixin.py:149} INFO - [2025-02-11T00:06:54.041+0000] {dag.py:2726} INFO - Sync 1 DAGs
[2025-02-11T00:06:54.092+0000] {logging_mixin.py:149} INFO - [2025-02-11T00:06:54.092+0000] {dag.py:3486} INFO - Setting next_dagrun for get_current_weather to 2025-02-11T00:00:00+00:00, run_after=2025-02-12T00:00:00+00:00
[2025-02-11T00:06:54.129+0000] {processor.py:178} INFO - Processing /opt/airflow/dags/weather_data_dag.py took 0.715 seconds
[2025-02-11T00:07:24.435+0000] {processor.py:156} INFO - Started process (PID=29599) to work on /opt/airflow/dags/weather_data_dag.py
[2025-02-11T00:07:24.438+0000] {processor.py:799} INFO - Processing file /opt/airflow/dags/weather_data_dag.py for tasks to queue
[2025-02-11T00:07:24.439+0000] {logging_mixin.py:149} INFO - [2025-02-11T00:07:24.439+0000] {dagbag.py:541} INFO - Filling up the DagBag from /opt/airflow/dags/weather_data_dag.py
[2025-02-11T00:07:24.925+0000] {processor.py:809} INFO - DAG(s) dict_keys(['get_current_weather']) retrieved from /opt/airflow/dags/weather_data_dag.py
[2025-02-11T00:07:24.974+0000] {logging_mixin.py:149} INFO - [2025-02-11T00:07:24.973+0000] {dag.py:2726} INFO - Sync 1 DAGs
[2025-02-11T00:07:25.022+0000] {logging_mixin.py:149} INFO - [2025-02-11T00:07:25.021+0000] {dag.py:3486} INFO - Setting next_dagrun for get_current_weather to 2025-02-11T00:00:00+00:00, run_after=2025-02-12T00:00:00+00:00
[2025-02-11T00:07:25.057+0000] {processor.py:178} INFO - Processing /opt/airflow/dags/weather_data_dag.py took 0.626 seconds
[2025-02-11T00:07:55.357+0000] {processor.py:156} INFO - Started process (PID=29604) to work on /opt/airflow/dags/weather_data_dag.py
[2025-02-11T00:07:55.360+0000] {processor.py:799} INFO - Processing file /opt/airflow/dags/weather_data_dag.py for tasks to queue
[2025-02-11T00:07:55.362+0000] {logging_mixin.py:149} INFO - [2025-02-11T00:07:55.362+0000] {dagbag.py:541} INFO - Filling up the DagBag from /opt/airflow/dags/weather_data_dag.py
[2025-02-11T00:07:55.929+0000] {processor.py:809} INFO - DAG(s) dict_keys(['get_current_weather']) retrieved from /opt/airflow/dags/weather_data_dag.py
[2025-02-11T00:07:55.981+0000] {logging_mixin.py:149} INFO - [2025-02-11T00:07:55.980+0000] {dag.py:2726} INFO - Sync 1 DAGs
[2025-02-11T00:07:56.024+0000] {logging_mixin.py:149} INFO - [2025-02-11T00:07:56.024+0000] {dag.py:3486} INFO - Setting next_dagrun for get_current_weather to 2025-02-11T00:00:00+00:00, run_after=2025-02-12T00:00:00+00:00
[2025-02-11T00:07:56.057+0000] {processor.py:178} INFO - Processing /opt/airflow/dags/weather_data_dag.py took 0.704 seconds
[2025-02-11T00:08:26.318+0000] {processor.py:156} INFO - Started process (PID=29609) to work on /opt/airflow/dags/weather_data_dag.py
[2025-02-11T00:08:26.320+0000] {processor.py:799} INFO - Processing file /opt/airflow/dags/weather_data_dag.py for tasks to queue
[2025-02-11T00:08:26.322+0000] {logging_mixin.py:149} INFO - [2025-02-11T00:08:26.321+0000] {dagbag.py:541} INFO - Filling up the DagBag from /opt/airflow/dags/weather_data_dag.py
[2025-02-11T00:08:26.846+0000] {processor.py:809} INFO - DAG(s) dict_keys(['get_current_weather']) retrieved from /opt/airflow/dags/weather_data_dag.py
[2025-02-11T00:08:26.902+0000] {logging_mixin.py:149} INFO - [2025-02-11T00:08:26.901+0000] {dag.py:2726} INFO - Sync 1 DAGs
[2025-02-11T00:08:26.949+0000] {logging_mixin.py:149} INFO - [2025-02-11T00:08:26.949+0000] {dag.py:3486} INFO - Setting next_dagrun for get_current_weather to 2025-02-11T00:00:00+00:00, run_after=2025-02-12T00:00:00+00:00
[2025-02-11T00:08:26.985+0000] {processor.py:178} INFO - Processing /opt/airflow/dags/weather_data_dag.py took 0.674 seconds
[2025-02-11T00:08:57.291+0000] {processor.py:156} INFO - Started process (PID=29614) to work on /opt/airflow/dags/weather_data_dag.py
[2025-02-11T00:08:57.293+0000] {processor.py:799} INFO - Processing file /opt/airflow/dags/weather_data_dag.py for tasks to queue
[2025-02-11T00:08:57.294+0000] {logging_mixin.py:149} INFO - [2025-02-11T00:08:57.294+0000] {dagbag.py:541} INFO - Filling up the DagBag from /opt/airflow/dags/weather_data_dag.py
[2025-02-11T00:08:57.823+0000] {processor.py:809} INFO - DAG(s) dict_keys(['get_current_weather']) retrieved from /opt/airflow/dags/weather_data_dag.py
[2025-02-11T00:08:57.873+0000] {logging_mixin.py:149} INFO - [2025-02-11T00:08:57.872+0000] {dag.py:2726} INFO - Sync 1 DAGs
[2025-02-11T00:08:57.921+0000] {logging_mixin.py:149} INFO - [2025-02-11T00:08:57.921+0000] {dag.py:3486} INFO - Setting next_dagrun for get_current_weather to 2025-02-11T00:00:00+00:00, run_after=2025-02-12T00:00:00+00:00
[2025-02-11T00:08:57.954+0000] {processor.py:178} INFO - Processing /opt/airflow/dags/weather_data_dag.py took 0.668 seconds
[2025-02-11T00:09:28.244+0000] {processor.py:156} INFO - Started process (PID=29619) to work on /opt/airflow/dags/weather_data_dag.py
[2025-02-11T00:09:28.247+0000] {processor.py:799} INFO - Processing file /opt/airflow/dags/weather_data_dag.py for tasks to queue
[2025-02-11T00:09:28.248+0000] {logging_mixin.py:149} INFO - [2025-02-11T00:09:28.248+0000] {dagbag.py:541} INFO - Filling up the DagBag from /opt/airflow/dags/weather_data_dag.py
[2025-02-11T00:09:28.796+0000] {processor.py:809} INFO - DAG(s) dict_keys(['get_current_weather']) retrieved from /opt/airflow/dags/weather_data_dag.py
[2025-02-11T00:09:28.842+0000] {logging_mixin.py:149} INFO - [2025-02-11T00:09:28.841+0000] {dag.py:2726} INFO - Sync 1 DAGs
[2025-02-11T00:09:28.890+0000] {logging_mixin.py:149} INFO - [2025-02-11T00:09:28.890+0000] {dag.py:3486} INFO - Setting next_dagrun for get_current_weather to 2025-02-11T00:00:00+00:00, run_after=2025-02-12T00:00:00+00:00
[2025-02-11T00:09:28.929+0000] {processor.py:178} INFO - Processing /opt/airflow/dags/weather_data_dag.py took 0.693 seconds
[2025-02-11T00:09:59.223+0000] {processor.py:156} INFO - Started process (PID=29624) to work on /opt/airflow/dags/weather_data_dag.py
[2025-02-11T00:09:59.225+0000] {processor.py:799} INFO - Processing file /opt/airflow/dags/weather_data_dag.py for tasks to queue
[2025-02-11T00:09:59.228+0000] {logging_mixin.py:149} INFO - [2025-02-11T00:09:59.227+0000] {dagbag.py:541} INFO - Filling up the DagBag from /opt/airflow/dags/weather_data_dag.py
[2025-02-11T00:09:59.771+0000] {processor.py:809} INFO - DAG(s) dict_keys(['get_current_weather']) retrieved from /opt/airflow/dags/weather_data_dag.py
[2025-02-11T00:09:59.825+0000] {logging_mixin.py:149} INFO - [2025-02-11T00:09:59.824+0000] {dag.py:2726} INFO - Sync 1 DAGs
[2025-02-11T00:09:59.879+0000] {logging_mixin.py:149} INFO - [2025-02-11T00:09:59.879+0000] {dag.py:3486} INFO - Setting next_dagrun for get_current_weather to 2025-02-11T00:00:00+00:00, run_after=2025-02-12T00:00:00+00:00
[2025-02-11T00:09:59.923+0000] {processor.py:178} INFO - Processing /opt/airflow/dags/weather_data_dag.py took 0.705 seconds
[2025-02-11T00:10:30.023+0000] {processor.py:156} INFO - Started process (PID=29629) to work on /opt/airflow/dags/weather_data_dag.py
[2025-02-11T00:10:30.026+0000] {processor.py:799} INFO - Processing file /opt/airflow/dags/weather_data_dag.py for tasks to queue
[2025-02-11T00:10:30.028+0000] {logging_mixin.py:149} INFO - [2025-02-11T00:10:30.028+0000] {dagbag.py:541} INFO - Filling up the DagBag from /opt/airflow/dags/weather_data_dag.py
[2025-02-11T00:10:30.576+0000] {processor.py:809} INFO - DAG(s) dict_keys(['get_current_weather']) retrieved from /opt/airflow/dags/weather_data_dag.py
[2025-02-11T00:10:30.630+0000] {logging_mixin.py:149} INFO - [2025-02-11T00:10:30.629+0000] {dag.py:2726} INFO - Sync 1 DAGs
[2025-02-11T00:10:30.686+0000] {logging_mixin.py:149} INFO - [2025-02-11T00:10:30.685+0000] {dag.py:3486} INFO - Setting next_dagrun for get_current_weather to 2025-02-11T00:00:00+00:00, run_after=2025-02-12T00:00:00+00:00
[2025-02-11T00:10:30.720+0000] {processor.py:178} INFO - Processing /opt/airflow/dags/weather_data_dag.py took 0.703 seconds
[2025-02-11T00:11:01.065+0000] {processor.py:156} INFO - Started process (PID=29634) to work on /opt/airflow/dags/weather_data_dag.py
[2025-02-11T00:11:01.068+0000] {processor.py:799} INFO - Processing file /opt/airflow/dags/weather_data_dag.py for tasks to queue
[2025-02-11T00:11:01.070+0000] {logging_mixin.py:149} INFO - [2025-02-11T00:11:01.070+0000] {dagbag.py:541} INFO - Filling up the DagBag from /opt/airflow/dags/weather_data_dag.py
[2025-02-11T00:11:01.602+0000] {processor.py:809} INFO - DAG(s) dict_keys(['get_current_weather']) retrieved from /opt/airflow/dags/weather_data_dag.py
[2025-02-11T00:11:01.651+0000] {logging_mixin.py:149} INFO - [2025-02-11T00:11:01.650+0000] {dag.py:2726} INFO - Sync 1 DAGs
[2025-02-11T00:11:01.701+0000] {logging_mixin.py:149} INFO - [2025-02-11T00:11:01.700+0000] {dag.py:3486} INFO - Setting next_dagrun for get_current_weather to 2025-02-11T00:00:00+00:00, run_after=2025-02-12T00:00:00+00:00
[2025-02-11T00:11:01.737+0000] {processor.py:178} INFO - Processing /opt/airflow/dags/weather_data_dag.py took 0.681 seconds
[2025-02-11T00:11:32.031+0000] {processor.py:156} INFO - Started process (PID=29639) to work on /opt/airflow/dags/weather_data_dag.py
[2025-02-11T00:11:32.033+0000] {processor.py:799} INFO - Processing file /opt/airflow/dags/weather_data_dag.py for tasks to queue
[2025-02-11T00:11:32.035+0000] {logging_mixin.py:149} INFO - [2025-02-11T00:11:32.035+0000] {dagbag.py:541} INFO - Filling up the DagBag from /opt/airflow/dags/weather_data_dag.py
[2025-02-11T00:11:32.531+0000] {processor.py:809} INFO - DAG(s) dict_keys(['get_current_weather']) retrieved from /opt/airflow/dags/weather_data_dag.py
[2025-02-11T00:11:32.586+0000] {logging_mixin.py:149} INFO - [2025-02-11T00:11:32.585+0000] {dag.py:2726} INFO - Sync 1 DAGs
[2025-02-11T00:11:32.633+0000] {logging_mixin.py:149} INFO - [2025-02-11T00:11:32.633+0000] {dag.py:3486} INFO - Setting next_dagrun for get_current_weather to 2025-02-11T00:00:00+00:00, run_after=2025-02-12T00:00:00+00:00
[2025-02-11T00:11:32.695+0000] {processor.py:178} INFO - Processing /opt/airflow/dags/weather_data_dag.py took 0.669 seconds
[2025-02-11T00:12:02.985+0000] {processor.py:156} INFO - Started process (PID=29644) to work on /opt/airflow/dags/weather_data_dag.py
[2025-02-11T00:12:02.988+0000] {processor.py:799} INFO - Processing file /opt/airflow/dags/weather_data_dag.py for tasks to queue
[2025-02-11T00:12:02.989+0000] {logging_mixin.py:149} INFO - [2025-02-11T00:12:02.989+0000] {dagbag.py:541} INFO - Filling up the DagBag from /opt/airflow/dags/weather_data_dag.py
[2025-02-11T00:12:03.493+0000] {processor.py:809} INFO - DAG(s) dict_keys(['get_current_weather']) retrieved from /opt/airflow/dags/weather_data_dag.py
[2025-02-11T00:12:03.537+0000] {logging_mixin.py:149} INFO - [2025-02-11T00:12:03.537+0000] {dag.py:2726} INFO - Sync 1 DAGs
[2025-02-11T00:12:03.592+0000] {logging_mixin.py:149} INFO - [2025-02-11T00:12:03.592+0000] {dag.py:3486} INFO - Setting next_dagrun for get_current_weather to 2025-02-11T00:00:00+00:00, run_after=2025-02-12T00:00:00+00:00
[2025-02-11T00:12:03.625+0000] {processor.py:178} INFO - Processing /opt/airflow/dags/weather_data_dag.py took 0.644 seconds
[2025-02-11T00:12:33.948+0000] {processor.py:156} INFO - Started process (PID=29649) to work on /opt/airflow/dags/weather_data_dag.py
[2025-02-11T00:12:33.951+0000] {processor.py:799} INFO - Processing file /opt/airflow/dags/weather_data_dag.py for tasks to queue
[2025-02-11T00:12:33.953+0000] {logging_mixin.py:149} INFO - [2025-02-11T00:12:33.952+0000] {dagbag.py:541} INFO - Filling up the DagBag from /opt/airflow/dags/weather_data_dag.py
[2025-02-11T00:12:34.455+0000] {processor.py:809} INFO - DAG(s) dict_keys(['get_current_weather']) retrieved from /opt/airflow/dags/weather_data_dag.py
[2025-02-11T00:12:34.505+0000] {logging_mixin.py:149} INFO - [2025-02-11T00:12:34.504+0000] {dag.py:2726} INFO - Sync 1 DAGs
[2025-02-11T00:12:34.555+0000] {logging_mixin.py:149} INFO - [2025-02-11T00:12:34.555+0000] {dag.py:3486} INFO - Setting next_dagrun for get_current_weather to 2025-02-11T00:00:00+00:00, run_after=2025-02-12T00:00:00+00:00
[2025-02-11T00:12:34.595+0000] {processor.py:178} INFO - Processing /opt/airflow/dags/weather_data_dag.py took 0.651 seconds
[2025-02-11T00:13:04.936+0000] {processor.py:156} INFO - Started process (PID=29654) to work on /opt/airflow/dags/weather_data_dag.py
[2025-02-11T00:13:04.939+0000] {processor.py:799} INFO - Processing file /opt/airflow/dags/weather_data_dag.py for tasks to queue
[2025-02-11T00:13:04.940+0000] {logging_mixin.py:149} INFO - [2025-02-11T00:13:04.940+0000] {dagbag.py:541} INFO - Filling up the DagBag from /opt/airflow/dags/weather_data_dag.py
[2025-02-11T00:13:05.511+0000] {processor.py:809} INFO - DAG(s) dict_keys(['get_current_weather']) retrieved from /opt/airflow/dags/weather_data_dag.py
[2025-02-11T00:13:05.566+0000] {logging_mixin.py:149} INFO - [2025-02-11T00:13:05.566+0000] {dag.py:2726} INFO - Sync 1 DAGs
[2025-02-11T00:13:05.618+0000] {logging_mixin.py:149} INFO - [2025-02-11T00:13:05.618+0000] {dag.py:3486} INFO - Setting next_dagrun for get_current_weather to 2025-02-11T00:00:00+00:00, run_after=2025-02-12T00:00:00+00:00
[2025-02-11T00:13:05.659+0000] {processor.py:178} INFO - Processing /opt/airflow/dags/weather_data_dag.py took 0.727 seconds
[2025-02-11T00:13:35.875+0000] {processor.py:156} INFO - Started process (PID=29659) to work on /opt/airflow/dags/weather_data_dag.py
[2025-02-11T00:13:35.878+0000] {processor.py:799} INFO - Processing file /opt/airflow/dags/weather_data_dag.py for tasks to queue
[2025-02-11T00:13:35.879+0000] {logging_mixin.py:149} INFO - [2025-02-11T00:13:35.879+0000] {dagbag.py:541} INFO - Filling up the DagBag from /opt/airflow/dags/weather_data_dag.py
[2025-02-11T00:13:36.413+0000] {processor.py:809} INFO - DAG(s) dict_keys(['get_current_weather']) retrieved from /opt/airflow/dags/weather_data_dag.py
[2025-02-11T00:13:36.461+0000] {logging_mixin.py:149} INFO - [2025-02-11T00:13:36.460+0000] {dag.py:2726} INFO - Sync 1 DAGs
[2025-02-11T00:13:36.511+0000] {logging_mixin.py:149} INFO - [2025-02-11T00:13:36.511+0000] {dag.py:3486} INFO - Setting next_dagrun for get_current_weather to 2025-02-11T00:00:00+00:00, run_after=2025-02-12T00:00:00+00:00
[2025-02-11T00:13:36.545+0000] {processor.py:178} INFO - Processing /opt/airflow/dags/weather_data_dag.py took 0.675 seconds
[2025-02-11T00:14:06.806+0000] {processor.py:156} INFO - Started process (PID=29664) to work on /opt/airflow/dags/weather_data_dag.py
[2025-02-11T00:14:06.808+0000] {processor.py:799} INFO - Processing file /opt/airflow/dags/weather_data_dag.py for tasks to queue
[2025-02-11T00:14:06.810+0000] {logging_mixin.py:149} INFO - [2025-02-11T00:14:06.810+0000] {dagbag.py:541} INFO - Filling up the DagBag from /opt/airflow/dags/weather_data_dag.py
[2025-02-11T00:14:07.353+0000] {processor.py:809} INFO - DAG(s) dict_keys(['get_current_weather']) retrieved from /opt/airflow/dags/weather_data_dag.py
[2025-02-11T00:14:07.420+0000] {logging_mixin.py:149} INFO - [2025-02-11T00:14:07.419+0000] {dag.py:2726} INFO - Sync 1 DAGs
[2025-02-11T00:14:07.479+0000] {logging_mixin.py:149} INFO - [2025-02-11T00:14:07.479+0000] {dag.py:3486} INFO - Setting next_dagrun for get_current_weather to 2025-02-11T00:00:00+00:00, run_after=2025-02-12T00:00:00+00:00
[2025-02-11T00:14:07.520+0000] {processor.py:178} INFO - Processing /opt/airflow/dags/weather_data_dag.py took 0.718 seconds
[2025-02-11T00:14:37.848+0000] {processor.py:156} INFO - Started process (PID=29669) to work on /opt/airflow/dags/weather_data_dag.py
[2025-02-11T00:14:37.850+0000] {processor.py:799} INFO - Processing file /opt/airflow/dags/weather_data_dag.py for tasks to queue
[2025-02-11T00:14:37.852+0000] {logging_mixin.py:149} INFO - [2025-02-11T00:14:37.852+0000] {dagbag.py:541} INFO - Filling up the DagBag from /opt/airflow/dags/weather_data_dag.py
[2025-02-11T00:14:38.410+0000] {processor.py:809} INFO - DAG(s) dict_keys(['get_current_weather']) retrieved from /opt/airflow/dags/weather_data_dag.py
[2025-02-11T00:14:38.461+0000] {logging_mixin.py:149} INFO - [2025-02-11T00:14:38.460+0000] {dag.py:2726} INFO - Sync 1 DAGs
[2025-02-11T00:14:38.514+0000] {logging_mixin.py:149} INFO - [2025-02-11T00:14:38.514+0000] {dag.py:3486} INFO - Setting next_dagrun for get_current_weather to 2025-02-11T00:00:00+00:00, run_after=2025-02-12T00:00:00+00:00
[2025-02-11T00:14:38.548+0000] {processor.py:178} INFO - Processing /opt/airflow/dags/weather_data_dag.py took 0.705 seconds
[2025-02-11T00:15:08.621+0000] {processor.py:156} INFO - Started process (PID=29674) to work on /opt/airflow/dags/weather_data_dag.py
[2025-02-11T00:15:08.624+0000] {processor.py:799} INFO - Processing file /opt/airflow/dags/weather_data_dag.py for tasks to queue
[2025-02-11T00:15:08.625+0000] {logging_mixin.py:149} INFO - [2025-02-11T00:15:08.625+0000] {dagbag.py:541} INFO - Filling up the DagBag from /opt/airflow/dags/weather_data_dag.py
[2025-02-11T00:15:09.175+0000] {processor.py:809} INFO - DAG(s) dict_keys(['get_current_weather']) retrieved from /opt/airflow/dags/weather_data_dag.py
[2025-02-11T00:15:09.228+0000] {logging_mixin.py:149} INFO - [2025-02-11T00:15:09.228+0000] {dag.py:2726} INFO - Sync 1 DAGs
[2025-02-11T00:15:09.285+0000] {logging_mixin.py:149} INFO - [2025-02-11T00:15:09.285+0000] {dag.py:3486} INFO - Setting next_dagrun for get_current_weather to 2025-02-11T00:00:00+00:00, run_after=2025-02-12T00:00:00+00:00
[2025-02-11T00:15:09.319+0000] {processor.py:178} INFO - Processing /opt/airflow/dags/weather_data_dag.py took 0.703 seconds
[2025-02-11T00:15:39.593+0000] {processor.py:156} INFO - Started process (PID=29679) to work on /opt/airflow/dags/weather_data_dag.py
[2025-02-11T00:15:39.596+0000] {processor.py:799} INFO - Processing file /opt/airflow/dags/weather_data_dag.py for tasks to queue
[2025-02-11T00:15:39.599+0000] {logging_mixin.py:149} INFO - [2025-02-11T00:15:39.599+0000] {dagbag.py:541} INFO - Filling up the DagBag from /opt/airflow/dags/weather_data_dag.py
[2025-02-11T00:15:40.136+0000] {processor.py:809} INFO - DAG(s) dict_keys(['get_current_weather']) retrieved from /opt/airflow/dags/weather_data_dag.py
[2025-02-11T00:15:40.182+0000] {logging_mixin.py:149} INFO - [2025-02-11T00:15:40.181+0000] {dag.py:2726} INFO - Sync 1 DAGs
[2025-02-11T00:15:40.230+0000] {logging_mixin.py:149} INFO - [2025-02-11T00:15:40.229+0000] {dag.py:3486} INFO - Setting next_dagrun for get_current_weather to 2025-02-11T00:00:00+00:00, run_after=2025-02-12T00:00:00+00:00
[2025-02-11T00:15:40.262+0000] {processor.py:178} INFO - Processing /opt/airflow/dags/weather_data_dag.py took 0.673 seconds
[2025-02-11T00:16:10.323+0000] {processor.py:156} INFO - Started process (PID=29684) to work on /opt/airflow/dags/weather_data_dag.py
[2025-02-11T00:16:10.325+0000] {processor.py:799} INFO - Processing file /opt/airflow/dags/weather_data_dag.py for tasks to queue
[2025-02-11T00:16:10.327+0000] {logging_mixin.py:149} INFO - [2025-02-11T00:16:10.327+0000] {dagbag.py:541} INFO - Filling up the DagBag from /opt/airflow/dags/weather_data_dag.py
[2025-02-11T00:16:10.882+0000] {processor.py:809} INFO - DAG(s) dict_keys(['get_current_weather']) retrieved from /opt/airflow/dags/weather_data_dag.py
[2025-02-11T00:16:10.943+0000] {logging_mixin.py:149} INFO - [2025-02-11T00:16:10.943+0000] {dag.py:2726} INFO - Sync 1 DAGs
[2025-02-11T00:16:11.000+0000] {logging_mixin.py:149} INFO - [2025-02-11T00:16:11.000+0000] {dag.py:3486} INFO - Setting next_dagrun for get_current_weather to 2025-02-11T00:00:00+00:00, run_after=2025-02-12T00:00:00+00:00
[2025-02-11T00:16:11.047+0000] {processor.py:178} INFO - Processing /opt/airflow/dags/weather_data_dag.py took 0.729 seconds
[2025-02-11T00:16:41.353+0000] {processor.py:156} INFO - Started process (PID=29689) to work on /opt/airflow/dags/weather_data_dag.py
[2025-02-11T00:16:41.356+0000] {processor.py:799} INFO - Processing file /opt/airflow/dags/weather_data_dag.py for tasks to queue
[2025-02-11T00:16:41.357+0000] {logging_mixin.py:149} INFO - [2025-02-11T00:16:41.357+0000] {dagbag.py:541} INFO - Filling up the DagBag from /opt/airflow/dags/weather_data_dag.py
[2025-02-11T00:16:41.917+0000] {processor.py:809} INFO - DAG(s) dict_keys(['get_current_weather']) retrieved from /opt/airflow/dags/weather_data_dag.py
[2025-02-11T00:16:41.972+0000] {logging_mixin.py:149} INFO - [2025-02-11T00:16:41.972+0000] {dag.py:2726} INFO - Sync 1 DAGs
[2025-02-11T00:16:42.027+0000] {logging_mixin.py:149} INFO - [2025-02-11T00:16:42.027+0000] {dag.py:3486} INFO - Setting next_dagrun for get_current_weather to 2025-02-11T00:00:00+00:00, run_after=2025-02-12T00:00:00+00:00
[2025-02-11T00:16:42.087+0000] {processor.py:178} INFO - Processing /opt/airflow/dags/weather_data_dag.py took 0.739 seconds
[2025-02-11T00:17:12.843+0000] {processor.py:156} INFO - Started process (PID=29694) to work on /opt/airflow/dags/weather_data_dag.py
[2025-02-11T00:17:12.845+0000] {processor.py:799} INFO - Processing file /opt/airflow/dags/weather_data_dag.py for tasks to queue
[2025-02-11T00:17:12.848+0000] {logging_mixin.py:149} INFO - [2025-02-11T00:17:12.848+0000] {dagbag.py:541} INFO - Filling up the DagBag from /opt/airflow/dags/weather_data_dag.py
[2025-02-11T00:17:13.386+0000] {processor.py:809} INFO - DAG(s) dict_keys(['get_current_weather']) retrieved from /opt/airflow/dags/weather_data_dag.py
[2025-02-11T00:17:13.438+0000] {logging_mixin.py:149} INFO - [2025-02-11T00:17:13.438+0000] {dag.py:2726} INFO - Sync 1 DAGs
[2025-02-11T00:17:13.491+0000] {logging_mixin.py:149} INFO - [2025-02-11T00:17:13.490+0000] {dag.py:3486} INFO - Setting next_dagrun for get_current_weather to 2025-02-11T00:00:00+00:00, run_after=2025-02-12T00:00:00+00:00
[2025-02-11T00:17:13.541+0000] {processor.py:178} INFO - Processing /opt/airflow/dags/weather_data_dag.py took 0.703 seconds
[2025-02-11T00:17:43.837+0000] {processor.py:156} INFO - Started process (PID=29699) to work on /opt/airflow/dags/weather_data_dag.py
[2025-02-11T00:17:43.839+0000] {processor.py:799} INFO - Processing file /opt/airflow/dags/weather_data_dag.py for tasks to queue
[2025-02-11T00:17:43.841+0000] {logging_mixin.py:149} INFO - [2025-02-11T00:17:43.841+0000] {dagbag.py:541} INFO - Filling up the DagBag from /opt/airflow/dags/weather_data_dag.py
[2025-02-11T00:17:44.402+0000] {processor.py:809} INFO - DAG(s) dict_keys(['get_current_weather']) retrieved from /opt/airflow/dags/weather_data_dag.py
[2025-02-11T00:17:44.453+0000] {logging_mixin.py:149} INFO - [2025-02-11T00:17:44.453+0000] {dag.py:2726} INFO - Sync 1 DAGs
[2025-02-11T00:17:44.503+0000] {logging_mixin.py:149} INFO - [2025-02-11T00:17:44.502+0000] {dag.py:3486} INFO - Setting next_dagrun for get_current_weather to 2025-02-11T00:00:00+00:00, run_after=2025-02-12T00:00:00+00:00
[2025-02-11T00:17:44.541+0000] {processor.py:178} INFO - Processing /opt/airflow/dags/weather_data_dag.py took 0.709 seconds
[2025-02-11T00:18:14.833+0000] {processor.py:156} INFO - Started process (PID=29704) to work on /opt/airflow/dags/weather_data_dag.py
[2025-02-11T00:18:14.837+0000] {processor.py:799} INFO - Processing file /opt/airflow/dags/weather_data_dag.py for tasks to queue
[2025-02-11T00:18:14.839+0000] {logging_mixin.py:149} INFO - [2025-02-11T00:18:14.838+0000] {dagbag.py:541} INFO - Filling up the DagBag from /opt/airflow/dags/weather_data_dag.py
[2025-02-11T00:18:15.431+0000] {processor.py:809} INFO - DAG(s) dict_keys(['get_current_weather']) retrieved from /opt/airflow/dags/weather_data_dag.py
[2025-02-11T00:18:15.482+0000] {logging_mixin.py:149} INFO - [2025-02-11T00:18:15.482+0000] {dag.py:2726} INFO - Sync 1 DAGs
[2025-02-11T00:18:15.543+0000] {logging_mixin.py:149} INFO - [2025-02-11T00:18:15.542+0000] {dag.py:3486} INFO - Setting next_dagrun for get_current_weather to 2025-02-11T00:00:00+00:00, run_after=2025-02-12T00:00:00+00:00
[2025-02-11T00:18:15.580+0000] {processor.py:178} INFO - Processing /opt/airflow/dags/weather_data_dag.py took 0.755 seconds
[2025-02-11T00:18:45.845+0000] {processor.py:156} INFO - Started process (PID=29709) to work on /opt/airflow/dags/weather_data_dag.py
[2025-02-11T00:18:45.847+0000] {processor.py:799} INFO - Processing file /opt/airflow/dags/weather_data_dag.py for tasks to queue
[2025-02-11T00:18:45.849+0000] {logging_mixin.py:149} INFO - [2025-02-11T00:18:45.849+0000] {dagbag.py:541} INFO - Filling up the DagBag from /opt/airflow/dags/weather_data_dag.py
[2025-02-11T00:18:46.509+0000] {processor.py:809} INFO - DAG(s) dict_keys(['get_current_weather']) retrieved from /opt/airflow/dags/weather_data_dag.py
[2025-02-11T00:18:46.582+0000] {logging_mixin.py:149} INFO - [2025-02-11T00:18:46.582+0000] {dag.py:2726} INFO - Sync 1 DAGs
[2025-02-11T00:18:46.644+0000] {logging_mixin.py:149} INFO - [2025-02-11T00:18:46.644+0000] {dag.py:3486} INFO - Setting next_dagrun for get_current_weather to 2025-02-11T00:00:00+00:00, run_after=2025-02-12T00:00:00+00:00
[2025-02-11T00:18:46.708+0000] {processor.py:178} INFO - Processing /opt/airflow/dags/weather_data_dag.py took 0.869 seconds
[2025-02-11T00:19:17.277+0000] {processor.py:156} INFO - Started process (PID=29714) to work on /opt/airflow/dags/weather_data_dag.py
[2025-02-11T00:19:17.280+0000] {processor.py:799} INFO - Processing file /opt/airflow/dags/weather_data_dag.py for tasks to queue
[2025-02-11T00:19:17.282+0000] {logging_mixin.py:149} INFO - [2025-02-11T00:19:17.282+0000] {dagbag.py:541} INFO - Filling up the DagBag from /opt/airflow/dags/weather_data_dag.py
[2025-02-11T00:19:17.859+0000] {processor.py:809} INFO - DAG(s) dict_keys(['get_current_weather']) retrieved from /opt/airflow/dags/weather_data_dag.py
[2025-02-11T00:19:17.912+0000] {logging_mixin.py:149} INFO - [2025-02-11T00:19:17.911+0000] {dag.py:2726} INFO - Sync 1 DAGs
[2025-02-11T00:19:17.964+0000] {logging_mixin.py:149} INFO - [2025-02-11T00:19:17.964+0000] {dag.py:3486} INFO - Setting next_dagrun for get_current_weather to 2025-02-11T00:00:00+00:00, run_after=2025-02-12T00:00:00+00:00
[2025-02-11T00:19:18.008+0000] {processor.py:178} INFO - Processing /opt/airflow/dags/weather_data_dag.py took 0.734 seconds
[2025-02-11T00:19:48.312+0000] {processor.py:156} INFO - Started process (PID=29719) to work on /opt/airflow/dags/weather_data_dag.py
[2025-02-11T00:19:48.315+0000] {processor.py:799} INFO - Processing file /opt/airflow/dags/weather_data_dag.py for tasks to queue
[2025-02-11T00:19:48.316+0000] {logging_mixin.py:149} INFO - [2025-02-11T00:19:48.316+0000] {dagbag.py:541} INFO - Filling up the DagBag from /opt/airflow/dags/weather_data_dag.py
[2025-02-11T00:19:48.885+0000] {processor.py:809} INFO - DAG(s) dict_keys(['get_current_weather']) retrieved from /opt/airflow/dags/weather_data_dag.py
[2025-02-11T00:19:48.930+0000] {logging_mixin.py:149} INFO - [2025-02-11T00:19:48.929+0000] {dag.py:2726} INFO - Sync 1 DAGs
[2025-02-11T00:19:48.976+0000] {logging_mixin.py:149} INFO - [2025-02-11T00:19:48.975+0000] {dag.py:3486} INFO - Setting next_dagrun for get_current_weather to 2025-02-11T00:00:00+00:00, run_after=2025-02-12T00:00:00+00:00
[2025-02-11T00:19:49.009+0000] {processor.py:178} INFO - Processing /opt/airflow/dags/weather_data_dag.py took 0.702 seconds
[2025-02-11T00:20:19.229+0000] {processor.py:156} INFO - Started process (PID=29724) to work on /opt/airflow/dags/weather_data_dag.py
[2025-02-11T00:20:19.231+0000] {processor.py:799} INFO - Processing file /opt/airflow/dags/weather_data_dag.py for tasks to queue
[2025-02-11T00:20:19.233+0000] {logging_mixin.py:149} INFO - [2025-02-11T00:20:19.233+0000] {dagbag.py:541} INFO - Filling up the DagBag from /opt/airflow/dags/weather_data_dag.py
[2025-02-11T00:20:19.746+0000] {processor.py:809} INFO - DAG(s) dict_keys(['get_current_weather']) retrieved from /opt/airflow/dags/weather_data_dag.py
[2025-02-11T00:20:19.802+0000] {logging_mixin.py:149} INFO - [2025-02-11T00:20:19.801+0000] {dag.py:2726} INFO - Sync 1 DAGs
[2025-02-11T00:20:19.851+0000] {logging_mixin.py:149} INFO - [2025-02-11T00:20:19.851+0000] {dag.py:3486} INFO - Setting next_dagrun for get_current_weather to 2025-02-11T00:00:00+00:00, run_after=2025-02-12T00:00:00+00:00
[2025-02-11T00:20:19.892+0000] {processor.py:178} INFO - Processing /opt/airflow/dags/weather_data_dag.py took 0.667 seconds
[2025-02-11T00:20:50.080+0000] {processor.py:156} INFO - Started process (PID=29729) to work on /opt/airflow/dags/weather_data_dag.py
[2025-02-11T00:20:50.082+0000] {processor.py:799} INFO - Processing file /opt/airflow/dags/weather_data_dag.py for tasks to queue
[2025-02-11T00:20:50.085+0000] {logging_mixin.py:149} INFO - [2025-02-11T00:20:50.084+0000] {dagbag.py:541} INFO - Filling up the DagBag from /opt/airflow/dags/weather_data_dag.py
[2025-02-11T00:20:50.608+0000] {processor.py:809} INFO - DAG(s) dict_keys(['get_current_weather']) retrieved from /opt/airflow/dags/weather_data_dag.py
[2025-02-11T00:20:50.654+0000] {logging_mixin.py:149} INFO - [2025-02-11T00:20:50.654+0000] {dag.py:2726} INFO - Sync 1 DAGs
[2025-02-11T00:20:50.707+0000] {logging_mixin.py:149} INFO - [2025-02-11T00:20:50.707+0000] {dag.py:3486} INFO - Setting next_dagrun for get_current_weather to 2025-02-11T00:00:00+00:00, run_after=2025-02-12T00:00:00+00:00
[2025-02-11T00:20:50.744+0000] {processor.py:178} INFO - Processing /opt/airflow/dags/weather_data_dag.py took 0.668 seconds
[2025-02-11T00:21:21.018+0000] {processor.py:156} INFO - Started process (PID=29734) to work on /opt/airflow/dags/weather_data_dag.py
[2025-02-11T00:21:21.021+0000] {processor.py:799} INFO - Processing file /opt/airflow/dags/weather_data_dag.py for tasks to queue
[2025-02-11T00:21:21.022+0000] {logging_mixin.py:149} INFO - [2025-02-11T00:21:21.022+0000] {dagbag.py:541} INFO - Filling up the DagBag from /opt/airflow/dags/weather_data_dag.py
[2025-02-11T00:21:21.579+0000] {processor.py:809} INFO - DAG(s) dict_keys(['get_current_weather']) retrieved from /opt/airflow/dags/weather_data_dag.py
[2025-02-11T00:21:21.636+0000] {logging_mixin.py:149} INFO - [2025-02-11T00:21:21.636+0000] {dag.py:2726} INFO - Sync 1 DAGs
[2025-02-11T00:21:21.694+0000] {logging_mixin.py:149} INFO - [2025-02-11T00:21:21.694+0000] {dag.py:3486} INFO - Setting next_dagrun for get_current_weather to 2025-02-11T00:00:00+00:00, run_after=2025-02-12T00:00:00+00:00
[2025-02-11T00:21:21.735+0000] {processor.py:178} INFO - Processing /opt/airflow/dags/weather_data_dag.py took 0.722 seconds
[2025-02-11T00:21:52.027+0000] {processor.py:156} INFO - Started process (PID=29739) to work on /opt/airflow/dags/weather_data_dag.py
[2025-02-11T00:21:52.030+0000] {processor.py:799} INFO - Processing file /opt/airflow/dags/weather_data_dag.py for tasks to queue
[2025-02-11T00:21:52.033+0000] {logging_mixin.py:149} INFO - [2025-02-11T00:21:52.033+0000] {dagbag.py:541} INFO - Filling up the DagBag from /opt/airflow/dags/weather_data_dag.py
[2025-02-11T00:21:52.542+0000] {processor.py:809} INFO - DAG(s) dict_keys(['get_current_weather']) retrieved from /opt/airflow/dags/weather_data_dag.py
[2025-02-11T00:21:52.588+0000] {logging_mixin.py:149} INFO - [2025-02-11T00:21:52.587+0000] {dag.py:2726} INFO - Sync 1 DAGs
[2025-02-11T00:21:52.635+0000] {logging_mixin.py:149} INFO - [2025-02-11T00:21:52.635+0000] {dag.py:3486} INFO - Setting next_dagrun for get_current_weather to 2025-02-11T00:00:00+00:00, run_after=2025-02-12T00:00:00+00:00
[2025-02-11T00:21:52.669+0000] {processor.py:178} INFO - Processing /opt/airflow/dags/weather_data_dag.py took 0.647 seconds
[2025-02-11T00:22:23.003+0000] {processor.py:156} INFO - Started process (PID=29744) to work on /opt/airflow/dags/weather_data_dag.py
[2025-02-11T00:22:23.006+0000] {processor.py:799} INFO - Processing file /opt/airflow/dags/weather_data_dag.py for tasks to queue
[2025-02-11T00:22:23.007+0000] {logging_mixin.py:149} INFO - [2025-02-11T00:22:23.007+0000] {dagbag.py:541} INFO - Filling up the DagBag from /opt/airflow/dags/weather_data_dag.py
[2025-02-11T00:22:23.535+0000] {processor.py:809} INFO - DAG(s) dict_keys(['get_current_weather']) retrieved from /opt/airflow/dags/weather_data_dag.py
[2025-02-11T00:22:23.584+0000] {logging_mixin.py:149} INFO - [2025-02-11T00:22:23.584+0000] {dag.py:2726} INFO - Sync 1 DAGs
[2025-02-11T00:22:23.629+0000] {logging_mixin.py:149} INFO - [2025-02-11T00:22:23.629+0000] {dag.py:3486} INFO - Setting next_dagrun for get_current_weather to 2025-02-11T00:00:00+00:00, run_after=2025-02-12T00:00:00+00:00
[2025-02-11T00:22:23.663+0000] {processor.py:178} INFO - Processing /opt/airflow/dags/weather_data_dag.py took 0.664 seconds
[2025-02-11T00:22:54.309+0000] {processor.py:156} INFO - Started process (PID=29749) to work on /opt/airflow/dags/weather_data_dag.py
[2025-02-11T00:22:54.311+0000] {processor.py:799} INFO - Processing file /opt/airflow/dags/weather_data_dag.py for tasks to queue
[2025-02-11T00:22:54.313+0000] {logging_mixin.py:149} INFO - [2025-02-11T00:22:54.313+0000] {dagbag.py:541} INFO - Filling up the DagBag from /opt/airflow/dags/weather_data_dag.py
[2025-02-11T00:22:54.816+0000] {processor.py:809} INFO - DAG(s) dict_keys(['get_current_weather']) retrieved from /opt/airflow/dags/weather_data_dag.py
[2025-02-11T00:22:54.866+0000] {logging_mixin.py:149} INFO - [2025-02-11T00:22:54.865+0000] {dag.py:2726} INFO - Sync 1 DAGs
[2025-02-11T00:22:54.919+0000] {logging_mixin.py:149} INFO - [2025-02-11T00:22:54.919+0000] {dag.py:3486} INFO - Setting next_dagrun for get_current_weather to 2025-02-11T00:00:00+00:00, run_after=2025-02-12T00:00:00+00:00
[2025-02-11T00:22:54.960+0000] {processor.py:178} INFO - Processing /opt/airflow/dags/weather_data_dag.py took 0.656 seconds
[2025-02-11T00:23:25.257+0000] {processor.py:156} INFO - Started process (PID=29754) to work on /opt/airflow/dags/weather_data_dag.py
[2025-02-11T00:23:25.259+0000] {processor.py:799} INFO - Processing file /opt/airflow/dags/weather_data_dag.py for tasks to queue
[2025-02-11T00:23:25.261+0000] {logging_mixin.py:149} INFO - [2025-02-11T00:23:25.261+0000] {dagbag.py:541} INFO - Filling up the DagBag from /opt/airflow/dags/weather_data_dag.py
[2025-02-11T00:23:25.744+0000] {processor.py:809} INFO - DAG(s) dict_keys(['get_current_weather']) retrieved from /opt/airflow/dags/weather_data_dag.py
[2025-02-11T00:23:25.796+0000] {logging_mixin.py:149} INFO - [2025-02-11T00:23:25.796+0000] {dag.py:2726} INFO - Sync 1 DAGs
[2025-02-11T00:23:25.850+0000] {logging_mixin.py:149} INFO - [2025-02-11T00:23:25.850+0000] {dag.py:3486} INFO - Setting next_dagrun for get_current_weather to 2025-02-11T00:00:00+00:00, run_after=2025-02-12T00:00:00+00:00
[2025-02-11T00:23:25.890+0000] {processor.py:178} INFO - Processing /opt/airflow/dags/weather_data_dag.py took 0.638 seconds
[2025-02-11T02:48:57.373+0000] {processor.py:156} INFO - Started process (PID=29759) to work on /opt/airflow/dags/weather_data_dag.py
[2025-02-11T02:49:04.074+0000] {processor.py:799} INFO - Processing file /opt/airflow/dags/weather_data_dag.py for tasks to queue
[2025-02-11T02:49:05.346+0000] {logging_mixin.py:149} INFO - [2025-02-11T02:49:05.344+0000] {dagbag.py:541} INFO - Filling up the DagBag from /opt/airflow/dags/weather_data_dag.py
[2025-02-11T02:49:45.035+0000] {logging_mixin.py:149} INFO - [2025-02-11T02:49:42.497+0000] {timeout.py:68} ERROR - Process timed out, PID: 29759
